{"/mnt/c/python/gtd/src/frontend/src/app/api/dashboard/stats/route.ts": {"path":"/mnt/c/python/gtd/src/frontend/src/app/api/dashboard/stats/route.ts","statementMap":{"0":{"start":{"line":14,"column":22},"end":{"line":14,"column":26}},"1":{"start":{"line":1,"column":42},"end":{"line":1,"column":null}},"2":{"start":{"line":2,"column":27},"end":{"line":2,"column":null}},"3":{"start":{"line":3,"column":38},"end":{"line":3,"column":null}},"4":{"start":{"line":15,"column":2},"end":{"line":44,"column":null}},"5":{"start":{"line":17,"column":20},"end":{"line":17,"column":null}},"6":{"start":{"line":18,"column":4},"end":{"line":20,"column":null}},"7":{"start":{"line":19,"column":6},"end":{"line":19,"column":null}},"8":{"start":{"line":22,"column":34},"end":{"line":22,"column":null}},"9":{"start":{"line":25,"column":18},"end":{"line":25,"column":null}},"10":{"start":{"line":28,"column":4},"end":{"line":32,"column":null}},"11":{"start":{"line":35,"column":4},"end":{"line":35,"column":null}},"12":{"start":{"line":38,"column":4},"end":{"line":38,"column":null}},"13":{"start":{"line":40,"column":4},"end":{"line":42,"column":null}}},"fnMap":{"0":{"name":"GET","decl":{"start":{"line":14,"column":22},"end":{"line":14,"column":26}},"loc":{"start":{"line":14,"column":46},"end":{"line":45,"column":null}}}},"branchMap":{"0":{"loc":{"start":{"line":18,"column":4},"end":{"line":20,"column":null}},"type":"if","locations":[{"start":{"line":18,"column":4},"end":{"line":20,"column":null}}]}},"s":{"0":0,"1":0,"2":0,"3":0,"4":0,"5":0,"6":0,"7":0,"8":0,"9":0,"10":0,"11":0,"12":0,"13":0},"f":{"0":0},"b":{"0":[0]}}
,"/mnt/c/python/gtd/src/frontend/src/app/api/fields/route.ts": {"path":"/mnt/c/python/gtd/src/frontend/src/app/api/fields/route.ts","statementMap":{"0":{"start":{"line":14,"column":22},"end":{"line":14,"column":26}},"1":{"start":{"line":1,"column":42},"end":{"line":1,"column":null}},"2":{"start":{"line":2,"column":27},"end":{"line":2,"column":null}},"3":{"start":{"line":3,"column":38},"end":{"line":3,"column":null}},"4":{"start":{"line":15,"column":2},"end":{"line":65,"column":null}},"5":{"start":{"line":17,"column":20},"end":{"line":17,"column":null}},"6":{"start":{"line":18,"column":4},"end":{"line":20,"column":null}},"7":{"start":{"line":19,"column":6},"end":{"line":19,"column":null}},"8":{"start":{"line":22,"column":34},"end":{"line":22,"column":null}},"9":{"start":{"line":25,"column":29},"end":{"line":25,"column":null}},"10":{"start":{"line":26,"column":18},"end":{"line":26,"column":null}},"11":{"start":{"line":27,"column":19},"end":{"line":27,"column":null}},"12":{"start":{"line":30,"column":26},"end":{"line":30,"column":null}},"13":{"start":{"line":33,"column":30},"end":{"line":33,"column":79}},"14":{"start":{"line":35,"column":19},"end":{"line":47,"column":null}},"15":{"start":{"line":36,"column":52},"end":{"line":43,"column":null}},"16":{"start":{"line":50,"column":4},"end":{"line":53,"column":null}},"17":{"start":{"line":56,"column":4},"end":{"line":56,"column":null}},"18":{"start":{"line":59,"column":4},"end":{"line":59,"column":null}},"19":{"start":{"line":61,"column":4},"end":{"line":63,"column":null}}},"fnMap":{"0":{"name":"GET","decl":{"start":{"line":14,"column":22},"end":{"line":14,"column":26}},"loc":{"start":{"line":14,"column":46},"end":{"line":66,"column":null}}},"1":{"name":"(anonymous_2)","decl":{"start":{"line":36,"column":35},"end":{"line":36,"column":36}},"loc":{"start":{"line":36,"column":52},"end":{"line":43,"column":null}}}},"branchMap":{"0":{"loc":{"start":{"line":18,"column":4},"end":{"line":20,"column":null}},"type":"if","locations":[{"start":{"line":18,"column":4},"end":{"line":20,"column":null}}]},"1":{"loc":{"start":{"line":26,"column":27},"end":{"line":26,"column":null}},"type":"binary-expr","locations":[{"start":{"line":26,"column":27},"end":{"line":26,"column":56}},{"start":{"line":26,"column":56},"end":{"line":26,"column":null}}]},"2":{"loc":{"start":{"line":27,"column":28},"end":{"line":27,"column":null}},"type":"binary-expr","locations":[{"start":{"line":27,"column":28},"end":{"line":27,"column":58}},{"start":{"line":27,"column":58},"end":{"line":27,"column":null}}]},"3":{"loc":{"start":{"line":33,"column":30},"end":{"line":33,"column":79}},"type":"cond-expr","locations":[{"start":{"line":33,"column":61},"end":{"line":33,"column":77}},{"start":{"line":33,"column":77},"end":{"line":33,"column":79}}]},"4":{"loc":{"start":{"line":38,"column":14},"end":{"line":38,"column":67}},"type":"binary-expr","locations":[{"start":{"line":38,"column":14},"end":{"line":38,"column":24}},{"start":{"line":38,"column":28},"end":{"line":38,"column":44}},{"start":{"line":38,"column":48},"end":{"line":38,"column":67}}]},"5":{"loc":{"start":{"line":39,"column":20},"end":{"line":39,"column":73}},"type":"binary-expr","locations":[{"start":{"line":39,"column":20},"end":{"line":39,"column":30}},{"start":{"line":39,"column":34},"end":{"line":39,"column":50}},{"start":{"line":39,"column":54},"end":{"line":39,"column":73}}]},"6":{"loc":{"start":{"line":40,"column":21},"end":{"line":40,"column":null}},"type":"binary-expr","locations":[{"start":{"line":40,"column":21},"end":{"line":40,"column":38}},{"start":{"line":40,"column":42},"end":{"line":40,"column":null}}]}},"s":{"0":0,"1":0,"2":0,"3":0,"4":0,"5":0,"6":0,"7":0,"8":0,"9":0,"10":0,"11":0,"12":0,"13":0,"14":0,"15":0,"16":0,"17":0,"18":0,"19":0},"f":{"0":0,"1":0},"b":{"0":[0],"1":[0,0],"2":[0,0],"3":[0,0],"4":[0,0,0],"5":[0,0,0],"6":[0,0]}}
,"/mnt/c/python/gtd/src/frontend/src/app/api/projects/route.ts": {"path":"/mnt/c/python/gtd/src/frontend/src/app/api/projects/route.ts","statementMap":{"0":{"start":{"line":14,"column":22},"end":{"line":14,"column":26}},"1":{"start":{"line":1,"column":42},"end":{"line":1,"column":null}},"2":{"start":{"line":2,"column":27},"end":{"line":2,"column":null}},"3":{"start":{"line":3,"column":38},"end":{"line":3,"column":null}},"4":{"start":{"line":15,"column":2},"end":{"line":112,"column":null}},"5":{"start":{"line":17,"column":20},"end":{"line":17,"column":null}},"6":{"start":{"line":18,"column":4},"end":{"line":20,"column":null}},"7":{"start":{"line":19,"column":6},"end":{"line":19,"column":null}},"8":{"start":{"line":22,"column":34},"end":{"line":22,"column":null}},"9":{"start":{"line":25,"column":29},"end":{"line":25,"column":null}},"10":{"start":{"line":26,"column":26},"end":{"line":26,"column":null}},"11":{"start":{"line":27,"column":18},"end":{"line":27,"column":null}},"12":{"start":{"line":28,"column":19},"end":{"line":28,"column":null}},"13":{"start":{"line":29,"column":19},"end":{"line":29,"column":null}},"14":{"start":{"line":32,"column":40},"end":{"line":36,"column":null}},"15":{"start":{"line":39,"column":4},"end":{"line":42,"column":null}},"16":{"start":{"line":41,"column":6},"end":{"line":41,"column":null}},"17":{"start":{"line":44,"column":4},"end":{"line":46,"column":null}},"18":{"start":{"line":45,"column":6},"end":{"line":45,"column":null}},"19":{"start":{"line":49,"column":28},"end":{"line":49,"column":null}},"20":{"start":{"line":52,"column":32},"end":{"line":52,"column":85}},"21":{"start":{"line":56,"column":24},"end":{"line":56,"column":null}},"22":{"start":{"line":57,"column":4},"end":{"line":57,"column":null}},"23":{"start":{"line":58,"column":4},"end":{"line":58,"column":null}},"24":{"start":{"line":62,"column":21},"end":{"line":62,"column":47}},"25":{"start":{"line":65,"column":4},"end":{"line":71,"column":null}},"26":{"start":{"line":68,"column":32},"end":{"line":68,"column":null}},"27":{"start":{"line":69,"column":26},"end":{"line":69,"column":null}},"28":{"start":{"line":70,"column":6},"end":{"line":70,"column":null}},"29":{"start":{"line":73,"column":21},"end":{"line":92,"column":null}},"30":{"start":{"line":74,"column":56},"end":{"line":86,"column":null}},"31":{"start":{"line":95,"column":4},"end":{"line":100,"column":null}},"32":{"start":{"line":103,"column":4},"end":{"line":103,"column":null}},"33":{"start":{"line":106,"column":4},"end":{"line":106,"column":null}},"34":{"start":{"line":108,"column":4},"end":{"line":110,"column":null}}},"fnMap":{"0":{"name":"GET","decl":{"start":{"line":14,"column":22},"end":{"line":14,"column":26}},"loc":{"start":{"line":14,"column":46},"end":{"line":113,"column":null}}},"1":{"name":"(anonymous_2)","decl":{"start":{"line":74,"column":37},"end":{"line":74,"column":38}},"loc":{"start":{"line":74,"column":56},"end":{"line":86,"column":null}}}},"branchMap":{"0":{"loc":{"start":{"line":18,"column":4},"end":{"line":20,"column":null}},"type":"if","locations":[{"start":{"line":18,"column":4},"end":{"line":20,"column":null}}]},"1":{"loc":{"start":{"line":27,"column":27},"end":{"line":27,"column":null}},"type":"binary-expr","locations":[{"start":{"line":27,"column":27},"end":{"line":27,"column":56}},{"start":{"line":27,"column":56},"end":{"line":27,"column":null}}]},"2":{"loc":{"start":{"line":28,"column":28},"end":{"line":28,"column":null}},"type":"binary-expr","locations":[{"start":{"line":28,"column":28},"end":{"line":28,"column":58}},{"start":{"line":28,"column":58},"end":{"line":28,"column":null}}]},"3":{"loc":{"start":{"line":29,"column":19},"end":{"line":29,"column":null}},"type":"binary-expr","locations":[{"start":{"line":29,"column":19},"end":{"line":29,"column":49}},{"start":{"line":29,"column":49},"end":{"line":29,"column":null}}]},"4":{"loc":{"start":{"line":39,"column":4},"end":{"line":42,"column":null}},"type":"if","locations":[{"start":{"line":39,"column":4},"end":{"line":42,"column":null}}]},"5":{"loc":{"start":{"line":44,"column":4},"end":{"line":46,"column":null}},"type":"if","locations":[{"start":{"line":44,"column":4},"end":{"line":46,"column":null}}]},"6":{"loc":{"start":{"line":52,"column":32},"end":{"line":52,"column":85}},"type":"cond-expr","locations":[{"start":{"line":52,"column":65},"end":{"line":52,"column":83}},{"start":{"line":52,"column":83},"end":{"line":52,"column":85}}]},"7":{"loc":{"start":{"line":65,"column":4},"end":{"line":71,"column":null}},"type":"if","locations":[{"start":{"line":65,"column":4},"end":{"line":71,"column":null}}]},"8":{"loc":{"start":{"line":70,"column":19},"end":{"line":70,"column":null}},"type":"cond-expr","locations":[{"start":{"line":70,"column":48},"end":{"line":70,"column":66}},{"start":{"line":70,"column":69},"end":{"line":70,"column":null}}]},"9":{"loc":{"start":{"line":76,"column":22},"end":{"line":76,"column":85}},"type":"binary-expr","locations":[{"start":{"line":76,"column":22},"end":{"line":76,"column":34}},{"start":{"line":76,"column":38},"end":{"line":76,"column":58}},{"start":{"line":76,"column":62},"end":{"line":76,"column":85}}]},"10":{"loc":{"start":{"line":78,"column":17},"end":{"line":78,"column":null}},"type":"binary-expr","locations":[{"start":{"line":78,"column":17},"end":{"line":78,"column":32}},{"start":{"line":78,"column":36},"end":{"line":78,"column":null}}]},"11":{"loc":{"start":{"line":81,"column":20},"end":{"line":81,"column":null}},"type":"binary-expr","locations":[{"start":{"line":81,"column":20},"end":{"line":81,"column":38}},{"start":{"line":81,"column":42},"end":{"line":81,"column":null}}]},"12":{"loc":{"start":{"line":96,"column":13},"end":{"line":96,"column":null}},"type":"binary-expr","locations":[{"start":{"line":96,"column":13},"end":{"line":96,"column":39}},{"start":{"line":96,"column":39},"end":{"line":96,"column":null}}]},"13":{"loc":{"start":{"line":97,"column":13},"end":{"line":97,"column":null}},"type":"binary-expr","locations":[{"start":{"line":97,"column":13},"end":{"line":97,"column":27}},{"start":{"line":97,"column":31},"end":{"line":97,"column":null}}]}},"s":{"0":0,"1":0,"2":0,"3":0,"4":0,"5":0,"6":0,"7":0,"8":0,"9":0,"10":0,"11":0,"12":0,"13":0,"14":0,"15":0,"16":0,"17":0,"18":0,"19":0,"20":0,"21":0,"22":0,"23":0,"24":0,"25":0,"26":0,"27":0,"28":0,"29":0,"30":0,"31":0,"32":0,"33":0,"34":0},"f":{"0":0,"1":0},"b":{"0":[0],"1":[0,0],"2":[0,0],"3":[0,0],"4":[0],"5":[0],"6":[0,0],"7":[0],"8":[0,0],"9":[0,0,0],"10":[0,0],"11":[0,0],"12":[0,0],"13":[0,0]}}
,"/mnt/c/python/gtd/src/frontend/src/app/api/projects/[id]/route.ts": {"path":"/mnt/c/python/gtd/src/frontend/src/app/api/projects/[id]/route.ts","statementMap":{"0":{"start":{"line":14,"column":22},"end":{"line":14,"column":null}},"1":{"start":{"line":1,"column":42},"end":{"line":1,"column":null}},"2":{"start":{"line":2,"column":27},"end":{"line":2,"column":null}},"3":{"start":{"line":3,"column":38},"end":{"line":3,"column":null}},"4":{"start":{"line":18,"column":2},"end":{"line":85,"column":null}},"5":{"start":{"line":20,"column":20},"end":{"line":20,"column":null}},"6":{"start":{"line":21,"column":4},"end":{"line":23,"column":null}},"7":{"start":{"line":22,"column":6},"end":{"line":22,"column":null}},"8":{"start":{"line":25,"column":34},"end":{"line":25,"column":null}},"9":{"start":{"line":27,"column":19},"end":{"line":27,"column":null}},"10":{"start":{"line":28,"column":22},"end":{"line":28,"column":null}},"11":{"start":{"line":29,"column":4},"end":{"line":31,"column":null}},"12":{"start":{"line":30,"column":6},"end":{"line":30,"column":null}},"13":{"start":{"line":34,"column":23},"end":{"line":34,"column":null}},"14":{"start":{"line":37,"column":4},"end":{"line":39,"column":null}},"15":{"start":{"line":38,"column":6},"end":{"line":38,"column":null}},"16":{"start":{"line":42,"column":27},"end":{"line":42,"column":null}},"17":{"start":{"line":45,"column":20},"end":{"line":58,"column":null}},"18":{"start":{"line":61,"column":4},"end":{"line":65,"column":null}},"19":{"start":{"line":68,"column":4},"end":{"line":68,"column":null}},"20":{"start":{"line":71,"column":4},"end":{"line":71,"column":null}},"21":{"start":{"line":74,"column":4},"end":{"line":79,"column":null}},"22":{"start":{"line":75,"column":6},"end":{"line":77,"column":null}},"23":{"start":{"line":81,"column":4},"end":{"line":83,"column":null}}},"fnMap":{"0":{"name":"PUT","decl":{"start":{"line":14,"column":22},"end":{"line":14,"column":null}},"loc":{"start":{"line":16,"column":49},"end":{"line":86,"column":null}}}},"branchMap":{"0":{"loc":{"start":{"line":21,"column":4},"end":{"line":23,"column":null}},"type":"if","locations":[{"start":{"line":21,"column":4},"end":{"line":23,"column":null}}]},"1":{"loc":{"start":{"line":29,"column":4},"end":{"line":31,"column":null}},"type":"if","locations":[{"start":{"line":29,"column":4},"end":{"line":31,"column":null}}]},"2":{"loc":{"start":{"line":37,"column":4},"end":{"line":39,"column":null}},"type":"if","locations":[{"start":{"line":37,"column":4},"end":{"line":39,"column":null}}]},"3":{"loc":{"start":{"line":37,"column":8},"end":{"line":37,"column":55}},"type":"binary-expr","locations":[{"start":{"line":37,"column":8},"end":{"line":37,"column":23}},{"start":{"line":37,"column":23},"end":{"line":37,"column":55}}]},"4":{"loc":{"start":{"line":47,"column":20},"end":{"line":47,"column":104}},"type":"binary-expr","locations":[{"start":{"line":47,"column":20},"end":{"line":47,"column":47}},{"start":{"line":47,"column":51},"end":{"line":47,"column":70}},{"start":{"line":47,"column":74},"end":{"line":47,"column":104}}]},"5":{"loc":{"start":{"line":48,"column":12},"end":{"line":48,"column":96}},"type":"binary-expr","locations":[{"start":{"line":48,"column":12},"end":{"line":48,"column":39}},{"start":{"line":48,"column":43},"end":{"line":48,"column":62}},{"start":{"line":48,"column":66},"end":{"line":48,"column":96}}]},"6":{"loc":{"start":{"line":49,"column":19},"end":{"line":49,"column":null}},"type":"binary-expr","locations":[{"start":{"line":49,"column":19},"end":{"line":49,"column":45}},{"start":{"line":49,"column":49},"end":{"line":49,"column":null}}]},"7":{"loc":{"start":{"line":50,"column":15},"end":{"line":50,"column":null}},"type":"binary-expr","locations":[{"start":{"line":50,"column":15},"end":{"line":50,"column":37}},{"start":{"line":50,"column":41},"end":{"line":50,"column":null}}]},"8":{"loc":{"start":{"line":51,"column":20},"end":{"line":51,"column":null}},"type":"binary-expr","locations":[{"start":{"line":51,"column":20},"end":{"line":51,"column":47}},{"start":{"line":51,"column":51},"end":{"line":51,"column":null}}]},"9":{"loc":{"start":{"line":52,"column":18},"end":{"line":52,"column":null}},"type":"binary-expr","locations":[{"start":{"line":52,"column":18},"end":{"line":52,"column":43}},{"start":{"line":52,"column":47},"end":{"line":52,"column":null}}]},"10":{"loc":{"start":{"line":74,"column":4},"end":{"line":79,"column":null}},"type":"if","locations":[{"start":{"line":74,"column":4},"end":{"line":79,"column":null}}]},"11":{"loc":{"start":{"line":74,"column":8},"end":{"line":74,"column":65}},"type":"binary-expr","locations":[{"start":{"line":74,"column":8},"end":{"line":74,"column":34}},{"start":{"line":74,"column":34},"end":{"line":74,"column":65}}]}},"s":{"0":0,"1":0,"2":0,"3":0,"4":0,"5":0,"6":0,"7":0,"8":0,"9":0,"10":0,"11":0,"12":0,"13":0,"14":0,"15":0,"16":0,"17":0,"18":0,"19":0,"20":0,"21":0,"22":0,"23":0},"f":{"0":0},"b":{"0":[0],"1":[0],"2":[0],"3":[0,0],"4":[0,0,0],"5":[0,0,0],"6":[0,0],"7":[0,0],"8":[0,0],"9":[0,0],"10":[0],"11":[0,0]}}
,"/mnt/c/python/gtd/src/frontend/src/app/api/tasks/route.ts": {"path":"/mnt/c/python/gtd/src/frontend/src/app/api/tasks/route.ts","statementMap":{"0":{"start":{"line":14,"column":22},"end":{"line":14,"column":26}},"1":{"start":{"line":1,"column":42},"end":{"line":1,"column":null}},"2":{"start":{"line":2,"column":27},"end":{"line":2,"column":null}},"3":{"start":{"line":3,"column":38},"end":{"line":3,"column":null}},"4":{"start":{"line":15,"column":2},"end":{"line":122,"column":null}},"5":{"start":{"line":17,"column":20},"end":{"line":17,"column":null}},"6":{"start":{"line":18,"column":4},"end":{"line":20,"column":null}},"7":{"start":{"line":19,"column":6},"end":{"line":19,"column":null}},"8":{"start":{"line":22,"column":34},"end":{"line":22,"column":null}},"9":{"start":{"line":25,"column":29},"end":{"line":25,"column":null}},"10":{"start":{"line":26,"column":26},"end":{"line":26,"column":null}},"11":{"start":{"line":27,"column":18},"end":{"line":27,"column":null}},"12":{"start":{"line":28,"column":19},"end":{"line":28,"column":null}},"13":{"start":{"line":29,"column":19},"end":{"line":29,"column":null}},"14":{"start":{"line":30,"column":22},"end":{"line":30,"column":null}},"15":{"start":{"line":33,"column":40},"end":{"line":37,"column":null}},"16":{"start":{"line":40,"column":4},"end":{"line":43,"column":null}},"17":{"start":{"line":42,"column":6},"end":{"line":42,"column":null}},"18":{"start":{"line":45,"column":4},"end":{"line":47,"column":null}},"19":{"start":{"line":46,"column":6},"end":{"line":46,"column":null}},"20":{"start":{"line":49,"column":4},"end":{"line":51,"column":null}},"21":{"start":{"line":50,"column":6},"end":{"line":50,"column":null}},"22":{"start":{"line":54,"column":25},"end":{"line":54,"column":null}},"23":{"start":{"line":57,"column":29},"end":{"line":57,"column":76}},"24":{"start":{"line":61,"column":24},"end":{"line":61,"column":null}},"25":{"start":{"line":62,"column":4},"end":{"line":62,"column":null}},"26":{"start":{"line":63,"column":4},"end":{"line":63,"column":null}},"27":{"start":{"line":67,"column":21},"end":{"line":67,"column":44}},"28":{"start":{"line":70,"column":4},"end":{"line":76,"column":null}},"29":{"start":{"line":73,"column":29},"end":{"line":73,"column":null}},"30":{"start":{"line":74,"column":23},"end":{"line":74,"column":null}},"31":{"start":{"line":75,"column":6},"end":{"line":75,"column":null}},"32":{"start":{"line":78,"column":18},"end":{"line":102,"column":null}},"33":{"start":{"line":79,"column":50},"end":{"line":96,"column":null}},"34":{"start":{"line":105,"column":4},"end":{"line":110,"column":null}},"35":{"start":{"line":113,"column":4},"end":{"line":113,"column":null}},"36":{"start":{"line":116,"column":4},"end":{"line":116,"column":null}},"37":{"start":{"line":118,"column":4},"end":{"line":120,"column":null}}},"fnMap":{"0":{"name":"GET","decl":{"start":{"line":14,"column":22},"end":{"line":14,"column":26}},"loc":{"start":{"line":14,"column":46},"end":{"line":123,"column":null}}},"1":{"name":"(anonymous_2)","decl":{"start":{"line":79,"column":34},"end":{"line":79,"column":35}},"loc":{"start":{"line":79,"column":50},"end":{"line":96,"column":null}}}},"branchMap":{"0":{"loc":{"start":{"line":18,"column":4},"end":{"line":20,"column":null}},"type":"if","locations":[{"start":{"line":18,"column":4},"end":{"line":20,"column":null}}]},"1":{"loc":{"start":{"line":27,"column":27},"end":{"line":27,"column":null}},"type":"binary-expr","locations":[{"start":{"line":27,"column":27},"end":{"line":27,"column":56}},{"start":{"line":27,"column":56},"end":{"line":27,"column":null}}]},"2":{"loc":{"start":{"line":28,"column":28},"end":{"line":28,"column":null}},"type":"binary-expr","locations":[{"start":{"line":28,"column":28},"end":{"line":28,"column":58}},{"start":{"line":28,"column":58},"end":{"line":28,"column":null}}]},"3":{"loc":{"start":{"line":29,"column":19},"end":{"line":29,"column":null}},"type":"binary-expr","locations":[{"start":{"line":29,"column":19},"end":{"line":29,"column":49}},{"start":{"line":29,"column":49},"end":{"line":29,"column":null}}]},"4":{"loc":{"start":{"line":30,"column":22},"end":{"line":30,"column":null}},"type":"binary-expr","locations":[{"start":{"line":30,"column":22},"end":{"line":30,"column":55}},{"start":{"line":30,"column":55},"end":{"line":30,"column":null}}]},"5":{"loc":{"start":{"line":40,"column":4},"end":{"line":43,"column":null}},"type":"if","locations":[{"start":{"line":40,"column":4},"end":{"line":43,"column":null}}]},"6":{"loc":{"start":{"line":45,"column":4},"end":{"line":47,"column":null}},"type":"if","locations":[{"start":{"line":45,"column":4},"end":{"line":47,"column":null}}]},"7":{"loc":{"start":{"line":49,"column":4},"end":{"line":51,"column":null}},"type":"if","locations":[{"start":{"line":49,"column":4},"end":{"line":51,"column":null}}]},"8":{"loc":{"start":{"line":57,"column":29},"end":{"line":57,"column":76}},"type":"cond-expr","locations":[{"start":{"line":57,"column":59},"end":{"line":57,"column":74}},{"start":{"line":57,"column":74},"end":{"line":57,"column":76}}]},"9":{"loc":{"start":{"line":70,"column":4},"end":{"line":76,"column":null}},"type":"if","locations":[{"start":{"line":70,"column":4},"end":{"line":76,"column":null}}]},"10":{"loc":{"start":{"line":75,"column":19},"end":{"line":75,"column":null}},"type":"cond-expr","locations":[{"start":{"line":75,"column":45},"end":{"line":75,"column":60}},{"start":{"line":75,"column":63},"end":{"line":75,"column":null}}]},"11":{"loc":{"start":{"line":81,"column":19},"end":{"line":81,"column":67}},"type":"binary-expr","locations":[{"start":{"line":81,"column":19},"end":{"line":81,"column":28}},{"start":{"line":81,"column":32},"end":{"line":81,"column":46}},{"start":{"line":81,"column":50},"end":{"line":81,"column":67}}]},"12":{"loc":{"start":{"line":83,"column":22},"end":{"line":83,"column":null}},"type":"binary-expr","locations":[{"start":{"line":83,"column":22},"end":{"line":83,"column":39}},{"start":{"line":83,"column":43},"end":{"line":83,"column":null}}]},"13":{"loc":{"start":{"line":84,"column":17},"end":{"line":84,"column":null}},"type":"binary-expr","locations":[{"start":{"line":84,"column":17},"end":{"line":84,"column":29}},{"start":{"line":84,"column":33},"end":{"line":84,"column":null}}]},"14":{"loc":{"start":{"line":85,"column":18},"end":{"line":85,"column":null}},"type":"binary-expr","locations":[{"start":{"line":85,"column":18},"end":{"line":85,"column":31}},{"start":{"line":85,"column":35},"end":{"line":85,"column":null}}]},"15":{"loc":{"start":{"line":86,"column":22},"end":{"line":86,"column":null}},"type":"binary-expr","locations":[{"start":{"line":86,"column":22},"end":{"line":86,"column":39}},{"start":{"line":86,"column":43},"end":{"line":86,"column":null}}]},"16":{"loc":{"start":{"line":87,"column":20},"end":{"line":87,"column":null}},"type":"binary-expr","locations":[{"start":{"line":87,"column":20},"end":{"line":87,"column":35}},{"start":{"line":87,"column":39},"end":{"line":87,"column":null}}]},"17":{"loc":{"start":{"line":88,"column":18},"end":{"line":88,"column":null}},"type":"binary-expr","locations":[{"start":{"line":88,"column":18},"end":{"line":88,"column":31}},{"start":{"line":88,"column":35},"end":{"line":88,"column":null}}]},"18":{"loc":{"start":{"line":89,"column":19},"end":{"line":89,"column":null}},"type":"binary-expr","locations":[{"start":{"line":89,"column":19},"end":{"line":89,"column":33}},{"start":{"line":89,"column":37},"end":{"line":89,"column":null}}]},"19":{"loc":{"start":{"line":90,"column":18},"end":{"line":90,"column":null}},"type":"binary-expr","locations":[{"start":{"line":90,"column":18},"end":{"line":90,"column":31}},{"start":{"line":90,"column":35},"end":{"line":90,"column":null}}]},"20":{"loc":{"start":{"line":91,"column":20},"end":{"line":91,"column":null}},"type":"binary-expr","locations":[{"start":{"line":91,"column":20},"end":{"line":91,"column":35}},{"start":{"line":91,"column":39},"end":{"line":91,"column":null}}]},"21":{"loc":{"start":{"line":93,"column":18},"end":{"line":93,"column":null}},"type":"binary-expr","locations":[{"start":{"line":93,"column":18},"end":{"line":93,"column":31}},{"start":{"line":93,"column":35},"end":{"line":93,"column":null}}]},"22":{"loc":{"start":{"line":106,"column":13},"end":{"line":106,"column":null}},"type":"binary-expr","locations":[{"start":{"line":106,"column":13},"end":{"line":106,"column":36}},{"start":{"line":106,"column":36},"end":{"line":106,"column":null}}]},"23":{"loc":{"start":{"line":107,"column":13},"end":{"line":107,"column":null}},"type":"binary-expr","locations":[{"start":{"line":107,"column":13},"end":{"line":107,"column":24}},{"start":{"line":107,"column":28},"end":{"line":107,"column":null}}]}},"s":{"0":0,"1":0,"2":0,"3":0,"4":0,"5":0,"6":0,"7":0,"8":0,"9":0,"10":0,"11":0,"12":0,"13":0,"14":0,"15":0,"16":0,"17":0,"18":0,"19":0,"20":0,"21":0,"22":0,"23":0,"24":0,"25":0,"26":0,"27":0,"28":0,"29":0,"30":0,"31":0,"32":0,"33":0,"34":0,"35":0,"36":0,"37":0},"f":{"0":0,"1":0},"b":{"0":[0],"1":[0,0],"2":[0,0],"3":[0,0],"4":[0,0],"5":[0],"6":[0],"7":[0],"8":[0,0],"9":[0],"10":[0,0],"11":[0,0,0],"12":[0,0],"13":[0,0],"14":[0,0],"15":[0,0],"16":[0,0],"17":[0,0],"18":[0,0],"19":[0,0],"20":[0,0],"21":[0,0],"22":[0,0],"23":[0,0]}}
,"/mnt/c/python/gtd/src/frontend/src/app/api/tasks/[id]/route.ts": {"path":"/mnt/c/python/gtd/src/frontend/src/app/api/tasks/[id]/route.ts","statementMap":{"0":{"start":{"line":14,"column":22},"end":{"line":14,"column":null}},"1":{"start":{"line":1,"column":42},"end":{"line":1,"column":null}},"2":{"start":{"line":2,"column":27},"end":{"line":2,"column":null}},"3":{"start":{"line":3,"column":38},"end":{"line":3,"column":null}},"4":{"start":{"line":18,"column":2},"end":{"line":90,"column":null}},"5":{"start":{"line":20,"column":20},"end":{"line":20,"column":null}},"6":{"start":{"line":21,"column":4},"end":{"line":23,"column":null}},"7":{"start":{"line":22,"column":6},"end":{"line":22,"column":null}},"8":{"start":{"line":25,"column":34},"end":{"line":25,"column":null}},"9":{"start":{"line":27,"column":19},"end":{"line":27,"column":null}},"10":{"start":{"line":28,"column":19},"end":{"line":28,"column":null}},"11":{"start":{"line":29,"column":4},"end":{"line":31,"column":null}},"12":{"start":{"line":30,"column":6},"end":{"line":30,"column":null}},"13":{"start":{"line":34,"column":23},"end":{"line":34,"column":null}},"14":{"start":{"line":37,"column":4},"end":{"line":39,"column":null}},"15":{"start":{"line":38,"column":6},"end":{"line":38,"column":null}},"16":{"start":{"line":42,"column":24},"end":{"line":42,"column":null}},"17":{"start":{"line":45,"column":17},"end":{"line":63,"column":null}},"18":{"start":{"line":66,"column":4},"end":{"line":70,"column":null}},"19":{"start":{"line":73,"column":4},"end":{"line":73,"column":null}},"20":{"start":{"line":76,"column":4},"end":{"line":76,"column":null}},"21":{"start":{"line":79,"column":4},"end":{"line":84,"column":null}},"22":{"start":{"line":80,"column":6},"end":{"line":82,"column":null}},"23":{"start":{"line":86,"column":4},"end":{"line":88,"column":null}}},"fnMap":{"0":{"name":"PUT","decl":{"start":{"line":14,"column":22},"end":{"line":14,"column":null}},"loc":{"start":{"line":16,"column":49},"end":{"line":91,"column":null}}}},"branchMap":{"0":{"loc":{"start":{"line":21,"column":4},"end":{"line":23,"column":null}},"type":"if","locations":[{"start":{"line":21,"column":4},"end":{"line":23,"column":null}}]},"1":{"loc":{"start":{"line":29,"column":4},"end":{"line":31,"column":null}},"type":"if","locations":[{"start":{"line":29,"column":4},"end":{"line":31,"column":null}}]},"2":{"loc":{"start":{"line":37,"column":4},"end":{"line":39,"column":null}},"type":"if","locations":[{"start":{"line":37,"column":4},"end":{"line":39,"column":null}}]},"3":{"loc":{"start":{"line":37,"column":8},"end":{"line":37,"column":55}},"type":"binary-expr","locations":[{"start":{"line":37,"column":8},"end":{"line":37,"column":23}},{"start":{"line":37,"column":23},"end":{"line":37,"column":55}}]},"4":{"loc":{"start":{"line":47,"column":17},"end":{"line":47,"column":86}},"type":"binary-expr","locations":[{"start":{"line":47,"column":17},"end":{"line":47,"column":38}},{"start":{"line":47,"column":42},"end":{"line":47,"column":58}},{"start":{"line":47,"column":62},"end":{"line":47,"column":86}}]},"5":{"loc":{"start":{"line":48,"column":12},"end":{"line":48,"column":81}},"type":"binary-expr","locations":[{"start":{"line":48,"column":12},"end":{"line":48,"column":33}},{"start":{"line":48,"column":37},"end":{"line":48,"column":53}},{"start":{"line":48,"column":57},"end":{"line":48,"column":81}}]},"6":{"loc":{"start":{"line":50,"column":20},"end":{"line":50,"column":null}},"type":"binary-expr","locations":[{"start":{"line":50,"column":20},"end":{"line":50,"column":44}},{"start":{"line":50,"column":48},"end":{"line":50,"column":null}}]},"7":{"loc":{"start":{"line":51,"column":15},"end":{"line":51,"column":null}},"type":"binary-expr","locations":[{"start":{"line":51,"column":15},"end":{"line":51,"column":34}},{"start":{"line":51,"column":38},"end":{"line":51,"column":null}}]},"8":{"loc":{"start":{"line":52,"column":16},"end":{"line":52,"column":null}},"type":"binary-expr","locations":[{"start":{"line":52,"column":16},"end":{"line":52,"column":36}},{"start":{"line":52,"column":40},"end":{"line":52,"column":null}}]},"9":{"loc":{"start":{"line":53,"column":20},"end":{"line":53,"column":null}},"type":"binary-expr","locations":[{"start":{"line":53,"column":20},"end":{"line":53,"column":44}},{"start":{"line":53,"column":48},"end":{"line":53,"column":null}}]},"10":{"loc":{"start":{"line":54,"column":18},"end":{"line":54,"column":null}},"type":"binary-expr","locations":[{"start":{"line":54,"column":18},"end":{"line":54,"column":40}},{"start":{"line":54,"column":44},"end":{"line":54,"column":null}}]},"11":{"loc":{"start":{"line":55,"column":16},"end":{"line":55,"column":null}},"type":"binary-expr","locations":[{"start":{"line":55,"column":16},"end":{"line":55,"column":36}},{"start":{"line":55,"column":40},"end":{"line":55,"column":null}}]},"12":{"loc":{"start":{"line":56,"column":17},"end":{"line":56,"column":null}},"type":"binary-expr","locations":[{"start":{"line":56,"column":17},"end":{"line":56,"column":38}},{"start":{"line":56,"column":42},"end":{"line":56,"column":null}}]},"13":{"loc":{"start":{"line":57,"column":16},"end":{"line":57,"column":null}},"type":"binary-expr","locations":[{"start":{"line":57,"column":16},"end":{"line":57,"column":36}},{"start":{"line":57,"column":40},"end":{"line":57,"column":null}}]},"14":{"loc":{"start":{"line":58,"column":18},"end":{"line":58,"column":null}},"type":"binary-expr","locations":[{"start":{"line":58,"column":18},"end":{"line":58,"column":40}},{"start":{"line":58,"column":44},"end":{"line":58,"column":null}}]},"15":{"loc":{"start":{"line":60,"column":16},"end":{"line":60,"column":null}},"type":"binary-expr","locations":[{"start":{"line":60,"column":16},"end":{"line":60,"column":36}},{"start":{"line":60,"column":40},"end":{"line":60,"column":null}}]},"16":{"loc":{"start":{"line":79,"column":4},"end":{"line":84,"column":null}},"type":"if","locations":[{"start":{"line":79,"column":4},"end":{"line":84,"column":null}}]},"17":{"loc":{"start":{"line":79,"column":8},"end":{"line":79,"column":65}},"type":"binary-expr","locations":[{"start":{"line":79,"column":8},"end":{"line":79,"column":34}},{"start":{"line":79,"column":34},"end":{"line":79,"column":65}}]}},"s":{"0":0,"1":0,"2":0,"3":0,"4":0,"5":0,"6":0,"7":0,"8":0,"9":0,"10":0,"11":0,"12":0,"13":0,"14":0,"15":0,"16":0,"17":0,"18":0,"19":0,"20":0,"21":0,"22":0,"23":0},"f":{"0":0},"b":{"0":[0],"1":[0],"2":[0],"3":[0,0],"4":[0,0,0],"5":[0,0,0],"6":[0,0],"7":[0,0],"8":[0,0],"9":[0,0],"10":[0,0],"11":[0,0],"12":[0,0],"13":[0,0],"14":[0,0],"15":[0,0],"16":[0],"17":[0,0]}}
,"/mnt/c/python/gtd/src/frontend/src/app/api/tasks/today/route.ts": {"path":"/mnt/c/python/gtd/src/frontend/src/app/api/tasks/today/route.ts","statementMap":{"0":{"start":{"line":14,"column":22},"end":{"line":14,"column":26}},"1":{"start":{"line":1,"column":42},"end":{"line":1,"column":null}},"2":{"start":{"line":2,"column":27},"end":{"line":2,"column":null}},"3":{"start":{"line":3,"column":38},"end":{"line":3,"column":null}},"4":{"start":{"line":15,"column":2},"end":{"line":65,"column":null}},"5":{"start":{"line":17,"column":20},"end":{"line":17,"column":null}},"6":{"start":{"line":18,"column":4},"end":{"line":20,"column":null}},"7":{"start":{"line":19,"column":6},"end":{"line":19,"column":null}},"8":{"start":{"line":22,"column":34},"end":{"line":22,"column":null}},"9":{"start":{"line":25,"column":25},"end":{"line":25,"column":null}},"10":{"start":{"line":28,"column":29},"end":{"line":28,"column":76}},"11":{"start":{"line":30,"column":18},"end":{"line":47,"column":null}},"12":{"start":{"line":30,"column":55},"end":{"line":47,"column":null}},"13":{"start":{"line":50,"column":4},"end":{"line":53,"column":null}},"14":{"start":{"line":56,"column":4},"end":{"line":56,"column":null}},"15":{"start":{"line":59,"column":4},"end":{"line":59,"column":null}},"16":{"start":{"line":61,"column":4},"end":{"line":63,"column":null}}},"fnMap":{"0":{"name":"GET","decl":{"start":{"line":14,"column":22},"end":{"line":14,"column":26}},"loc":{"start":{"line":14,"column":46},"end":{"line":66,"column":null}}},"1":{"name":"(anonymous_2)","decl":{"start":{"line":30,"column":39},"end":{"line":30,"column":40}},"loc":{"start":{"line":30,"column":55},"end":{"line":47,"column":null}}}},"branchMap":{"0":{"loc":{"start":{"line":18,"column":4},"end":{"line":20,"column":null}},"type":"if","locations":[{"start":{"line":18,"column":4},"end":{"line":20,"column":null}}]},"1":{"loc":{"start":{"line":28,"column":29},"end":{"line":28,"column":76}},"type":"cond-expr","locations":[{"start":{"line":28,"column":59},"end":{"line":28,"column":74}},{"start":{"line":28,"column":74},"end":{"line":28,"column":76}}]},"2":{"loc":{"start":{"line":32,"column":12},"end":{"line":32,"column":60}},"type":"binary-expr","locations":[{"start":{"line":32,"column":12},"end":{"line":32,"column":21}},{"start":{"line":32,"column":25},"end":{"line":32,"column":39}},{"start":{"line":32,"column":43},"end":{"line":32,"column":60}}]},"3":{"loc":{"start":{"line":33,"column":17},"end":{"line":33,"column":65}},"type":"binary-expr","locations":[{"start":{"line":33,"column":17},"end":{"line":33,"column":26}},{"start":{"line":33,"column":30},"end":{"line":33,"column":44}},{"start":{"line":33,"column":48},"end":{"line":33,"column":65}}]},"4":{"loc":{"start":{"line":35,"column":20},"end":{"line":35,"column":null}},"type":"binary-expr","locations":[{"start":{"line":35,"column":20},"end":{"line":35,"column":37}},{"start":{"line":35,"column":41},"end":{"line":35,"column":null}}]},"5":{"loc":{"start":{"line":36,"column":15},"end":{"line":36,"column":null}},"type":"binary-expr","locations":[{"start":{"line":36,"column":15},"end":{"line":36,"column":27}},{"start":{"line":36,"column":31},"end":{"line":36,"column":null}}]},"6":{"loc":{"start":{"line":37,"column":16},"end":{"line":37,"column":null}},"type":"binary-expr","locations":[{"start":{"line":37,"column":16},"end":{"line":37,"column":29}},{"start":{"line":37,"column":33},"end":{"line":37,"column":null}}]},"7":{"loc":{"start":{"line":38,"column":20},"end":{"line":38,"column":null}},"type":"binary-expr","locations":[{"start":{"line":38,"column":20},"end":{"line":38,"column":37}},{"start":{"line":38,"column":41},"end":{"line":38,"column":null}}]},"8":{"loc":{"start":{"line":39,"column":18},"end":{"line":39,"column":null}},"type":"binary-expr","locations":[{"start":{"line":39,"column":18},"end":{"line":39,"column":33}},{"start":{"line":39,"column":37},"end":{"line":39,"column":null}}]},"9":{"loc":{"start":{"line":40,"column":16},"end":{"line":40,"column":null}},"type":"binary-expr","locations":[{"start":{"line":40,"column":16},"end":{"line":40,"column":29}},{"start":{"line":40,"column":33},"end":{"line":40,"column":null}}]},"10":{"loc":{"start":{"line":41,"column":17},"end":{"line":41,"column":null}},"type":"binary-expr","locations":[{"start":{"line":41,"column":17},"end":{"line":41,"column":31}},{"start":{"line":41,"column":35},"end":{"line":41,"column":null}}]},"11":{"loc":{"start":{"line":42,"column":16},"end":{"line":42,"column":null}},"type":"binary-expr","locations":[{"start":{"line":42,"column":16},"end":{"line":42,"column":29}},{"start":{"line":42,"column":33},"end":{"line":42,"column":null}}]},"12":{"loc":{"start":{"line":44,"column":16},"end":{"line":44,"column":null}},"type":"binary-expr","locations":[{"start":{"line":44,"column":16},"end":{"line":44,"column":29}},{"start":{"line":44,"column":33},"end":{"line":44,"column":null}}]}},"s":{"0":0,"1":0,"2":0,"3":0,"4":0,"5":0,"6":0,"7":0,"8":0,"9":0,"10":0,"11":0,"12":0,"13":0,"14":0,"15":0,"16":0},"f":{"0":0,"1":0},"b":{"0":[0],"1":[0,0],"2":[0,0,0],"3":[0,0,0],"4":[0,0],"5":[0,0],"6":[0,0],"7":[0,0],"8":[0,0],"9":[0,0],"10":[0,0],"11":[0,0],"12":[0,0]}}
,"/mnt/c/python/gtd/src/frontend/src/app/api/users/me/settings/route.ts": {"path":"/mnt/c/python/gtd/src/frontend/src/app/api/users/me/settings/route.ts","statementMap":{"0":{"start":{"line":5,"column":22},"end":{"line":5,"column":26}},"1":{"start":{"line":1,"column":42},"end":{"line":1,"column":null}},"2":{"start":{"line":3,"column":20},"end":{"line":3,"column":null}},"3":{"start":{"line":6,"column":2},"end":{"line":32,"column":null}},"4":{"start":{"line":8,"column":28},"end":{"line":13,"column":null}},"5":{"start":{"line":15,"column":4},"end":{"line":21,"column":null}},"6":{"start":{"line":16,"column":24},"end":{"line":16,"column":null}},"7":{"start":{"line":16,"column":66},"end":{"line":16,"column":null}},"8":{"start":{"line":17,"column":6},"end":{"line":19,"column":null}},"9":{"start":{"line":23,"column":17},"end":{"line":23,"column":null}},"10":{"start":{"line":24,"column":4},"end":{"line":24,"column":null}},"11":{"start":{"line":27,"column":4},"end":{"line":27,"column":null}},"12":{"start":{"line":28,"column":4},"end":{"line":30,"column":null}}},"fnMap":{"0":{"name":"GET","decl":{"start":{"line":5,"column":22},"end":{"line":5,"column":26}},"loc":{"start":{"line":5,"column":46},"end":{"line":33,"column":null}}},"1":{"name":"(anonymous_2)","decl":{"start":{"line":16,"column":59},"end":{"line":16,"column":66}},"loc":{"start":{"line":16,"column":66},"end":{"line":16,"column":null}}}},"branchMap":{"0":{"loc":{"start":{"line":3,"column":20},"end":{"line":3,"column":null}},"type":"binary-expr","locations":[{"start":{"line":3,"column":20},"end":{"line":3,"column":43}},{"start":{"line":3,"column":47},"end":{"line":3,"column":null}}]},"1":{"loc":{"start":{"line":15,"column":4},"end":{"line":21,"column":null}},"type":"if","locations":[{"start":{"line":15,"column":4},"end":{"line":21,"column":null}}]},"2":{"loc":{"start":{"line":18,"column":17},"end":{"line":18,"column":69}},"type":"binary-expr","locations":[{"start":{"line":18,"column":17},"end":{"line":18,"column":33}},{"start":{"line":18,"column":37},"end":{"line":18,"column":69}}]}},"s":{"0":0,"1":0,"2":0,"3":0,"4":0,"5":0,"6":0,"7":0,"8":0,"9":0,"10":0,"11":0,"12":0},"f":{"0":0,"1":0},"b":{"0":[0,0],"1":[0],"2":[0,0]}}
,"/mnt/c/python/gtd/src/frontend/src/app/api/users/me/settings/[device]/[setting]/route.ts": {"path":"/mnt/c/python/gtd/src/frontend/src/app/api/users/me/settings/[device]/[setting]/route.ts","statementMap":{"0":{"start":{"line":91,"column":22},"end":{"line":91,"column":28}},"1":{"start":{"line":16,"column":22},"end":{"line":16,"column":25}},"2":{"start":{"line":53,"column":22},"end":{"line":53,"column":25}},"3":{"start":{"line":1,"column":42},"end":{"line":1,"column":null}},"4":{"start":{"line":2,"column":38},"end":{"line":2,"column":null}},"5":{"start":{"line":14,"column":22},"end":{"line":14,"column":null}},"6":{"start":{"line":20,"column":2},"end":{"line":50,"column":null}},"7":{"start":{"line":22,"column":20},"end":{"line":22,"column":null}},"8":{"start":{"line":23,"column":4},"end":{"line":25,"column":null}},"9":{"start":{"line":24,"column":6},"end":{"line":24,"column":null}},"10":{"start":{"line":27,"column":23},"end":{"line":27,"column":null}},"11":{"start":{"line":28,"column":32},"end":{"line":28,"column":null}},"12":{"start":{"line":31,"column":23},"end":{"line":31,"column":55}},"13":{"start":{"line":34,"column":25},"end":{"line":34,"column":null}},"14":{"start":{"line":36,"column":4},"end":{"line":38,"column":null}},"15":{"start":{"line":37,"column":6},"end":{"line":37,"column":null}},"16":{"start":{"line":41,"column":4},"end":{"line":41,"column":null}},"17":{"start":{"line":44,"column":4},"end":{"line":44,"column":null}},"18":{"start":{"line":46,"column":4},"end":{"line":48,"column":null}},"19":{"start":{"line":57,"column":2},"end":{"line":88,"column":null}},"20":{"start":{"line":59,"column":20},"end":{"line":59,"column":null}},"21":{"start":{"line":60,"column":4},"end":{"line":62,"column":null}},"22":{"start":{"line":61,"column":6},"end":{"line":61,"column":null}},"23":{"start":{"line":64,"column":23},"end":{"line":64,"column":null}},"24":{"start":{"line":65,"column":32},"end":{"line":65,"column":null}},"25":{"start":{"line":68,"column":25},"end":{"line":68,"column":null}},"26":{"start":{"line":71,"column":23},"end":{"line":71,"column":55}},"27":{"start":{"line":74,"column":4},"end":{"line":74,"column":null}},"28":{"start":{"line":76,"column":4},"end":{"line":76,"column":null}},"29":{"start":{"line":79,"column":4},"end":{"line":79,"column":null}},"30":{"start":{"line":82,"column":4},"end":{"line":82,"column":null}},"31":{"start":{"line":84,"column":4},"end":{"line":86,"column":null}},"32":{"start":{"line":95,"column":2},"end":{"line":123,"column":null}},"33":{"start":{"line":97,"column":20},"end":{"line":97,"column":null}},"34":{"start":{"line":98,"column":4},"end":{"line":100,"column":null}},"35":{"start":{"line":99,"column":6},"end":{"line":99,"column":null}},"36":{"start":{"line":102,"column":23},"end":{"line":102,"column":null}},"37":{"start":{"line":103,"column":32},"end":{"line":103,"column":null}},"38":{"start":{"line":106,"column":23},"end":{"line":106,"column":55}},"39":{"start":{"line":109,"column":4},"end":{"line":109,"column":null}},"40":{"start":{"line":111,"column":4},"end":{"line":111,"column":null}},"41":{"start":{"line":114,"column":4},"end":{"line":114,"column":null}},"42":{"start":{"line":117,"column":4},"end":{"line":117,"column":null}},"43":{"start":{"line":119,"column":4},"end":{"line":121,"column":null}}},"fnMap":{"0":{"name":"GET","decl":{"start":{"line":16,"column":22},"end":{"line":16,"column":25}},"loc":{"start":{"line":18,"column":70},"end":{"line":51,"column":null}}},"1":{"name":"PUT","decl":{"start":{"line":53,"column":22},"end":{"line":53,"column":25}},"loc":{"start":{"line":55,"column":70},"end":{"line":89,"column":null}}},"2":{"name":"DELETE","decl":{"start":{"line":91,"column":22},"end":{"line":91,"column":28}},"loc":{"start":{"line":93,"column":70},"end":{"line":124,"column":null}}}},"branchMap":{"0":{"loc":{"start":{"line":23,"column":4},"end":{"line":25,"column":null}},"type":"if","locations":[{"start":{"line":23,"column":4},"end":{"line":25,"column":null}}]},"1":{"loc":{"start":{"line":36,"column":4},"end":{"line":38,"column":null}},"type":"if","locations":[{"start":{"line":36,"column":4},"end":{"line":38,"column":null}}]},"2":{"loc":{"start":{"line":60,"column":4},"end":{"line":62,"column":null}},"type":"if","locations":[{"start":{"line":60,"column":4},"end":{"line":62,"column":null}}]},"3":{"loc":{"start":{"line":98,"column":4},"end":{"line":100,"column":null}},"type":"if","locations":[{"start":{"line":98,"column":4},"end":{"line":100,"column":null}}]}},"s":{"0":0,"1":0,"2":0,"3":0,"4":0,"5":0,"6":0,"7":0,"8":0,"9":0,"10":0,"11":0,"12":0,"13":0,"14":0,"15":0,"16":0,"17":0,"18":0,"19":0,"20":0,"21":0,"22":0,"23":0,"24":0,"25":0,"26":0,"27":0,"28":0,"29":0,"30":0,"31":0,"32":0,"33":0,"34":0,"35":0,"36":0,"37":0,"38":0,"39":0,"40":0,"41":0,"42":0,"43":0},"f":{"0":0,"1":0,"2":0},"b":{"0":[0],"1":[0],"2":[0],"3":[0]}}
,"/mnt/c/python/gtd/src/frontend/src/components/auth/central-login.tsx": {"path":"/mnt/c/python/gtd/src/frontend/src/components/auth/central-login.tsx","statementMap":{"0":{"start":{"line":25,"column":16},"end":{"line":25,"column":29}},"1":{"start":{"line":3,"column":32},"end":{"line":3,"column":null}},"2":{"start":{"line":4,"column":23},"end":{"line":4,"column":null}},"3":{"start":{"line":11,"column":7},"end":{"line":11,"column":null}},"4":{"start":{"line":12,"column":22},"end":{"line":12,"column":null}},"5":{"start":{"line":13,"column":22},"end":{"line":13,"column":null}},"6":{"start":{"line":17,"column":7},"end":{"line":17,"column":null}},"7":{"start":{"line":18,"column":19},"end":{"line":18,"column":null}},"8":{"start":{"line":26,"column":48},"end":{"line":26,"column":null}},"9":{"start":{"line":27,"column":28},"end":{"line":27,"column":null}},"10":{"start":{"line":28,"column":34},"end":{"line":28,"column":null}},"11":{"start":{"line":29,"column":42},"end":{"line":29,"column":null}},"12":{"start":{"line":31,"column":22},"end":{"line":45,"column":null}},"13":{"start":{"line":32,"column":4},"end":{"line":32,"column":null}},"14":{"start":{"line":33,"column":4},"end":{"line":33,"column":null}},"15":{"start":{"line":34,"column":4},"end":{"line":34,"column":null}},"16":{"start":{"line":35,"column":4},"end":{"line":44,"column":null}},"17":{"start":{"line":36,"column":6},"end":{"line":36,"column":null}},"18":{"start":{"line":37,"column":6},"end":{"line":37,"column":null}},"19":{"start":{"line":38,"column":6},"end":{"line":38,"column":null}},"20":{"start":{"line":39,"column":6},"end":{"line":39,"column":null}},"21":{"start":{"line":41,"column":6},"end":{"line":41,"column":null}},"22":{"start":{"line":43,"column":6},"end":{"line":43,"column":null}},"23":{"start":{"line":48,"column":2},"end":{"line":67,"column":null}},"24":{"start":{"line":91,"column":27},"end":{"line":91,"column":null}},"25":{"start":{"line":130,"column":33},"end":{"line":130,"column":null}},"26":{"start":{"line":143,"column":33},"end":{"line":143,"column":null}},"27":{"start":{"line":153,"column":31},"end":{"line":153,"column":null}}},"fnMap":{"0":{"name":"CentralLogin","decl":{"start":{"line":25,"column":16},"end":{"line":25,"column":29}},"loc":{"start":{"line":25,"column":82},"end":{"line":180,"column":null}}},"1":{"name":"(anonymous_5)","decl":{"start":{"line":31,"column":22},"end":{"line":31,"column":29}},"loc":{"start":{"line":31,"column":29},"end":{"line":45,"column":null}}},"2":{"name":"(anonymous_6)","decl":{"start":{"line":91,"column":21},"end":{"line":91,"column":27}},"loc":{"start":{"line":91,"column":27},"end":{"line":91,"column":null}}},"3":{"name":"(anonymous_7)","decl":{"start":{"line":130,"column":26},"end":{"line":130,"column":27}},"loc":{"start":{"line":130,"column":33},"end":{"line":130,"column":null}}},"4":{"name":"(anonymous_8)","decl":{"start":{"line":143,"column":26},"end":{"line":143,"column":27}},"loc":{"start":{"line":143,"column":33},"end":{"line":143,"column":null}}},"5":{"name":"(anonymous_9)","decl":{"start":{"line":153,"column":25},"end":{"line":153,"column":31}},"loc":{"start":{"line":153,"column":31},"end":{"line":153,"column":null}}}},"branchMap":{"0":{"loc":{"start":{"line":25,"column":40},"end":{"line":25,"column":61}},"type":"default-arg","locations":[{"start":{"line":25,"column":56},"end":{"line":25,"column":61}}]},"1":{"loc":{"start":{"line":48,"column":2},"end":{"line":67,"column":null}},"type":"if","locations":[{"start":{"line":48,"column":2},"end":{"line":67,"column":null}}]},"2":{"loc":{"start":{"line":48,"column":6},"end":{"line":48,"column":37}},"type":"binary-expr","locations":[{"start":{"line":48,"column":6},"end":{"line":48,"column":23}},{"start":{"line":48,"column":23},"end":{"line":48,"column":37}}]},"3":{"loc":{"start":{"line":165,"column":17},"end":{"line":171,"column":null}},"type":"cond-expr","locations":[{"start":{"line":166,"column":18},"end":{"line":171,"column":null}},{"start":{"line":171,"column":18},"end":{"line":171,"column":null}}]}},"s":{"0":0,"1":0,"2":0,"3":0,"4":0,"5":0,"6":0,"7":0,"8":0,"9":0,"10":0,"11":0,"12":0,"13":0,"14":0,"15":0,"16":0,"17":0,"18":0,"19":0,"20":0,"21":0,"22":0,"23":0,"24":0,"25":0,"26":0,"27":0},"f":{"0":0,"1":0,"2":0,"3":0,"4":0,"5":0},"b":{"0":[0],"1":[0],"2":[0,0],"3":[0,0]}}
,"/mnt/c/python/gtd/src/frontend/src/components/gtd/dashboard-overview.tsx": {"path":"/mnt/c/python/gtd/src/frontend/src/components/gtd/dashboard-overview.tsx","statementMap":{"0":{"start":{"line":21,"column":16},"end":{"line":21,"column":34}},"1":{"start":{"line":3,"column":23},"end":{"line":3,"column":null}},"2":{"start":{"line":4,"column":26},"end":{"line":4,"column":null}},"3":{"start":{"line":5,"column":57},"end":{"line":5,"column":null}},"4":{"start":{"line":12,"column":7},"end":{"line":12,"column":null}},"5":{"start":{"line":14,"column":19},"end":{"line":14,"column":null}},"6":{"start":{"line":22,"column":17},"end":{"line":22,"column":null}},"7":{"start":{"line":24,"column":2},"end":{"line":41,"column":null}},"8":{"start":{"line":28,"column":10},"end":{"line":28,"column":null}},"9":{"start":{"line":43,"column":24},"end":{"line":92,"column":null}},"10":{"start":{"line":94,"column":26},"end":{"line":98,"column":null}},"11":{"start":{"line":95,"column":4},"end":{"line":97,"column":null}},"12":{"start":{"line":96,"column":6},"end":{"line":96,"column":null}},"13":{"start":{"line":103,"column":8},"end":{"line":104,"column":null}},"14":{"start":{"line":111,"column":25},"end":{"line":111,"column":null}}},"fnMap":{"0":{"name":"DashboardOverview","decl":{"start":{"line":21,"column":16},"end":{"line":21,"column":34}},"loc":{"start":{"line":21,"column":78},"end":{"line":147,"column":null}}},"1":{"name":"(anonymous_5)","decl":{"start":{"line":27,"column":39},"end":{"line":27,"column":40}},"loc":{"start":{"line":28,"column":10},"end":{"line":28,"column":null}}},"2":{"name":"(anonymous_6)","decl":{"start":{"line":94,"column":26},"end":{"line":94,"column":27}},"loc":{"start":{"line":94,"column":27},"end":{"line":98,"column":null}}},"3":{"name":"(anonymous_7)","decl":{"start":{"line":102,"column":25},"end":{"line":102,"column":26}},"loc":{"start":{"line":103,"column":8},"end":{"line":104,"column":null}}},"4":{"name":"(anonymous_8)","decl":{"start":{"line":111,"column":19},"end":{"line":111,"column":25}},"loc":{"start":{"line":111,"column":25},"end":{"line":111,"column":null}}}},"branchMap":{"0":{"loc":{"start":{"line":24,"column":2},"end":{"line":41,"column":null}},"type":"if","locations":[{"start":{"line":24,"column":2},"end":{"line":41,"column":null}}]},"1":{"loc":{"start":{"line":46,"column":13},"end":{"line":46,"column":null}},"type":"binary-expr","locations":[{"start":{"line":46,"column":13},"end":{"line":46,"column":39}},{"start":{"line":46,"column":39},"end":{"line":46,"column":null}}]},"2":{"loc":{"start":{"line":58,"column":13},"end":{"line":58,"column":null}},"type":"binary-expr","locations":[{"start":{"line":58,"column":13},"end":{"line":58,"column":35}},{"start":{"line":58,"column":35},"end":{"line":58,"column":null}}]},"3":{"loc":{"start":{"line":59,"column":22},"end":{"line":59,"column":48}},"type":"binary-expr","locations":[{"start":{"line":59,"column":22},"end":{"line":59,"column":46}},{"start":{"line":59,"column":46},"end":{"line":59,"column":48}}]},"4":{"loc":{"start":{"line":70,"column":13},"end":{"line":70,"column":null}},"type":"binary-expr","locations":[{"start":{"line":70,"column":13},"end":{"line":70,"column":39}},{"start":{"line":70,"column":39},"end":{"line":70,"column":null}}]},"5":{"loc":{"start":{"line":71,"column":33},"end":{"line":71,"column":65}},"type":"binary-expr","locations":[{"start":{"line":71,"column":33},"end":{"line":71,"column":62}},{"start":{"line":71,"column":62},"end":{"line":71,"column":65}}]},"6":{"loc":{"start":{"line":82,"column":13},"end":{"line":82,"column":null}},"type":"binary-expr","locations":[{"start":{"line":82,"column":13},"end":{"line":82,"column":39}},{"start":{"line":82,"column":39},"end":{"line":82,"column":null}}]},"7":{"loc":{"start":{"line":95,"column":4},"end":{"line":97,"column":null}},"type":"if","locations":[{"start":{"line":95,"column":4},"end":{"line":97,"column":null}}]},"8":{"loc":{"start":{"line":95,"column":8},"end":{"line":95,"column":35}},"type":"binary-expr","locations":[{"start":{"line":95,"column":8},"end":{"line":95,"column":22}},{"start":{"line":95,"column":26},"end":{"line":95,"column":35}}]},"9":{"loc":{"start":{"line":107,"column":12},"end":{"line":109,"column":null}},"type":"cond-expr","locations":[{"start":{"line":108,"column":16},"end":{"line":108,"column":null}},{"start":{"line":109,"column":16},"end":{"line":109,"column":null}}]},"10":{"loc":{"start":{"line":120,"column":14},"end":{"line":120,"column":null}},"type":"binary-expr","locations":[{"start":{"line":120,"column":14},"end":{"line":120,"column":28}},{"start":{"line":120,"column":32},"end":{"line":120,"column":null}}]},"11":{"loc":{"start":{"line":130,"column":16},"end":{"line":130,"column":null}},"type":"cond-expr","locations":[{"start":{"line":130,"column":31},"end":{"line":130,"column":50}},{"start":{"line":130,"column":50},"end":{"line":130,"column":null}}]},"12":{"loc":{"start":{"line":134,"column":18},"end":{"line":134,"column":null}},"type":"binary-expr","locations":[{"start":{"line":134,"column":18},"end":{"line":134,"column":31}},{"start":{"line":134,"column":35},"end":{"line":134,"column":null}}]}},"s":{"0":0,"1":0,"2":0,"3":0,"4":0,"5":0,"6":0,"7":0,"8":0,"9":0,"10":0,"11":0,"12":0,"13":0,"14":0},"f":{"0":0,"1":0,"2":0,"3":0,"4":0},"b":{"0":[0],"1":[0,0],"2":[0,0],"3":[0,0],"4":[0,0],"5":[0,0],"6":[0,0],"7":[0],"8":[0,0],"9":[0,0],"10":[0,0],"11":[0,0],"12":[0,0]}}
,"/mnt/c/python/gtd/src/frontend/src/components/gtd/inbox-items.tsx": {"path":"/mnt/c/python/gtd/src/frontend/src/components/gtd/inbox-items.tsx","statementMap":{"0":{"start":{"line":18,"column":16},"end":{"line":18,"column":27}},"1":{"start":{"line":3,"column":23},"end":{"line":3,"column":null}},"2":{"start":{"line":4,"column":57},"end":{"line":4,"column":null}},"3":{"start":{"line":5,"column":23},"end":{"line":5,"column":null}},"4":{"start":{"line":6,"column":25},"end":{"line":6,"column":null}},"5":{"start":{"line":10,"column":7},"end":{"line":10,"column":null}},"6":{"start":{"line":19,"column":2},"end":{"line":35,"column":null}},"7":{"start":{"line":30,"column":12},"end":{"line":30,"column":25}},"8":{"start":{"line":67,"column":14},"end":{"line":68,"column":null}}},"fnMap":{"0":{"name":"InboxItems","decl":{"start":{"line":18,"column":16},"end":{"line":18,"column":27}},"loc":{"start":{"line":18,"column":64},"end":{"line":90,"column":null}}},"1":{"name":"(anonymous_5)","decl":{"start":{"line":29,"column":41},"end":{"line":29,"column":42}},"loc":{"start":{"line":30,"column":12},"end":{"line":30,"column":25}}},"2":{"name":"(anonymous_6)","decl":{"start":{"line":66,"column":35},"end":{"line":66,"column":36}},"loc":{"start":{"line":67,"column":14},"end":{"line":68,"column":null}}}},"branchMap":{"0":{"loc":{"start":{"line":19,"column":2},"end":{"line":35,"column":null}},"type":"if","locations":[{"start":{"line":19,"column":2},"end":{"line":35,"column":null}}]},"1":{"loc":{"start":{"line":43,"column":11},"end":{"line":43,"column":null}},"type":"binary-expr","locations":[{"start":{"line":43,"column":11},"end":{"line":43,"column":null}}]},"2":{"loc":{"start":{"line":49,"column":9},"end":{"line":49,"column":null}},"type":"binary-expr","locations":[{"start":{"line":49,"column":9},"end":{"line":49,"column":null}}]},"3":{"loc":{"start":{"line":58,"column":10},"end":{"line":65,"column":11}},"type":"cond-expr","locations":[{"start":{"line":58,"column":10},"end":{"line":65,"column":11}}]},"4":{"loc":{"start":{"line":77,"column":13},"end":{"line":77,"column":null}},"type":"binary-expr","locations":[{"start":{"line":77,"column":13},"end":{"line":77,"column":null}}]}},"s":{"0":0,"1":0,"2":0,"3":0,"4":0,"5":0,"6":0,"7":0,"8":0},"f":{"0":0,"1":0,"2":0},"b":{"0":[0],"1":[0],"2":[0],"3":[0],"4":[0]}}
,"/mnt/c/python/gtd/src/frontend/src/components/gtd/quick-capture.tsx": {"path":"/mnt/c/python/gtd/src/frontend/src/components/gtd/quick-capture.tsx","statementMap":{"0":{"start":{"line":20,"column":16},"end":{"line":20,"column":null}},"1":{"start":{"line":3,"column":23},"end":{"line":3,"column":null}},"2":{"start":{"line":5,"column":44},"end":{"line":5,"column":null}},"3":{"start":{"line":6,"column":22},"end":{"line":6,"column":null}},"4":{"start":{"line":7,"column":20},"end":{"line":7,"column":null}},"5":{"start":{"line":8,"column":34},"end":{"line":8,"column":null}},"6":{"start":{"line":9,"column":23},"end":{"line":9,"column":null}},"7":{"start":{"line":10,"column":22},"end":{"line":10,"column":null}},"8":{"start":{"line":17,"column":7},"end":{"line":17,"column":null}},"9":{"start":{"line":18,"column":19},"end":{"line":18,"column":null}},"10":{"start":{"line":21,"column":28},"end":{"line":21,"column":null}},"11":{"start":{"line":22,"column":38},"end":{"line":22,"column":null}},"12":{"start":{"line":23,"column":32},"end":{"line":27,"column":null}},"13":{"start":{"line":29,"column":22},"end":{"line":29,"column":null}},"14":{"start":{"line":31,"column":27},"end":{"line":47,"column":null}},"15":{"start":{"line":34,"column":6},"end":{"line":34,"column":null}},"16":{"start":{"line":35,"column":6},"end":{"line":35,"column":null}},"17":{"start":{"line":36,"column":6},"end":{"line":36,"column":null}},"18":{"start":{"line":37,"column":6},"end":{"line":37,"column":null}},"19":{"start":{"line":40,"column":6},"end":{"line":40,"column":null}},"20":{"start":{"line":41,"column":6},"end":{"line":41,"column":null}},"21":{"start":{"line":42,"column":6},"end":{"line":42,"column":null}},"22":{"start":{"line":45,"column":6},"end":{"line":45,"column":null}},"23":{"start":{"line":49,"column":23},"end":{"line":59,"column":null}},"24":{"start":{"line":50,"column":4},"end":{"line":50,"column":null}},"25":{"start":{"line":51,"column":4},"end":{"line":51,"column":null}},"26":{"start":{"line":51,"column":23},"end":{"line":51,"column":null}},"27":{"start":{"line":53,"column":4},"end":{"line":58,"column":null}},"28":{"start":{"line":61,"column":24},"end":{"line":68,"column":null}},"29":{"start":{"line":62,"column":4},"end":{"line":67,"column":null}},"30":{"start":{"line":63,"column":6},"end":{"line":63,"column":null}},"31":{"start":{"line":64,"column":11},"end":{"line":67,"column":null}},"32":{"start":{"line":65,"column":6},"end":{"line":65,"column":null}},"33":{"start":{"line":66,"column":6},"end":{"line":66,"column":null}},"34":{"start":{"line":81,"column":33},"end":{"line":81,"column":null}},"35":{"start":{"line":82,"column":31},"end":{"line":82,"column":null}},"36":{"start":{"line":109,"column":33},"end":{"line":109,"column":null}},"37":{"start":{"line":109,"column":53},"end":{"line":109,"column":null}},"38":{"start":{"line":117,"column":33},"end":{"line":117,"column":null}},"39":{"start":{"line":117,"column":53},"end":{"line":117,"column":null}},"40":{"start":{"line":130,"column":33},"end":{"line":134,"column":null}},"41":{"start":{"line":130,"column":53},"end":{"line":134,"column":null}},"42":{"start":{"line":143,"column":33},"end":{"line":147,"column":null}},"43":{"start":{"line":143,"column":53},"end":{"line":147,"column":null}},"44":{"start":{"line":165,"column":22},"end":{"line":165,"column":null}},"45":{"start":{"line":166,"column":22},"end":{"line":166,"column":null}}},"fnMap":{"0":{"name":"QuickCapture","decl":{"start":{"line":20,"column":16},"end":{"line":20,"column":null}},"loc":{"start":{"line":20,"column":16},"end":{"line":187,"column":null}}},"1":{"name":"(anonymous_5)","decl":{"start":{"line":33,"column":15},"end":{"line":33,"column":null}},"loc":{"start":{"line":33,"column":15},"end":{"line":43,"column":null}}},"2":{"name":"(anonymous_6)","decl":{"start":{"line":44,"column":13},"end":{"line":44,"column":null}},"loc":{"start":{"line":44,"column":13},"end":{"line":46,"column":null}}},"3":{"name":"(anonymous_7)","decl":{"start":{"line":49,"column":23},"end":{"line":49,"column":24}},"loc":{"start":{"line":49,"column":24},"end":{"line":59,"column":null}}},"4":{"name":"(anonymous_8)","decl":{"start":{"line":61,"column":24},"end":{"line":61,"column":25}},"loc":{"start":{"line":61,"column":25},"end":{"line":68,"column":null}}},"5":{"name":"(anonymous_9)","decl":{"start":{"line":81,"column":26},"end":{"line":81,"column":27}},"loc":{"start":{"line":81,"column":33},"end":{"line":81,"column":null}}},"6":{"name":"(anonymous_10)","decl":{"start":{"line":82,"column":25},"end":{"line":82,"column":31}},"loc":{"start":{"line":82,"column":31},"end":{"line":82,"column":null}}},"7":{"name":"(anonymous_11)","decl":{"start":{"line":109,"column":27},"end":{"line":109,"column":33}},"loc":{"start":{"line":109,"column":33},"end":{"line":109,"column":null}}},"8":{"name":"(anonymous_12)","decl":{"start":{"line":109,"column":44},"end":{"line":109,"column":53}},"loc":{"start":{"line":109,"column":53},"end":{"line":109,"column":null}}},"9":{"name":"(anonymous_13)","decl":{"start":{"line":117,"column":27},"end":{"line":117,"column":33}},"loc":{"start":{"line":117,"column":33},"end":{"line":117,"column":null}}},"10":{"name":"(anonymous_14)","decl":{"start":{"line":117,"column":44},"end":{"line":117,"column":53}},"loc":{"start":{"line":117,"column":53},"end":{"line":117,"column":null}}},"11":{"name":"(anonymous_15)","decl":{"start":{"line":130,"column":27},"end":{"line":130,"column":33}},"loc":{"start":{"line":130,"column":33},"end":{"line":134,"column":null}}},"12":{"name":"(anonymous_16)","decl":{"start":{"line":130,"column":44},"end":{"line":130,"column":53}},"loc":{"start":{"line":130,"column":53},"end":{"line":134,"column":null}}},"13":{"name":"(anonymous_17)","decl":{"start":{"line":143,"column":27},"end":{"line":143,"column":33}},"loc":{"start":{"line":143,"column":33},"end":{"line":147,"column":null}}},"14":{"name":"(anonymous_18)","decl":{"start":{"line":143,"column":44},"end":{"line":143,"column":53}},"loc":{"start":{"line":143,"column":53},"end":{"line":147,"column":null}}},"15":{"name":"(anonymous_19)","decl":{"start":{"line":164,"column":29},"end":{"line":164,"column":null}},"loc":{"start":{"line":164,"column":29},"end":{"line":167,"column":null}}}},"branchMap":{"0":{"loc":{"start":{"line":34,"column":23},"end":{"line":34,"column":68}},"type":"cond-expr","locations":[{"start":{"line":34,"column":49},"end":{"line":34,"column":58}},{"start":{"line":34,"column":58},"end":{"line":34,"column":68}}]},"1":{"loc":{"start":{"line":51,"column":4},"end":{"line":51,"column":null}},"type":"if","locations":[{"start":{"line":51,"column":4},"end":{"line":51,"column":null}}]},"2":{"loc":{"start":{"line":62,"column":4},"end":{"line":67,"column":null}},"type":"if","locations":[{"start":{"line":62,"column":4},"end":{"line":67,"column":null}},{"start":{"line":64,"column":11},"end":{"line":67,"column":null}}]},"3":{"loc":{"start":{"line":62,"column":8},"end":{"line":62,"column":51}},"type":"binary-expr","locations":[{"start":{"line":62,"column":8},"end":{"line":62,"column":30}},{"start":{"line":62,"column":30},"end":{"line":62,"column":39}},{"start":{"line":62,"column":43},"end":{"line":62,"column":51}}]},"4":{"loc":{"start":{"line":64,"column":11},"end":{"line":67,"column":null}},"type":"if","locations":[{"start":{"line":64,"column":11},"end":{"line":67,"column":null}}]},"5":{"loc":{"start":{"line":73,"column":6},"end":{"line":73,"column":null}},"type":"cond-expr","locations":[{"start":{"line":73,"column":19},"end":{"line":73,"column":40}},{"start":{"line":73,"column":40},"end":{"line":73,"column":null}}]},"6":{"loc":{"start":{"line":91,"column":24},"end":{"line":91,"column":67}},"type":"binary-expr","locations":[{"start":{"line":91,"column":24},"end":{"line":91,"column":41}},{"start":{"line":91,"column":41},"end":{"line":91,"column":67}}]},"7":{"loc":{"start":{"line":101,"column":11},"end":{"line":101,"column":null}},"type":"binary-expr","locations":[{"start":{"line":101,"column":11},"end":{"line":101,"column":null}}]},"8":{"loc":{"start":{"line":107,"column":27},"end":{"line":107,"column":null}},"type":"cond-expr","locations":[{"start":{"line":107,"column":53},"end":{"line":107,"column":65}},{"start":{"line":107,"column":65},"end":{"line":107,"column":null}}]},"9":{"loc":{"start":{"line":115,"column":27},"end":{"line":115,"column":null}},"type":"cond-expr","locations":[{"start":{"line":115,"column":56},"end":{"line":115,"column":68}},{"start":{"line":115,"column":68},"end":{"line":115,"column":null}}]},"10":{"loc":{"start":{"line":128,"column":27},"end":{"line":128,"column":null}},"type":"cond-expr","locations":[{"start":{"line":128,"column":46},"end":{"line":128,"column":58}},{"start":{"line":128,"column":58},"end":{"line":128,"column":null}}]},"11":{"loc":{"start":{"line":133,"column":34},"end":{"line":133,"column":null}},"type":"cond-expr","locations":[{"start":{"line":133,"column":50},"end":{"line":133,"column":67}},{"start":{"line":133,"column":70},"end":{"line":133,"column":null}}]},"12":{"loc":{"start":{"line":141,"column":27},"end":{"line":141,"column":null}},"type":"cond-expr","locations":[{"start":{"line":141,"column":50},"end":{"line":141,"column":62}},{"start":{"line":141,"column":62},"end":{"line":141,"column":null}}]},"13":{"loc":{"start":{"line":146,"column":30},"end":{"line":146,"column":null}},"type":"cond-expr","locations":[{"start":{"line":146,"column":50},"end":{"line":146,"column":63}},{"start":{"line":146,"column":66},"end":{"line":146,"column":null}}]},"14":{"loc":{"start":{"line":174,"column":30},"end":{"line":174,"column":73}},"type":"binary-expr","locations":[{"start":{"line":174,"column":30},"end":{"line":174,"column":47}},{"start":{"line":174,"column":47},"end":{"line":174,"column":73}}]}},"s":{"0":0,"1":0,"2":0,"3":0,"4":0,"5":0,"6":0,"7":0,"8":0,"9":0,"10":0,"11":0,"12":0,"13":0,"14":0,"15":0,"16":0,"17":0,"18":0,"19":0,"20":0,"21":0,"22":0,"23":0,"24":0,"25":0,"26":0,"27":0,"28":0,"29":0,"30":0,"31":0,"32":0,"33":0,"34":0,"35":0,"36":0,"37":0,"38":0,"39":0,"40":0,"41":0,"42":0,"43":0,"44":0,"45":0},"f":{"0":0,"1":0,"2":0,"3":0,"4":0,"5":0,"6":0,"7":0,"8":0,"9":0,"10":0,"11":0,"12":0,"13":0,"14":0,"15":0},"b":{"0":[0,0],"1":[0],"2":[0,0],"3":[0,0,0],"4":[0],"5":[0,0],"6":[0,0],"7":[0],"8":[0,0],"9":[0,0],"10":[0,0],"11":[0,0],"12":[0,0],"13":[0,0],"14":[0,0]}}
,"/mnt/c/python/gtd/src/frontend/src/components/gtd/task-item.tsx": {"path":"/mnt/c/python/gtd/src/frontend/src/components/gtd/task-item.tsx","statementMap":{"0":{"start":{"line":28,"column":16},"end":{"line":28,"column":25}},"1":{"start":{"line":3,"column":23},"end":{"line":3,"column":null}},"2":{"start":{"line":4,"column":23},"end":{"line":4,"column":null}},"3":{"start":{"line":12,"column":7},"end":{"line":12,"column":null}},"4":{"start":{"line":13,"column":56},"end":{"line":13,"column":null}},"5":{"start":{"line":15,"column":71},"end":{"line":15,"column":null}},"6":{"start":{"line":38,"column":23},"end":{"line":38,"column":null}},"7":{"start":{"line":39,"column":21},"end":{"line":39,"column":null}},"8":{"start":{"line":41,"column":31},"end":{"line":45,"column":null}},"9":{"start":{"line":42,"column":4},"end":{"line":44,"column":null}},"10":{"start":{"line":43,"column":6},"end":{"line":43,"column":null}}},"fnMap":{"0":{"name":"TaskItem","decl":{"start":{"line":28,"column":16},"end":{"line":28,"column":25}},"loc":{"start":{"line":37,"column":16},"end":{"line":188,"column":null}}},"1":{"name":"(anonymous_5)","decl":{"start":{"line":41,"column":31},"end":{"line":41,"column":null}},"loc":{"start":{"line":41,"column":31},"end":{"line":45,"column":null}}}},"branchMap":{"0":{"loc":{"start":{"line":32,"column":2},"end":{"line":32,"column":22}},"type":"default-arg","locations":[{"start":{"line":32,"column":17},"end":{"line":32,"column":22}}]},"1":{"loc":{"start":{"line":33,"column":2},"end":{"line":33,"column":20}},"type":"default-arg","locations":[{"start":{"line":33,"column":16},"end":{"line":33,"column":20}}]},"2":{"loc":{"start":{"line":34,"column":2},"end":{"line":34,"column":18}},"type":"default-arg","locations":[{"start":{"line":34,"column":14},"end":{"line":34,"column":18}}]},"3":{"loc":{"start":{"line":35,"column":2},"end":{"line":35,"column":20}},"type":"default-arg","locations":[{"start":{"line":35,"column":16},"end":{"line":35,"column":20}}]},"4":{"loc":{"start":{"line":36,"column":2},"end":{"line":36,"column":17}},"type":"default-arg","locations":[{"start":{"line":36,"column":12},"end":{"line":36,"column":17}}]},"5":{"loc":{"start":{"line":42,"column":4},"end":{"line":44,"column":null}},"type":"if","locations":[{"start":{"line":42,"column":4},"end":{"line":44,"column":null}}]},"6":{"loc":{"start":{"line":42,"column":8},"end":{"line":42,"column":37}},"type":"binary-expr","locations":[{"start":{"line":42,"column":8},"end":{"line":42,"column":21}},{"start":{"line":42,"column":25},"end":{"line":42,"column":37}}]},"7":{"loc":{"start":{"line":51,"column":8},"end":{"line":51,"column":null}},"type":"binary-expr","locations":[{"start":{"line":51,"column":8},"end":{"line":51,"column":20}},{"start":{"line":51,"column":24},"end":{"line":51,"column":null}}]},"8":{"loc":{"start":{"line":52,"column":8},"end":{"line":52,"column":null}},"type":"binary-expr","locations":[{"start":{"line":52,"column":8},"end":{"line":52,"column":19}},{"start":{"line":52,"column":19},"end":{"line":52,"column":null}}]},"9":{"loc":{"start":{"line":53,"column":8},"end":{"line":53,"column":null}},"type":"binary-expr","locations":[{"start":{"line":53,"column":8},"end":{"line":53,"column":21}},{"start":{"line":53,"column":25},"end":{"line":53,"column":47}},{"start":{"line":53,"column":47},"end":{"line":53,"column":null}}]},"10":{"loc":{"start":{"line":54,"column":8},"end":{"line":54,"column":null}},"type":"binary-expr","locations":[{"start":{"line":54,"column":8},"end":{"line":54,"column":31}},{"start":{"line":54,"column":31},"end":{"line":54,"column":null}}]},"11":{"loc":{"start":{"line":55,"column":8},"end":{"line":55,"column":null}},"type":"binary-expr","locations":[{"start":{"line":55,"column":8},"end":{"line":55,"column":21}},{"start":{"line":55,"column":25},"end":{"line":55,"column":47}},{"start":{"line":55,"column":47},"end":{"line":55,"column":null}}]},"12":{"loc":{"start":{"line":64,"column":10},"end":{"line":64,"column":null}},"type":"binary-expr","locations":[{"start":{"line":64,"column":10},"end":{"line":64,"column":22}},{"start":{"line":64,"column":26},"end":{"line":64,"column":null}}]},"13":{"loc":{"start":{"line":65,"column":10},"end":{"line":65,"column":null}},"type":"binary-expr","locations":[{"start":{"line":65,"column":10},"end":{"line":65,"column":26}},{"start":{"line":65,"column":26},"end":{"line":65,"column":null}}]},"14":{"loc":{"start":{"line":68,"column":18},"end":{"line":68,"column":null}},"type":"binary-expr","locations":[{"start":{"line":68,"column":18},"end":{"line":68,"column":30}},{"start":{"line":68,"column":34},"end":{"line":68,"column":null}}]},"15":{"loc":{"start":{"line":71,"column":10},"end":{"line":73,"column":11}},"type":"cond-expr","locations":[{"start":{"line":71,"column":10},"end":{"line":73,"column":11}}]},"16":{"loc":{"start":{"line":84,"column":14},"end":{"line":84,"column":null}},"type":"binary-expr","locations":[{"start":{"line":84,"column":14},"end":{"line":84,"column":26}},{"start":{"line":84,"column":30},"end":{"line":84,"column":null}}]},"17":{"loc":{"start":{"line":93,"column":13},"end":{"line":93,"column":26}},"type":"binary-expr","locations":[{"start":{"line":93,"column":13},"end":{"line":93,"column":26}}]},"18":{"loc":{"start":{"line":99,"column":13},"end":{"line":99,"column":28}},"type":"binary-expr","locations":[{"start":{"line":99,"column":13},"end":{"line":99,"column":28}}]},"19":{"loc":{"start":{"line":105,"column":13},"end":{"line":105,"column":27}},"type":"binary-expr","locations":[{"start":{"line":105,"column":13},"end":{"line":105,"column":27}}]},"20":{"loc":{"start":{"line":115,"column":9},"end":{"line":115,"column":24}},"type":"binary-expr","locations":[{"start":{"line":115,"column":9},"end":{"line":115,"column":24}},{"start":{"line":115,"column":28},"end":{"line":115,"column":null}}]},"21":{"loc":{"start":{"line":124,"column":11},"end":{"line":124,"column":24}},"type":"binary-expr","locations":[{"start":{"line":124,"column":11},"end":{"line":124,"column":24}}]},"22":{"loc":{"start":{"line":135,"column":11},"end":{"line":135,"column":24}},"type":"binary-expr","locations":[{"start":{"line":135,"column":11},"end":{"line":135,"column":24}},{"start":{"line":135,"column":24},"end":{"line":135,"column":34}}]},"23":{"loc":{"start":{"line":143,"column":11},"end":{"line":143,"column":26}},"type":"binary-expr","locations":[{"start":{"line":143,"column":11},"end":{"line":143,"column":26}},{"start":{"line":143,"column":26},"end":{"line":143,"column":38}}]},"24":{"loc":{"start":{"line":151,"column":11},"end":{"line":151,"column":26}},"type":"binary-expr","locations":[{"start":{"line":151,"column":11},"end":{"line":151,"column":26}},{"start":{"line":151,"column":26},"end":{"line":151,"column":41}}]},"25":{"loc":{"start":{"line":154,"column":14},"end":{"line":154,"column":null}},"type":"binary-expr","locations":[{"start":{"line":154,"column":14},"end":{"line":154,"column":49}},{"start":{"line":154,"column":49},"end":{"line":154,"column":null}}]},"26":{"loc":{"start":{"line":162,"column":11},"end":{"line":162,"column":24}},"type":"binary-expr","locations":[{"start":{"line":162,"column":11},"end":{"line":162,"column":24}}]},"27":{"loc":{"start":{"line":169,"column":11},"end":{"line":169,"column":28}},"type":"binary-expr","locations":[{"start":{"line":169,"column":11},"end":{"line":169,"column":28}},{"start":{"line":169,"column":32},"end":{"line":169,"column":46}}]}},"s":{"0":0,"1":0,"2":0,"3":0,"4":0,"5":0,"6":0,"7":0,"8":0,"9":0,"10":0},"f":{"0":0,"1":0},"b":{"0":[0],"1":[0],"2":[0],"3":[0],"4":[0],"5":[0],"6":[0,0],"7":[0,0],"8":[0,0],"9":[0,0,0],"10":[0,0],"11":[0,0,0],"12":[0,0],"13":[0,0],"14":[0,0],"15":[0],"16":[0,0],"17":[0],"18":[0],"19":[0],"20":[0,0],"21":[0],"22":[0,0],"23":[0,0],"24":[0,0],"25":[0,0],"26":[0],"27":[0,0]}}
,"/mnt/c/python/gtd/src/frontend/src/components/gtd/today-tasks.tsx": {"path":"/mnt/c/python/gtd/src/frontend/src/components/gtd/today-tasks.tsx","statementMap":{"0":{"start":{"line":21,"column":16},"end":{"line":21,"column":27}},"1":{"start":{"line":3,"column":23},"end":{"line":3,"column":null}},"2":{"start":{"line":4,"column":44},"end":{"line":4,"column":null}},"3":{"start":{"line":5,"column":22},"end":{"line":5,"column":null}},"4":{"start":{"line":6,"column":20},"end":{"line":6,"column":null}},"5":{"start":{"line":7,"column":57},"end":{"line":7,"column":null}},"6":{"start":{"line":8,"column":23},"end":{"line":8,"column":null}},"7":{"start":{"line":9,"column":25},"end":{"line":9,"column":null}},"8":{"start":{"line":13,"column":7},"end":{"line":13,"column":null}},"9":{"start":{"line":22,"column":22},"end":{"line":22,"column":null}},"10":{"start":{"line":24,"column":27},"end":{"line":34,"column":null}},"11":{"start":{"line":25,"column":36},"end":{"line":25,"column":null}},"12":{"start":{"line":27,"column":6},"end":{"line":27,"column":null}},"13":{"start":{"line":28,"column":6},"end":{"line":28,"column":null}},"14":{"start":{"line":29,"column":6},"end":{"line":29,"column":null}},"15":{"start":{"line":32,"column":6},"end":{"line":32,"column":null}},"16":{"start":{"line":36,"column":2},"end":{"line":52,"column":null}},"17":{"start":{"line":47,"column":12},"end":{"line":47,"column":25}},"18":{"start":{"line":89,"column":14},"end":{"line":90,"column":null}},"19":{"start":{"line":92,"column":34},"end":{"line":92,"column":null}}},"fnMap":{"0":{"name":"TodayTasks","decl":{"start":{"line":21,"column":16},"end":{"line":21,"column":27}},"loc":{"start":{"line":21,"column":64},"end":{"line":111,"column":null}}},"1":{"name":"(anonymous_5)","decl":{"start":{"line":25,"column":16},"end":{"line":25,"column":17}},"loc":{"start":{"line":25,"column":36},"end":{"line":25,"column":null}}},"2":{"name":"(anonymous_6)","decl":{"start":{"line":26,"column":15},"end":{"line":26,"column":null}},"loc":{"start":{"line":26,"column":15},"end":{"line":30,"column":null}}},"3":{"name":"(anonymous_7)","decl":{"start":{"line":31,"column":13},"end":{"line":31,"column":null}},"loc":{"start":{"line":31,"column":13},"end":{"line":33,"column":null}}},"4":{"name":"(anonymous_8)","decl":{"start":{"line":46,"column":41},"end":{"line":46,"column":42}},"loc":{"start":{"line":47,"column":12},"end":{"line":47,"column":25}}},"5":{"name":"(anonymous_9)","decl":{"start":{"line":88,"column":24},"end":{"line":88,"column":25}},"loc":{"start":{"line":89,"column":14},"end":{"line":90,"column":null}}},"6":{"name":"(anonymous_10)","decl":{"start":{"line":92,"column":28},"end":{"line":92,"column":34}},"loc":{"start":{"line":92,"column":34},"end":{"line":92,"column":null}}}},"branchMap":{"0":{"loc":{"start":{"line":36,"column":2},"end":{"line":52,"column":null}},"type":"if","locations":[{"start":{"line":36,"column":2},"end":{"line":52,"column":null}}]},"1":{"loc":{"start":{"line":60,"column":11},"end":{"line":60,"column":20}},"type":"binary-expr","locations":[{"start":{"line":60,"column":11},"end":{"line":60,"column":20}},{"start":{"line":60,"column":20},"end":{"line":60,"column":null}}]},"2":{"loc":{"start":{"line":73,"column":10},"end":{"line":87,"column":11}},"type":"cond-expr","locations":[{"start":{"line":73,"column":10},"end":{"line":87,"column":11}}]},"3":{"loc":{"start":{"line":72,"column":9},"end":{"line":72,"column":null}},"type":"binary-expr","locations":[{"start":{"line":72,"column":9},"end":{"line":72,"column":19}},{"start":{"line":72,"column":19},"end":{"line":72,"column":null}}]}},"s":{"0":0,"1":0,"2":0,"3":0,"4":0,"5":0,"6":0,"7":0,"8":0,"9":0,"10":0,"11":0,"12":0,"13":0,"14":0,"15":0,"16":0,"17":0,"18":0,"19":0},"f":{"0":0,"1":0,"2":0,"3":0,"4":0,"5":0,"6":0},"b":{"0":[0],"1":[0,0],"2":[0],"3":[0,0]}}
[...]
,"/mnt/c/python/gtd/src/frontend/src/lib/utils.ts": {"path":"/mnt/c/python/gtd/src/frontend/src/lib/utils.ts","statementMap":{"0":{"start":{"line":8,"column":16},"end":{"line":8,"column":18}},"1":{"start":{"line":198,"column":22},"end":{"line":198,"column":37}},"2":{"start":{"line":109,"column":16},"end":{"line":109,"column":24}},"3":{"start":{"line":15,"column":16},"end":{"line":15,"column":26}},"4":{"start":{"line":178,"column":16},"end":{"line":178,"column":30}},"5":{"start":{"line":23,"column":16},"end":{"line":23,"column":34}},"6":{"start":{"line":191,"column":16},"end":{"line":191,"column":26}},"7":{"start":{"line":232,"column":16},"end":{"line":232,"column":32}},"8":{"start":{"line":62,"column":16},"end":{"line":62,"column":29}},"9":{"start":{"line":96,"column":16},"end":{"line":96,"column":27}},"10":{"start":{"line":42,"column":16},"end":{"line":42,"column":31}},"11":{"start":{"line":140,"column":16},"end":{"line":140,"column":29}},"12":{"start":{"line":129,"column":16},"end":{"line":129,"column":25}},"13":{"start":{"line":224,"column":16},"end":{"line":224,"column":28}},"14":{"start":{"line":266,"column":16},"end":{"line":266,"column":25}},"15":{"start":{"line":242,"column":16},"end":{"line":242,"column":32}},"16":{"start":{"line":88,"column":16},"end":{"line":88,"column":28}},"17":{"start":{"line":1,"column":38},"end":{"line":1,"column":null}},"18":{"start":{"line":2,"column":24},"end":{"line":2,"column":null}},"19":{"start":{"line":3,"column":88},"end":{"line":3,"column":null}},"20":{"start":{"line":9,"column":2},"end":{"line":9,"column":null}},"21":{"start":{"line":16,"column":18},"end":{"line":16,"column":null}},"22":{"start":{"line":17,"column":2},"end":{"line":17,"column":null}},"23":{"start":{"line":24,"column":18},"end":{"line":24,"column":null}},"24":{"start":{"line":26,"column":2},"end":{"line":28,"column":null}},"25":{"start":{"line":27,"column":4},"end":{"line":27,"column":null}},"26":{"start":{"line":29,"column":2},"end":{"line":31,"column":null}},"27":{"start":{"line":30,"column":4},"end":{"line":30,"column":null}},"28":{"start":{"line":32,"column":2},"end":{"line":34,"column":null}},"29":{"start":{"line":33,"column":4},"end":{"line":33,"column":null}},"30":{"start":{"line":36,"column":2},"end":{"line":36,"column":null}},"31":{"start":{"line":43,"column":2},"end":{"line":56,"column":null}},"32":{"start":{"line":45,"column":6},"end":{"line":45,"column":null}},"33":{"start":{"line":47,"column":6},"end":{"line":47,"column":null}},"34":{"start":{"line":49,"column":6},"end":{"line":49,"column":null}},"35":{"start":{"line":51,"column":6},"end":{"line":51,"column":null}},"36":{"start":{"line":53,"column":6},"end":{"line":53,"column":null}},"37":{"start":{"line":55,"column":6},"end":{"line":55,"column":null}},"38":{"start":{"line":63,"column":2},"end":{"line":63,"column":null}},"39":{"start":{"line":63,"column":18},"end":{"line":63,"column":null}},"40":{"start":{"line":66,"column":13},"end":{"line":66,"column":null}},"41":{"start":{"line":67,"column":2},"end":{"line":69,"column":null}},"42":{"start":{"line":67,"column":15},"end":{"line":67,"column":18}},"43":{"start":{"line":68,"column":4},"end":{"line":68,"column":null}},"44":{"start":{"line":71,"column":17},"end":{"line":80,"column":null}},"45":{"start":{"line":82,"column":2},"end":{"line":82,"column":null}},"46":{"start":{"line":89,"column":2},"end":{"line":89,"column":null}},"47":{"start":{"line":89,"column":32},"end":{"line":89,"column":null}},"48":{"start":{"line":90,"column":2},"end":{"line":90,"column":null}},"49":{"start":{"line":97,"column":2},"end":{"line":97,"column":null}},"50":{"start":{"line":97,"column":13},"end":{"line":97,"column":null}},"51":{"start":{"line":98,"column":2},"end":{"line":103,"column":null}},"52":{"start":{"line":100,"column":17},"end":{"line":100,"column":null}},"53":{"start":{"line":115,"column":2},"end":{"line":123,"column":null}},"54":{"start":{"line":116,"column":18},"end":{"line":119,"column":null}},"55":{"start":{"line":117,"column":6},"end":{"line":117,"column":null}},"56":{"start":{"line":118,"column":6},"end":{"line":118,"column":null}},"57":{"start":{"line":121,"column":4},"end":{"line":121,"column":null}},"58":{"start":{"line":122,"column":4},"end":{"line":122,"column":null}},"59":{"start":{"line":130,"column":2},"end":{"line":130,"column":null}},"60":{"start":{"line":130,"column":40},"end":{"line":130,"column":null}},"61":{"start":{"line":131,"column":18},"end":{"line":131,"column":null}},"62":{"start":{"line":132,"column":16},"end":{"line":132,"column":null}},"63":{"start":{"line":133,"column":2},"end":{"line":133,"column":null}},"64":{"start":{"line":134,"column":2},"end":{"line":134,"column":null}},"65":{"start":{"line":148,"column":2},"end":{"line":150,"column":null}},"66":{"start":{"line":149,"column":4},"end":{"line":149,"column":null}},"67":{"start":{"line":152,"column":2},"end":{"line":154,"column":null}},"68":{"start":{"line":153,"column":4},"end":{"line":153,"column":null}},"69":{"start":{"line":156,"column":2},"end":{"line":158,"column":null}},"70":{"start":{"line":157,"column":4},"end":{"line":157,"column":null}},"71":{"start":{"line":160,"column":2},"end":{"line":162,"column":null}},"72":{"start":{"line":161,"column":4},"end":{"line":161,"column":null}},"73":{"start":{"line":164,"column":2},"end":{"line":166,"column":null}},"74":{"start":{"line":165,"column":4},"end":{"line":165,"column":null}},"75":{"start":{"line":168,"column":2},"end":{"line":170,"column":null}},"76":{"start":{"line":169,"column":4},"end":{"line":169,"column":null}},"77":{"start":{"line":172,"column":2},"end":{"line":172,"column":null}},"78":{"start":{"line":179,"column":2},"end":{"line":179,"column":null}},"79":{"start":{"line":179,"column":19},"end":{"line":179,"column":null}},"80":{"start":{"line":181,"column":12},"end":{"line":181,"column":null}},"81":{"start":{"line":182,"column":16},"end":{"line":182,"column":null}},"82":{"start":{"line":183,"column":12},"end":{"line":183,"column":null}},"83":{"start":{"line":185,"column":2},"end":{"line":185,"column":null}},"84":{"start":{"line":192,"column":2},"end":{"line":192,"column":null}},"85":{"start":{"line":199,"column":2},"end":{"line":218,"column":null}},"86":{"start":{"line":200,"column":4},"end":{"line":200,"column":null}},"87":{"start":{"line":201,"column":4},"end":{"line":201,"column":null}},"88":{"start":{"line":204,"column":21},"end":{"line":204,"column":null}},"89":{"start":{"line":205,"column":4},"end":{"line":205,"column":null}},"90":{"start":{"line":206,"column":4},"end":{"line":206,"column":null}},"91":{"start":{"line":207,"column":4},"end":{"line":207,"column":null}},"92":{"start":{"line":208,"column":4},"end":{"line":208,"column":null}},"93":{"start":{"line":210,"column":4},"end":{"line":217,"column":null}},"94":{"start":{"line":211,"column":6},"end":{"line":211,"column":null}},"95":{"start":{"line":212,"column":6},"end":{"line":212,"column":null}},"96":{"start":{"line":213,"column":6},"end":{"line":213,"column":null}},"97":{"start":{"line":215,"column":6},"end":{"line":215,"column":null}},"98":{"start":{"line":216,"column":6},"end":{"line":216,"column":null}},"99":{"start":{"line":225,"column":21},"end":{"line":225,"column":null}},"100":{"start":{"line":226,"column":2},"end":{"line":226,"column":null}},"101":{"start":{"line":234,"column":22},"end":{"line":234,"column":null}},"102":{"start":{"line":235,"column":18},"end":{"line":235,"column":null}},"103":{"start":{"line":235,"column":44},"end":{"line":235,"column":null}},"104":{"start":{"line":236,"column":2},"end":{"line":236,"column":null}},"105":{"start":{"line":246,"column":42},"end":{"line":246,"column":null}},"106":{"start":{"line":247,"column":13},"end":{"line":247,"column":null}},"107":{"start":{"line":250,"column":22},"end":{"line":250,"column":null}},"108":{"start":{"line":253,"column":2},"end":{"line":258,"column":null}},"109":{"start":{"line":254,"column":4},"end":{"line":257,"column":null}},"110":{"start":{"line":255,"column":6},"end":{"line":255,"column":null}},"111":{"start":{"line":256,"column":6},"end":{"line":256,"column":null}},"112":{"start":{"line":260,"column":2},"end":{"line":260,"column":null}},"113":{"start":{"line":270,"column":2},"end":{"line":276,"column":null}},"114":{"start":{"line":271,"column":4},"end":{"line":274,"column":null}},"115":{"start":{"line":272,"column":21},"end":{"line":272,"column":null}},"116":{"start":{"line":273,"column":6},"end":{"line":273,"column":null}},"117":{"start":{"line":273,"column":24},"end":{"line":273,"column":null}},"118":{"start":{"line":275,"column":4},"end":{"line":275,"column":null}}},"fnMap":{"0":{"name":"cn","decl":{"start":{"line":8,"column":16},"end":{"line":8,"column":18}},"loc":{"start":{"line":8,"column":42},"end":{"line":10,"column":null}}},"1":{"name":"formatDate","decl":{"start":{"line":15,"column":16},"end":{"line":15,"column":26}},"loc":{"start":{"line":15,"column":84},"end":{"line":18,"column":null}}},"2":{"name":"formatRelativeDate","decl":{"start":{"line":23,"column":16},"end":{"line":23,"column":34}},"loc":{"start":{"line":23,"column":54},"end":{"line":37,"column":null}}},"3":{"name":"getPriorityInfo","decl":{"start":{"line":42,"column":16},"end":{"line":42,"column":31}},"loc":{"start":{"line":42,"column":49},"end":{"line":57,"column":null}}},"4":{"name":"getFieldColor","decl":{"start":{"line":62,"column":16},"end":{"line":62,"column":29}},"loc":{"start":{"line":62,"column":48},"end":{"line":83,"column":null}}},"5":{"name":"truncateText","decl":{"start":{"line":88,"column":16},"end":{"line":88,"column":28}},"loc":{"start":{"line":88,"column":66},"end":{"line":91,"column":null}}},"6":{"name":"getInitials","decl":{"start":{"line":96,"column":16},"end":{"line":96,"column":27}},"loc":{"start":{"line":96,"column":41},"end":{"line":104,"column":null}}},"7":{"name":"(anonymous_25)","decl":{"start":{"line":100,"column":9},"end":{"line":100,"column":17}},"loc":{"start":{"line":100,"column":17},"end":{"line":100,"column":null}}},"8":{"name":"debounce","decl":{"start":{"line":109,"column":16},"end":{"line":109,"column":24}},"loc":{"start":{"line":111,"column":14},"end":{"line":124,"column":null}}},"9":{"name":"executedFunction","decl":{"start":{"line":115,"column":18},"end":{"line":115,"column":35}},"loc":{"start":{"line":115,"column":57},"end":{"line":123,"column":null}}},"10":{"name":"(anonymous_28)","decl":{"start":{"line":116,"column":18},"end":{"line":116,"column":null}},"loc":{"start":{"line":116,"column":18},"end":{"line":119,"column":null}}},"11":{"name":"isOverdue","decl":{"start":{"line":129,"column":16},"end":{"line":129,"column":25}},"loc":{"start":{"line":129,"column":73},"end":{"line":135,"column":null}}},"12":{"name":"getTaskStatus","decl":{"start":{"line":140,"column":16},"end":{"line":140,"column":29}},"loc":{"start":{"line":147,"column":1},"end":{"line":173,"column":null}}},"13":{"name":"formatFileSize","decl":{"start":{"line":178,"column":16},"end":{"line":178,"column":30}},"loc":{"start":{"line":178,"column":44},"end":{"line":186,"column":null}}},"14":{"name":"generateId","decl":{"start":{"line":191,"column":16},"end":{"line":191,"column":26}},"loc":{"start":{"line":191,"column":16},"end":{"line":193,"column":null}}},"15":{"name":"copyToClipboard","decl":{"start":{"line":198,"column":22},"end":{"line":198,"column":37}},"loc":{"start":{"line":198,"column":50},"end":{"line":219,"column":null}}},"16":{"name":"isValidEmail","decl":{"start":{"line":224,"column":16},"end":{"line":224,"column":28}},"loc":{"start":{"line":224,"column":42},"end":{"line":227,"column":null}}},"17":{"name":"getContrastColor","decl":{"start":{"line":232,"column":16},"end":{"line":232,"column":32}},"loc":{"start":{"line":232,"column":48},"end":{"line":237,"column":null}}},"18":{"name":"(anonymous_36)","decl":{"start":{"line":235,"column":35},"end":{"line":235,"column":44}},"loc":{"start":{"line":235,"column":44},"end":{"line":235,"column":null}}},"19":{"name":"parseSearchQuery","decl":{"start":{"line":242,"column":16},"end":{"line":242,"column":32}},"loc":{"start":{"line":242,"column":46},"end":{"line":261,"column":null}}},"20":{"name":"multiSort","decl":{"start":{"line":266,"column":16},"end":{"line":266,"column":25}},"loc":{"start":{"line":268,"column":43},"end":{"line":277,"column":null}}},"21":{"name":"(anonymous_39)","decl":{"start":{"line":270,"column":20},"end":{"line":270,"column":21}},"loc":{"start":{"line":270,"column":24},"end":{"line":276,"column":null}}}},"branchMap":{"0":{"loc":{"start":{"line":15,"column":48},"end":{"line":15,"column":84}},"type":"default-arg","locations":[{"start":{"line":15,"column":71},"end":{"line":15,"column":84}}]},"1":{"loc":{"start":{"line":16,"column":18},"end":{"line":16,"column":null}},"type":"cond-expr","locations":[{"start":{"line":16,"column":45},"end":{"line":16,"column":62}},{"start":{"line":16,"column":62},"end":{"line":16,"column":null}}]},"2":{"loc":{"start":{"line":24,"column":18},"end":{"line":24,"column":null}},"type":"cond-expr","locations":[{"start":{"line":24,"column":45},"end":{"line":24,"column":62}},{"start":{"line":24,"column":62},"end":{"line":24,"column":null}}]},"3":{"loc":{"start":{"line":26,"column":2},"end":{"line":28,"column":null}},"type":"if","locations":[{"start":{"line":26,"column":2},"end":{"line":28,"column":null}}]},"4":{"loc":{"start":{"line":29,"column":2},"end":{"line":31,"column":null}},"type":"if","locations":[{"start":{"line":29,"column":2},"end":{"line":31,"column":null}}]},"5":{"loc":{"start":{"line":32,"column":2},"end":{"line":34,"column":null}},"type":"if","locations":[{"start":{"line":32,"column":2},"end":{"line":34,"column":null}}]},"6":{"loc":{"start":{"line":43,"column":2},"end":{"line":56,"column":null}},"type":"switch","locations":[{"start":{"line":44,"column":4},"end":{"line":45,"column":null}},{"start":{"line":46,"column":4},"end":{"line":47,"column":null}},{"start":{"line":48,"column":4},"end":{"line":49,"column":null}},{"start":{"line":50,"column":4},"end":{"line":51,"column":null}},{"start":{"line":52,"column":4},"end":{"line":53,"column":null}},{"start":{"line":54,"column":4},"end":{"line":55,"column":null}}]},"7":{"loc":{"start":{"line":63,"column":2},"end":{"line":63,"column":null}},"type":"if","locations":[{"start":{"line":63,"column":2},"end":{"line":63,"column":null}}]},"8":{"loc":{"start":{"line":82,"column":9},"end":{"line":82,"column":null}},"type":"binary-expr","locations":[{"start":{"line":82,"column":9},"end":{"line":82,"column":47}},{"start":{"line":82,"column":51},"end":{"line":82,"column":null}}]},"9":{"loc":{"start":{"line":88,"column":43},"end":{"line":88,"column":66}},"type":"default-arg","locations":[{"start":{"line":88,"column":63},"end":{"line":88,"column":66}}]},"10":{"loc":{"start":{"line":89,"column":2},"end":{"line":89,"column":null}},"type":"if","locations":[{"start":{"line":89,"column":2},"end":{"line":89,"column":null}}]},"11":{"loc":{"start":{"line":97,"column":2},"end":{"line":97,"column":null}},"type":"if","locations":[{"start":{"line":97,"column":2},"end":{"line":97,"column":null}}]},"12":{"loc":{"start":{"line":130,"column":2},"end":{"line":130,"column":null}},"type":"if","locations":[{"start":{"line":130,"column":2},"end":{"line":130,"column":null}}]},"13":{"loc":{"start":{"line":130,"column":6},"end":{"line":130,"column":38}},"type":"binary-expr","locations":[{"start":{"line":130,"column":6},"end":{"line":130,"column":18}},{"start":{"line":130,"column":22},"end":{"line":130,"column":38}}]},"14":{"loc":{"start":{"line":148,"column":2},"end":{"line":150,"column":null}},"type":"if","locations":[{"start":{"line":148,"column":2},"end":{"line":150,"column":null}}]},"15":{"loc":{"start":{"line":152,"column":2},"end":{"line":154,"column":null}},"type":"if","locations":[{"start":{"line":152,"column":2},"end":{"line":154,"column":null}}]},"16":{"loc":{"start":{"line":156,"column":2},"end":{"line":158,"column":null}},"type":"if","locations":[{"start":{"line":156,"column":2},"end":{"line":158,"column":null}}]},"17":{"loc":{"start":{"line":160,"column":2},"end":{"line":162,"column":null}},"type":"if","locations":[{"start":{"line":160,"column":2},"end":{"line":162,"column":null}}]},"18":{"loc":{"start":{"line":164,"column":2},"end":{"line":166,"column":null}},"type":"if","locations":[{"start":{"line":164,"column":2},"end":{"line":166,"column":null}}]},"19":{"loc":{"start":{"line":168,"column":2},"end":{"line":170,"column":null}},"type":"if","locations":[{"start":{"line":168,"column":2},"end":{"line":170,"column":null}}]},"20":{"loc":{"start":{"line":179,"column":2},"end":{"line":179,"column":null}},"type":"if","locations":[{"start":{"line":179,"column":2},"end":{"line":179,"column":null}}]},"21":{"loc":{"start":{"line":236,"column":9},"end":{"line":236,"column":null}},"type":"cond-expr","locations":[{"start":{"line":236,"column":19},"end":{"line":236,"column":37}},{"start":{"line":236,"column":37},"end":{"line":236,"column":null}}]},"22":{"loc":{"start":{"line":254,"column":4},"end":{"line":257,"column":null}},"type":"if","locations":[{"start":{"line":254,"column":4},"end":{"line":257,"column":null}}]},"23":{"loc":{"start":{"line":254,"column":8},"end":{"line":254,"column":28}},"type":"binary-expr","locations":[{"start":{"line":254,"column":8},"end":{"line":254,"column":16}},{"start":{"line":254,"column":20},"end":{"line":254,"column":28}}]},"24":{"loc":{"start":{"line":273,"column":6},"end":{"line":273,"column":null}},"type":"if","locations":[{"start":{"line":273,"column":6},"end":{"line":273,"column":null}}]}},"s":{"0":0,"1":0,"2":0,"3":0,"4":0,"5":0,"6":0,"7":0,"8":0,"9":0,"10":0,"11":0,"12":0,"13":0,"14":0,"15":0,"16":0,"17":0,"18":0,"19":0,"20":0,"21":0,"22":0,"23":0,"24":0,"25":0,"26":0,"27":0,"28":0,"29":0,"30":0,"31":0,"32":0,"33":0,"34":0,"35":0,"36":0,"37":0,"38":0,"39":0,"40":0,"41":0,"42":0,"43":0,"44":0,"45":0,"46":0,"47":0,"48":0,"49":0,"50":0,"51":0,"52":0,"53":0,"54":0,"55":0,"56":0,"57":0,"58":0,"59":0,"60":0,"61":0,"62":0,"63":0,"64":0,"65":0,"66":0,"67":0,"68":0,"69":0,"70":0,"71":0,"72":0,"73":0,"74":0,"75":0,"76":0,"77":0,"78":0,"79":0,"80":0,"81":0,"82":0,"83":0,"84":0,"85":0,"86":0,"87":0,"88":0,"89":0,"90":0,"91":0,"92":0,"93":0,"94":0,"95":0,"96":0,"97":0,"98":0,"99":0,"100":0,"101":0,"102":0,"103":0,"104":0,"105":0,"106":0,"107":0,"108":0,"109":0,"110":0,"111":0,"112":0,"113":0,"114":0,"115":0,"116":0,"117":0,"118":0},"f":{"0":0,"1":0,"2":0,"3":0,"4":0,"5":0,"6":0,"7":0,"8":0,"9":0,"10":0,"11":0,"12":0,"13":0,"14":0,"15":0,"16":0,"17":0,"18":0,"19":0,"20":0,"21":0},"b":{"0":[0],"1":[0,0],"2":[0,0],"3":[0],"4":[0],"5":[0],"6":[0,0,0,0,0,0],"7":[0],"8":[0,0],"9":[0],"10":[0],"11":[0],"12":[0],"13":[0,0],"14":[0],"15":[0],"16":[0],"17":[0],"18":[0],"19":[0],"20":[0],"21":[0,0],"22":[0],"23":[0,0],"24":[0]}}
}
