TN:
SF:src/app/api/dashboard/stats/route.ts
FN:14,GET
FNF:1
FNH:0
FNDA:0,GET
DA:1,0
DA:2,0
DA:3,0
DA:14,0
DA:15,0
DA:17,0
DA:18,0
DA:19,0
DA:22,0
DA:25,0
DA:28,0
DA:35,0
DA:38,0
DA:40,0
LF:14
LH:0
BRDA:18,0,0,0
BRF:1
BRH:0
end_of_record
TN:
SF:src/app/api/fields/route.ts
FN:14,GET
FN:36,(anonymous_2)
FNF:2
FNH:0
FNDA:0,GET
FNDA:0,(anonymous_2)
DA:1,0
DA:2,0
DA:3,0
DA:14,0
DA:15,0
DA:17,0
DA:18,0
DA:19,0
DA:22,0
DA:25,0
DA:26,0
DA:27,0
DA:30,0
DA:33,0
DA:35,0
DA:36,0
DA:50,0
DA:56,0
DA:59,0
DA:61,0
LF:20
LH:0
BRDA:18,0,0,0
BRDA:26,1,0,0
BRDA:26,1,1,0
BRDA:27,2,0,0
BRDA:27,2,1,0
BRDA:33,3,0,0
BRDA:33,3,1,0
BRDA:38,4,0,0
BRDA:38,4,1,0
BRDA:38,4,2,0
BRDA:39,5,0,0
BRDA:39,5,1,0
BRDA:39,5,2,0
BRDA:40,6,0,0
BRDA:40,6,1,0
BRF:15
BRH:0
end_of_record
TN:
SF:src/app/api/projects/route.ts
FN:14,GET
FN:74,(anonymous_2)
FNF:2
FNH:0
FNDA:0,GET
FNDA:0,(anonymous_2)
DA:1,0
DA:2,0
DA:3,0
DA:14,0
DA:15,0
DA:17,0
DA:18,0
DA:19,0
DA:22,0
DA:25,0
DA:26,0
DA:27,0
DA:28,0
DA:29,0
DA:32,0
DA:39,0
DA:41,0
DA:44,0
DA:45,0
DA:49,0
DA:52,0
DA:56,0
DA:57,0
DA:58,0
DA:62,0
DA:65,0
DA:68,0
DA:69,0
DA:70,0
DA:73,0
DA:74,0
DA:95,0
DA:103,0
DA:106,0
DA:108,0
LF:35
LH:0
BRDA:18,0,0,0
BRDA:27,1,0,0
BRDA:27,1,1,0
BRDA:28,2,0,0
BRDA:28,2,1,0
BRDA:29,3,0,0
BRDA:29,3,1,0
BRDA:39,4,0,0
BRDA:44,5,0,0
BRDA:52,6,0,0
BRDA:52,6,1,0
BRDA:65,7,0,0
BRDA:70,8,0,0
BRDA:70,8,1,0
BRDA:76,9,0,0
BRDA:76,9,1,0
BRDA:76,9,2,0
BRDA:78,10,0,0
BRDA:78,10,1,0
BRDA:81,11,0,0
BRDA:81,11,1,0
BRDA:96,12,0,0
BRDA:96,12,1,0
BRDA:97,13,0,0
BRDA:97,13,1,0
BRF:25
BRH:0
end_of_record
TN:
SF:src/app/api/projects/[id]/route.ts
FN:14,PUT
FNF:1
FNH:0
FNDA:0,PUT
DA:1,0
DA:2,0
DA:3,0
DA:14,0
DA:18,0
DA:20,0
DA:21,0
DA:22,0
DA:25,0
DA:27,0
DA:28,0
DA:29,0
DA:30,0
DA:34,0
DA:37,0
DA:38,0
DA:42,0
DA:45,0
DA:61,0
DA:68,0
DA:71,0
DA:74,0
DA:75,0
DA:81,0
LF:24
LH:0
BRDA:21,0,0,0
BRDA:29,1,0,0
BRDA:37,2,0,0
BRDA:37,3,0,0
BRDA:37,3,1,0
BRDA:47,4,0,0
BRDA:47,4,1,0
BRDA:47,4,2,0
BRDA:48,5,0,0
BRDA:48,5,1,0
BRDA:48,5,2,0
BRDA:49,6,0,0
BRDA:49,6,1,0
BRDA:50,7,0,0
BRDA:50,7,1,0
BRDA:51,8,0,0
BRDA:51,8,1,0
BRDA:52,9,0,0
BRDA:52,9,1,0
BRDA:74,10,0,0
BRDA:74,11,0,0
BRDA:74,11,1,0
BRF:22
BRH:0
end_of_record
TN:
SF:src/app/api/tasks/route.ts
FN:14,GET
FN:79,(anonymous_2)
FNF:2
FNH:0
FNDA:0,GET
FNDA:0,(anonymous_2)
DA:1,0
DA:2,0
DA:3,0
DA:14,0
DA:15,0
DA:17,0
DA:18,0
DA:19,0
DA:22,0
DA:25,0
DA:26,0
DA:27,0
DA:28,0
DA:29,0
DA:30,0
DA:33,0
DA:40,0
DA:42,0
DA:45,0
DA:46,0
DA:49,0
DA:50,0
DA:54,0
DA:57,0
DA:61,0
DA:62,0
DA:63,0
DA:67,0
DA:70,0
DA:73,0
DA:74,0
DA:75,0
DA:78,0
DA:79,0
DA:105,0
DA:113,0
DA:116,0
DA:118,0
LF:38
LH:0
BRDA:18,0,0,0
BRDA:27,1,0,0
BRDA:27,1,1,0
BRDA:28,2,0,0
BRDA:28,2,1,0
BRDA:29,3,0,0
BRDA:29,3,1,0
BRDA:30,4,0,0
BRDA:30,4,1,0
BRDA:40,5,0,0
BRDA:45,6,0,0
BRDA:49,7,0,0
BRDA:57,8,0,0
BRDA:57,8,1,0
BRDA:70,9,0,0
BRDA:75,10,0,0
BRDA:75,10,1,0
BRDA:81,11,0,0
BRDA:81,11,1,0
BRDA:81,11,2,0
BRDA:83,12,0,0
BRDA:83,12,1,0
BRDA:84,13,0,0
BRDA:84,13,1,0
BRDA:85,14,0,0
BRDA:85,14,1,0
BRDA:86,15,0,0
BRDA:86,15,1,0
BRDA:87,16,0,0
BRDA:87,16,1,0
BRDA:88,17,0,0
BRDA:88,17,1,0
BRDA:89,18,0,0
BRDA:89,18,1,0
BRDA:90,19,0,0
BRDA:90,19,1,0
BRDA:91,20,0,0
BRDA:91,20,1,0
BRDA:93,21,0,0
BRDA:93,21,1,0
BRDA:106,22,0,0
BRDA:106,22,1,0
BRDA:107,23,0,0
BRDA:107,23,1,0
BRF:44
BRH:0
end_of_record
TN:
SF:src/app/api/tasks/[id]/route.ts
FN:14,PUT
FNF:1
FNH:0
FNDA:0,PUT
DA:1,0
DA:2,0
DA:3,0
DA:14,0
DA:18,0
DA:20,0
DA:21,0
DA:22,0
DA:25,0
DA:27,0
DA:28,0
DA:29,0
DA:30,0
DA:34,0
DA:37,0
DA:38,0
DA:42,0
DA:45,0
DA:66,0
DA:73,0
DA:76,0
DA:79,0
DA:80,0
DA:86,0
LF:24
LH:0
BRDA:21,0,0,0
BRDA:29,1,0,0
BRDA:37,2,0,0
BRDA:37,3,0,0
BRDA:37,3,1,0
BRDA:47,4,0,0
BRDA:47,4,1,0
BRDA:47,4,2,0
BRDA:48,5,0,0
BRDA:48,5,1,0
BRDA:48,5,2,0
BRDA:50,6,0,0
BRDA:50,6,1,0
BRDA:51,7,0,0
BRDA:51,7,1,0
BRDA:52,8,0,0
BRDA:52,8,1,0
BRDA:53,9,0,0
BRDA:53,9,1,0
BRDA:54,10,0,0
BRDA:54,10,1,0
BRDA:55,11,0,0
BRDA:55,11,1,0
BRDA:56,12,0,0
BRDA:56,12,1,0
BRDA:57,13,0,0
BRDA:57,13,1,0
BRDA:58,14,0,0
BRDA:58,14,1,0
BRDA:60,15,0,0
BRDA:60,15,1,0
BRDA:79,16,0,0
BRDA:79,17,0,0
BRDA:79,17,1,0
BRF:34
BRH:0
end_of_record
TN:
SF:src/app/api/tasks/today/route.ts
FN:14,GET
FN:30,(anonymous_2)
FNF:2
FNH:0
FNDA:0,GET
FNDA:0,(anonymous_2)
DA:1,0
DA:2,0
DA:3,0
DA:14,0
DA:15,0
DA:17,0
DA:18,0
DA:19,0
DA:22,0
DA:25,0
DA:28,0
DA:30,0
DA:50,0
DA:56,0
DA:59,0
DA:61,0
LF:16
LH:0
BRDA:18,0,0,0
BRDA:28,1,0,0
BRDA:28,1,1,0
BRDA:32,2,0,0
BRDA:32,2,1,0
BRDA:32,2,2,0
BRDA:33,3,0,0
BRDA:33,3,1,0
BRDA:33,3,2,0
BRDA:35,4,0,0
BRDA:35,4,1,0
BRDA:36,5,0,0
BRDA:36,5,1,0
BRDA:37,6,0,0
BRDA:37,6,1,0
BRDA:38,7,0,0
BRDA:38,7,1,0
BRDA:39,8,0,0
BRDA:39,8,1,0
BRDA:40,9,0,0
BRDA:40,9,1,0
BRDA:41,10,0,0
BRDA:41,10,1,0
BRDA:42,11,0,0
BRDA:42,11,1,0
BRDA:44,12,0,0
BRDA:44,12,1,0
BRF:27
BRH:0
end_of_record
TN:
SF:src/app/api/users/me/settings/route.ts
FN:5,GET
FN:16,(anonymous_2)
FNF:2
FNH:0
FNDA:0,GET
FNDA:0,(anonymous_2)
DA:1,0
DA:3,0
DA:5,0
DA:6,0
DA:8,0
DA:15,0
DA:16,0
DA:17,0
DA:23,0
DA:24,0
DA:27,0
DA:28,0
LF:12
LH:0
BRDA:3,0,0,0
BRDA:3,0,1,0
BRDA:15,1,0,0
BRDA:18,2,0,0
BRDA:18,2,1,0
BRF:5
BRH:0
end_of_record
TN:
SF:src/app/api/users/me/settings/[device]/[setting]/route.ts
FN:16,GET
FN:53,PUT
FN:91,DELETE
FNF:3
FNH:0
FNDA:0,GET
FNDA:0,PUT
FNDA:0,DELETE
DA:1,0
DA:2,0
DA:14,0
DA:16,0
DA:20,0
DA:22,0
DA:23,0
DA:24,0
DA:27,0
DA:28,0
DA:31,0
DA:34,0
DA:36,0
DA:37,0
DA:41,0
DA:44,0
DA:46,0
DA:53,0
DA:57,0
DA:59,0
DA:60,0
DA:61,0
DA:64,0
DA:65,0
DA:68,0
DA:71,0
DA:74,0
DA:76,0
DA:79,0
DA:82,0
DA:84,0
DA:91,0
DA:95,0
DA:97,0
DA:98,0
DA:99,0
DA:102,0
DA:103,0
DA:106,0
DA:109,0
DA:111,0
DA:114,0
DA:117,0
DA:119,0
LF:44
LH:0
BRDA:23,0,0,0
BRDA:36,1,0,0
BRDA:60,2,0,0
BRDA:98,3,0,0
BRF:4
BRH:0
end_of_record
TN:
SF:src/components/auth/central-login.tsx
FN:25,CentralLogin
FN:31,(anonymous_5)
FN:91,(anonymous_6)
FN:130,(anonymous_7)
FN:143,(anonymous_8)
FN:153,(anonymous_9)
FNF:6
FNH:0
FNDA:0,CentralLogin
FNDA:0,(anonymous_5)
FNDA:0,(anonymous_6)
FNDA:0,(anonymous_7)
FNDA:0,(anonymous_8)
FNDA:0,(anonymous_9)
DA:3,0
DA:4,0
DA:11,0
DA:12,0
DA:13,0
DA:17,0
DA:18,0
DA:25,0
DA:26,0
DA:27,0
DA:28,0
DA:29,0
DA:31,0
DA:32,0
DA:33,0
DA:34,0
DA:35,0
DA:36,0
DA:37,0
DA:38,0
DA:39,0
DA:41,0
DA:43,0
DA:48,0
DA:91,0
DA:130,0
DA:143,0
DA:153,0
LF:28
LH:0
BRDA:25,0,0,0
BRDA:48,1,0,0
BRDA:48,2,0,0
BRDA:48,2,1,0
BRDA:165,3,0,0
BRDA:165,3,1,0
BRF:6
BRH:0
end_of_record
TN:
SF:src/components/gtd/dashboard-overview.tsx
FN:21,DashboardOverview
FN:27,(anonymous_5)
FN:94,(anonymous_6)
FN:102,(anonymous_7)
FN:111,(anonymous_8)
FNF:5
FNH:0
FNDA:0,DashboardOverview
FNDA:0,(anonymous_5)
FNDA:0,(anonymous_6)
FNDA:0,(anonymous_7)
FNDA:0,(anonymous_8)
DA:3,0
DA:4,0
DA:5,0
DA:12,0
DA:14,0
DA:21,0
DA:22,0
DA:24,0
DA:28,0
DA:43,0
DA:94,0
DA:95,0
DA:96,0
DA:103,0
DA:111,0
LF:15
LH:0
BRDA:24,0,0,0
BRDA:46,1,0,0
BRDA:46,1,1,0
BRDA:58,2,0,0
BRDA:58,2,1,0
BRDA:59,3,0,0
BRDA:59,3,1,0
BRDA:70,4,0,0
BRDA:70,4,1,0
BRDA:71,5,0,0
BRDA:71,5,1,0
BRDA:82,6,0,0
BRDA:82,6,1,0
BRDA:95,7,0,0
BRDA:95,8,0,0
BRDA:95,8,1,0
BRDA:107,9,0,0
BRDA:107,9,1,0
BRDA:120,10,0,0
BRDA:120,10,1,0
BRDA:130,11,0,0
BRDA:130,11,1,0
BRDA:134,12,0,0
BRDA:134,12,1,0
BRF:24
BRH:0
end_of_record
TN:
SF:src/components/gtd/inbox-items.tsx
FN:18,InboxItems
FN:29,(anonymous_5)
FN:66,(anonymous_6)
FNF:3
FNH:0
FNDA:0,InboxItems
FNDA:0,(anonymous_5)
FNDA:0,(anonymous_6)
DA:3,0
DA:4,0
DA:5,0
DA:6,0
DA:10,0
DA:18,0
DA:19,0
DA:30,0
DA:67,0
LF:9
LH:0
BRDA:19,0,0,0
BRDA:43,1,0,0
BRDA:49,2,0,0
BRDA:58,3,0,0
BRDA:77,4,0,0
BRF:5
BRH:0
end_of_record
TN:
SF:src/components/gtd/quick-capture.tsx
FN:20,QuickCapture
FN:33,(anonymous_5)
FN:44,(anonymous_6)
FN:49,(anonymous_7)
FN:61,(anonymous_8)
FN:81,(anonymous_9)
FN:82,(anonymous_10)
FN:109,(anonymous_11)
FN:109,(anonymous_12)
FN:117,(anonymous_13)
FN:117,(anonymous_14)
FN:130,(anonymous_15)
FN:130,(anonymous_16)
FN:143,(anonymous_17)
FN:143,(anonymous_18)
FN:164,(anonymous_19)
FNF:16
FNH:0
FNDA:0,QuickCapture
FNDA:0,(anonymous_5)
FNDA:0,(anonymous_6)
FNDA:0,(anonymous_7)
FNDA:0,(anonymous_8)
FNDA:0,(anonymous_9)
FNDA:0,(anonymous_10)
FNDA:0,(anonymous_11)
FNDA:0,(anonymous_12)
FNDA:0,(anonymous_13)
FNDA:0,(anonymous_14)
FNDA:0,(anonymous_15)
FNDA:0,(anonymous_16)
FNDA:0,(anonymous_17)
FNDA:0,(anonymous_18)
FNDA:0,(anonymous_19)
DA:3,0
DA:5,0
DA:6,0
DA:7,0
DA:8,0
DA:9,0
DA:10,0
DA:17,0
DA:18,0
DA:20,0
DA:21,0
DA:22,0
DA:23,0
DA:29,0
DA:31,0
DA:34,0
DA:35,0
DA:36,0
DA:37,0
DA:40,0
DA:41,0
DA:42,0
DA:45,0
DA:49,0
DA:50,0
DA:51,0
DA:53,0
DA:61,0
DA:62,0
DA:63,0
DA:64,0
DA:65,0
DA:66,0
DA:81,0
DA:82,0
DA:109,0
DA:117,0
DA:130,0
DA:143,0
DA:165,0
DA:166,0
LF:41
LH:0
BRDA:34,0,0,0
BRDA:34,0,1,0
BRDA:51,1,0,0
BRDA:62,2,0,0
BRDA:62,2,1,0
BRDA:62,3,0,0
BRDA:62,3,1,0
BRDA:62,3,2,0
BRDA:64,4,0,0
BRDA:73,5,0,0
BRDA:73,5,1,0
BRDA:91,6,0,0
BRDA:91,6,1,0
BRDA:101,7,0,0
BRDA:107,8,0,0
BRDA:107,8,1,0
BRDA:115,9,0,0
BRDA:115,9,1,0
BRDA:128,10,0,0
BRDA:128,10,1,0
BRDA:133,11,0,0
BRDA:133,11,1,0
BRDA:141,12,0,0
BRDA:141,12,1,0
BRDA:146,13,0,0
BRDA:146,13,1,0
BRDA:174,14,0,0
BRDA:174,14,1,0
BRF:28
BRH:0
end_of_record
TN:
SF:src/components/gtd/task-item.tsx
FN:28,TaskItem
FN:41,(anonymous_5)
FNF:2
FNH:0
FNDA:0,TaskItem
FNDA:0,(anonymous_5)
DA:3,0
DA:4,0
DA:12,0
DA:13,0
DA:15,0
DA:28,0
DA:38,0
DA:39,0
DA:41,0
DA:42,0
DA:43,0
LF:11
LH:0
BRDA:32,0,0,0
BRDA:33,1,0,0
BRDA:34,2,0,0
BRDA:35,3,0,0
BRDA:36,4,0,0
BRDA:42,5,0,0
BRDA:42,6,0,0
BRDA:42,6,1,0
BRDA:51,7,0,0
BRDA:51,7,1,0
BRDA:52,8,0,0
BRDA:52,8,1,0
BRDA:53,9,0,0
BRDA:53,9,1,0
BRDA:53,9,2,0
BRDA:54,10,0,0
BRDA:54,10,1,0
BRDA:55,11,0,0
BRDA:55,11,1,0
BRDA:55,11,2,0
BRDA:64,12,0,0
BRDA:64,12,1,0
BRDA:65,13,0,0
BRDA:65,13,1,0
BRDA:68,14,0,0
BRDA:68,14,1,0
BRDA:71,15,0,0
BRDA:84,16,0,0
BRDA:84,16,1,0
BRDA:93,17,0,0
BRDA:99,18,0,0
BRDA:105,19,0,0
BRDA:115,20,0,0
BRDA:115,20,1,0
BRDA:124,21,0,0
BRDA:135,22,0,0
BRDA:135,22,1,0
BRDA:143,23,0,0
BRDA:143,23,1,0
BRDA:151,24,0,0
BRDA:151,24,1,0
BRDA:154,25,0,0
BRDA:154,25,1,0
BRDA:162,26,0,0
BRDA:169,27,0,0
BRDA:169,27,1,0
BRF:46
BRH:0
end_of_record
TN:
SF:src/components/gtd/today-tasks.tsx
FN:21,TodayTasks
FN:25,(anonymous_5)
FN:26,(anonymous_6)
FN:31,(anonymous_7)
FN:46,(anonymous_8)
FN:88,(anonymous_9)
FN:92,(anonymous_10)
FNF:7
FNH:0
FNDA:0,TodayTasks
FNDA:0,(anonymous_5)
FNDA:0,(anonymous_6)
FNDA:0,(anonymous_7)
FNDA:0,(anonymous_8)
FNDA:0,(anonymous_9)
FNDA:0,(anonymous_10)
DA:3,0
DA:4,0
DA:5,0
DA:6,0
DA:7,0
DA:8,0
DA:9,0
DA:13,0
DA:21,0
DA:22,0
DA:24,0
DA:25,0
DA:27,0
DA:28,0
DA:29,0
DA:32,0
DA:36,0
DA:47,0
DA:89,0
DA:92,0
LF:20
LH:0
BRDA:36,0,0,0
BRDA:60,1,0,0
BRDA:60,1,1,0
BRDA:73,2,0,0
BRDA:72,3,0,0
BRDA:72,3,1,0
BRF:6
BRH:0
end_of_record
TN:
SF:src/components/gtd/weekly-projects.tsx
FN:20,WeeklyProjects
FN:31,(anonymous_5)
FN:66,(anonymous_6)
FN:85,ProjectItem
FNF:4
FNH:0
FNDA:0,WeeklyProjects
FNDA:0,(anonymous_5)
FNDA:0,(anonymous_6)
FNDA:0,ProjectItem
DA:3,0
DA:4,0
DA:5,0
DA:11,0
DA:13,0
DA:20,0
DA:21,0
DA:32,0
DA:67,0
DA:86,0
LF:10
LH:0
BRDA:21,0,0,0
BRDA:45,1,0,0
BRDA:58,2,0,0
BRDA:70,3,0,0
BRDA:86,4,0,0
BRDA:86,4,1,0
BRDA:92,5,0,0
BRDA:101,6,0,0
BRDA:101,6,1,0
BRDA:121,7,0,0
BRF:10
BRH:0
end_of_record
TN:
SF:src/components/layout/app-layout.tsx
FN:66,AppLayout
FN:83,(anonymous_5)
FN:92,(anonymous_6)
FN:105,(anonymous_7)
FN:111,(anonymous_8)
FN:114,(anonymous_9)
FN:128,(anonymous_10)
FN:143,(anonymous_11)
FN:172,(anonymous_12)
FN:212,SidebarContent
FN:265,(anonymous_14)
FN:315,(anonymous_15)
FNF:12
FNH:0
FNDA:0,AppLayout
FNDA:0,(anonymous_5)
FNDA:0,(anonymous_6)
FNDA:0,(anonymous_7)
FNDA:0,(anonymous_8)
FNDA:0,(anonymous_9)
FNDA:0,(anonymous_10)
FNDA:0,(anonymous_11)
FNDA:0,(anonymous_12)
FNDA:0,SidebarContent
FNDA:0,(anonymous_14)
FNDA:0,(anonymous_15)
DA:3,0
DA:5,0
DA:6,0
DA:7,0
DA:8,0
DA:9,0
DA:10,0
DA:11,0
DA:12,0
DA:24,0
DA:29,0
DA:43,0
DA:64,0
DA:66,0
DA:67,0
DA:68,0
DA:69,0
DA:70,0
DA:71,0
DA:72,0
DA:75,0
DA:78,0
DA:83,0
DA:84,0
DA:85,0
DA:86,0
DA:87,0
DA:92,0
DA:93,0
DA:94,0
DA:105,0
DA:111,0
DA:128,0
DA:143,0
DA:172,0
DA:266,0
DA:267,0
DA:268,0
DA:316,0
LF:39
LH:0
BRDA:86,0,0,0
BRDA:93,1,0,0
BRDA:103,2,0,0
BRDA:103,2,1,0
BRDA:108,3,0,0
BRDA:108,3,1,0
BRDA:122,4,0,0
BRDA:122,4,1,0
BRDA:123,5,0,0
BRDA:123,5,1,0
BRDA:135,6,0,0
BRDA:135,6,1,0
BRDA:142,7,0,0
BRDA:142,7,1,0
BRDA:152,8,0,0
BRDA:152,8,1,0
BRDA:172,9,0,0
BRDA:172,9,1,0
BRDA:173,10,0,0
BRDA:173,10,1,0
BRDA:181,11,0,0
BRDA:195,12,0,0
BRDA:195,12,1,0
BRDA:202,13,0,0
BRDA:215,14,0,0
BRDA:231,15,0,0
BRDA:235,16,0,0
BRDA:243,17,0,0
BRDA:248,18,0,0
BRDA:248,18,1,0
BRDA:257,19,0,0
BRDA:257,19,1,0
BRDA:263,20,0,0
BRDA:263,20,1,0
BRDA:267,21,0,0
BRDA:267,21,1,0
BRDA:275,22,0,0
BRDA:275,22,1,0
BRDA:278,23,0,0
BRDA:278,23,1,0
BRDA:279,24,0,0
BRDA:279,24,1,0
BRDA:284,25,0,0
BRDA:284,25,1,0
BRDA:287,26,0,0
BRDA:290,27,0,0
BRDA:293,28,0,0
BRDA:293,28,1,0
BRDA:309,29,0,0
BRDA:309,29,1,0
BRDA:322,30,0,0
BRDA:322,30,1,0
BRF:52
BRH:0
end_of_record
TN:
SF:src/components/projects/projects-list.tsx
FN:51,ProjectsList
FN:57,(anonymous_5)
FN:72,(anonymous_6)
FN:82,(anonymous_7)
FN:92,(anonymous_8)
FN:129,(anonymous_9)
FN:132,(anonymous_10)
FN:136,(anonymous_11)
FN:141,(anonymous_12)
FN:199,(anonymous_13)
FN:220,(anonymous_14)
FN:224,(anonymous_15)
FN:240,(anonymous_16)
FN:290,(anonymous_17)
FN:309,(anonymous_18)
FN:317,(anonymous_19)
FN:337,(anonymous_20)
FN:460,(anonymous_21)
FN:476,(anonymous_22)
FN:480,(anonymous_23)
FNF:20
FNH:0
FNDA:0,ProjectsList
FNDA:0,(anonymous_5)
FNDA:0,(anonymous_6)
FNDA:0,(anonymous_7)
FNDA:0,(anonymous_8)
FNDA:0,(anonymous_9)
FNDA:0,(anonymous_10)
FNDA:0,(anonymous_11)
FNDA:0,(anonymous_12)
FNDA:0,(anonymous_13)
FNDA:0,(anonymous_14)
FNDA:0,(anonymous_15)
FNDA:0,(anonymous_16)
FNDA:0,(anonymous_17)
FNDA:0,(anonymous_18)
FNDA:0,(anonymous_19)
FNDA:0,(anonymous_20)
FNDA:0,(anonymous_21)
FNDA:0,(anonymous_22)
FNDA:0,(anonymous_23)
DA:3,0
DA:4,0
DA:5,0
DA:6,0
DA:7,0
DA:8,0
DA:9,0
DA:10,0
DA:11,0
DA:17,0
DA:21,0
DA:51,0
DA:52,0
DA:53,0
DA:54,0
DA:57,0
DA:58,0
DA:60,0
DA:66,0
DA:67,0
DA:68,0
DA:72,0
DA:73,0
DA:74,0
DA:76,0
DA:77,0
DA:82,0
DA:87,0
DA:93,0
DA:94,0
DA:95,0
DA:110,0
DA:125,0
DA:128,0
DA:130,0
DA:134,0
DA:137,0
DA:141,0
DA:145,0
DA:147,0
DA:148,0
DA:149,0
DA:151,0
DA:152,0
DA:153,0
DA:155,0
DA:156,0
DA:157,0
DA:159,0
DA:160,0
DA:161,0
DA:163,0
DA:164,0
DA:165,0
DA:167,0
DA:168,0
DA:169,0
DA:171,0
DA:172,0
DA:173,0
DA:175,0
DA:176,0
DA:177,0
DA:179,0
DA:180,0
DA:181,0
DA:183,0
DA:184,0
DA:185,0
DA:187,0
DA:188,0
DA:191,0
DA:192,0
DA:194,0
DA:199,0
DA:200,0
DA:202,0
DA:204,0
DA:206,0
DA:207,0
DA:208,0
DA:209,0
DA:210,0
DA:211,0
DA:213,0
DA:215,0
DA:220,0
DA:221,0
DA:224,0
DA:225,0
DA:226,0
DA:227,0
DA:229,0
DA:234,0
DA:237,0
DA:241,0
DA:254,0
DA:291,0
DA:311,0
DA:312,0
DA:313,0
DA:315,0
DA:317,0
DA:318,0
DA:320,0
DA:326,0
DA:338,0
DA:359,0
DA:375,0
DA:383,0
DA:391,0
DA:399,0
DA:407,0
DA:415,0
DA:423,0
DA:431,0
DA:439,0
DA:451,0
DA:455,0
DA:460,0
DA:476,0
DA:480,0
LF:122
LH:0
BRDA:58,0,0,0
BRDA:58,1,0,0
BRDA:58,1,1,0
BRDA:66,2,0,0
BRDA:66,2,1,0
BRDA:73,3,0,0
BRDA:73,3,1,0
BRDA:74,4,0,0
BRDA:74,4,1,0
BRDA:82,5,0,0
BRDA:100,6,0,0
BRDA:100,6,1,0
BRDA:101,7,0,0
BRDA:101,7,1,0
BRDA:145,8,0,0
BRDA:145,8,1,0
BRDA:145,8,2,0
BRDA:145,8,3,0
BRDA:145,8,4,0
BRDA:145,8,5,0
BRDA:145,8,6,0
BRDA:145,8,7,0
BRDA:145,8,8,0
BRDA:145,8,9,0
BRDA:145,8,10,0
BRDA:147,9,0,0
BRDA:147,9,1,0
BRDA:147,9,2,0
BRDA:148,10,0,0
BRDA:148,10,1,0
BRDA:148,10,2,0
BRDA:151,11,0,0
BRDA:151,11,1,0
BRDA:152,12,0,0
BRDA:152,12,1,0
BRDA:155,13,0,0
BRDA:155,13,1,0
BRDA:156,14,0,0
BRDA:156,14,1,0
BRDA:159,15,0,0
BRDA:159,15,1,0
BRDA:160,16,0,0
BRDA:160,16,1,0
BRDA:163,17,0,0
BRDA:163,17,1,0
BRDA:164,18,0,0
BRDA:164,18,1,0
BRDA:167,19,0,0
BRDA:167,19,1,0
BRDA:168,20,0,0
BRDA:168,20,1,0
BRDA:171,21,0,0
BRDA:171,21,1,0
BRDA:172,22,0,0
BRDA:172,22,1,0
BRDA:175,23,0,0
BRDA:175,23,1,0
BRDA:176,24,0,0
BRDA:176,24,1,0
BRDA:187,25,0,0
BRDA:187,25,1,0
BRDA:187,25,2,0
BRDA:188,26,0,0
BRDA:188,26,1,0
BRDA:188,26,2,0
BRDA:191,27,0,0
BRDA:191,27,1,0
BRDA:192,28,0,0
BRDA:192,28,1,0
BRDA:192,29,0,0
BRDA:192,29,1,0
BRDA:194,30,0,0
BRDA:194,30,1,0
BRDA:194,31,0,0
BRDA:194,31,1,0
BRDA:200,32,0,0
BRDA:200,32,1,0
BRDA:200,32,2,0
BRDA:200,32,3,0
BRDA:200,32,4,0
BRDA:202,33,0,0
BRDA:202,33,1,0
BRDA:204,34,0,0
BRDA:204,34,1,0
BRDA:206,35,0,0
BRDA:206,35,1,0
BRDA:207,36,0,0
BRDA:208,37,0,0
BRDA:209,38,0,0
BRDA:210,39,0,0
BRDA:213,40,0,0
BRDA:213,40,1,0
BRDA:221,41,0,0
BRDA:221,41,1,0
BRDA:237,42,0,0
BRDA:237,43,0,0
BRDA:237,43,1,0
BRDA:254,44,0,0
BRDA:260,45,0,0
BRDA:260,45,1,0
BRDA:263,46,0,0
BRDA:263,46,1,0
BRDA:277,47,0,0
BRDA:277,47,1,0
BRDA:278,48,0,0
BRDA:278,48,1,0
BRDA:293,49,0,0
BRDA:293,49,1,0
BRDA:301,50,0,0
BRDA:301,50,1,0
BRDA:318,51,0,0
BRDA:318,51,1,0
BRDA:318,51,2,0
BRDA:318,51,3,0
BRDA:318,51,4,0
BRDA:318,51,5,0
BRDA:318,51,6,0
BRDA:318,51,7,0
BRDA:318,51,8,0
BRDA:318,51,9,0
BRDA:318,51,10,0
BRDA:318,51,11,0
BRDA:318,51,12,0
BRDA:330,52,0,0
BRDA:336,53,0,0
BRDA:336,53,1,0
BRDA:336,53,2,0
BRDA:347,54,0,0
BRDA:363,55,0,0
BRDA:378,56,0,0
BRDA:378,56,1,0
BRDA:386,57,0,0
BRDA:386,57,1,0
BRDA:394,58,0,0
BRDA:394,58,1,0
BRDA:402,59,0,0
BRDA:402,59,1,0
BRDA:410,60,0,0
BRDA:410,60,1,0
BRDA:418,61,0,0
BRDA:418,61,1,0
BRDA:291,62,0,0
BRDA:291,62,1,0
BRDA:471,63,0,0
BRF:144
BRH:0
end_of_record
TN:
SF:src/components/providers/query-provider.tsx
FN:15,(anonymous_7)
FN:31,(anonymous_8)
FN:42,(anonymous_9)
FN:43,(anonymous_10)
FN:51,(anonymous_11)
FN:58,(anonymous_12)
FN:65,(anonymous_13)
FN:72,(anonymous_14)
FN:83,QueryProvider
FN:85,(anonymous_16)
FN:90,(anonymous_17)
FN:94,(anonymous_18)
FN:101,(anonymous_19)
FN:102,(anonymous_20)
FN:107,(anonymous_21)
FNF:15
FNH:0
FNDA:0,(anonymous_7)
FNDA:0,(anonymous_8)
FNDA:0,(anonymous_9)
FNDA:0,(anonymous_10)
FNDA:0,(anonymous_11)
FNDA:0,(anonymous_12)
FNDA:0,(anonymous_13)
FNDA:0,(anonymous_14)
FNDA:0,QueryProvider
FNDA:0,(anonymous_16)
FNDA:0,(anonymous_17)
FNDA:0,(anonymous_18)
FNDA:0,(anonymous_19)
FNDA:0,(anonymous_20)
FNDA:0,(anonymous_21)
DA:3,0
DA:4,0
DA:5,0
DA:6,0
DA:9,0
DA:17,0
DA:18,0
DA:20,0
DA:32,0
DA:39,0
DA:42,0
DA:43,0
DA:45,0
DA:47,0
DA:51,0
DA:58,0
DA:65,0
DA:72,0
DA:77,0
DA:79,0
DA:83,0
DA:85,0
DA:87,0
DA:90,0
DA:91,0
DA:94,0
DA:95,0
DA:96,0
DA:101,0
DA:102,0
DA:103,0
DA:106,0
DA:107,0
DA:119,0
LF:34
LH:0
BRDA:17,0,0,0
BRDA:17,1,0,0
BRDA:17,1,1,0
BRDA:17,1,2,0
BRF:4
BRH:0
end_of_record
TN:
SF:src/components/providers/theme-provider.tsx
FN:7,ThemeProvider
FNF:1
FNH:0
FNDA:0,ThemeProvider
DA:3,0
DA:4,0
DA:7,0
LF:3
LH:0
BRF:0
BRH:0
end_of_record
TN:
SF:src/components/tasks/tasks-list.tsx
FN:62,TasksList
FN:68,(anonymous_5)
FN:89,(anonymous_6)
FN:99,(anonymous_7)
FN:109,(anonymous_8)
FN:147,(anonymous_9)
FN:150,(anonymous_10)
FN:157,(anonymous_11)
FN:215,(anonymous_12)
FN:241,(anonymous_13)
FN:245,(anonymous_14)
FN:293,(anonymous_15)
FN:312,(anonymous_16)
FN:320,(anonymous_17)
FN:340,(anonymous_18)
FN:516,(anonymous_19)
FNF:16
FNH:0
FNDA:0,TasksList
FNDA:0,(anonymous_5)
FNDA:0,(anonymous_6)
FNDA:0,(anonymous_7)
FNDA:0,(anonymous_8)
FNDA:0,(anonymous_9)
FNDA:0,(anonymous_10)
FNDA:0,(anonymous_11)
FNDA:0,(anonymous_12)
FNDA:0,(anonymous_13)
FNDA:0,(anonymous_14)
FNDA:0,(anonymous_15)
FNDA:0,(anonymous_16)
FNDA:0,(anonymous_17)
FNDA:0,(anonymous_18)
FNDA:0,(anonymous_19)
DA:3,0
DA:4,0
DA:5,0
DA:6,0
DA:7,0
DA:8,0
DA:9,0
DA:10,0
DA:11,0
DA:21,0
DA:25,0
DA:62,0
DA:63,0
DA:64,0
DA:65,0
DA:68,0
DA:69,0
DA:71,0
DA:83,0
DA:84,0
DA:85,0
DA:89,0
DA:90,0
DA:91,0
DA:93,0
DA:94,0
DA:99,0
DA:104,0
DA:110,0
DA:111,0
DA:112,0
DA:127,0
DA:143,0
DA:146,0
DA:148,0
DA:152,0
DA:157,0
DA:161,0
DA:163,0
DA:164,0
DA:165,0
DA:167,0
DA:168,0
DA:169,0
DA:171,0
DA:172,0
DA:173,0
DA:175,0
DA:176,0
DA:177,0
DA:179,0
DA:180,0
DA:181,0
DA:183,0
DA:184,0
DA:185,0
DA:187,0
DA:188,0
DA:189,0
DA:191,0
DA:192,0
DA:193,0
DA:195,0
DA:196,0
DA:197,0
DA:199,0
DA:200,0
DA:201,0
DA:203,0
DA:204,0
DA:207,0
DA:208,0
DA:210,0
DA:215,0
DA:216,0
DA:218,0
DA:220,0
DA:222,0
DA:224,0
DA:226,0
DA:228,0
DA:230,0
DA:232,0
DA:234,0
DA:236,0
DA:241,0
DA:242,0
DA:245,0
DA:246,0
DA:247,0
DA:248,0
DA:250,0
DA:255,0
DA:257,0
DA:294,0
DA:314,0
DA:315,0
DA:316,0
DA:318,0
DA:320,0
DA:321,0
DA:323,0
DA:329,0
DA:341,0
DA:385,0
DA:400,0
DA:416,0
DA:424,0
DA:432,0
DA:440,0
DA:448,0
DA:462,0
DA:479,0
DA:487,0
DA:495,0
DA:507,0
DA:511,0
DA:516,0
LF:118
LH:0
BRDA:69,0,0,0
BRDA:69,1,0,0
BRDA:69,1,1,0
BRDA:83,2,0,0
BRDA:83,2,1,0
BRDA:90,3,0,0
BRDA:90,3,1,0
BRDA:91,4,0,0
BRDA:91,4,1,0
BRDA:99,5,0,0
BRDA:117,6,0,0
BRDA:117,6,1,0
BRDA:118,7,0,0
BRDA:118,7,1,0
BRDA:161,8,0,0
BRDA:161,8,1,0
BRDA:161,8,2,0
BRDA:161,8,3,0
BRDA:161,8,4,0
BRDA:161,8,5,0
BRDA:161,8,6,0
BRDA:161,8,7,0
BRDA:161,8,8,0
BRDA:161,8,9,0
BRDA:161,8,10,0
BRDA:163,9,0,0
BRDA:163,9,1,0
BRDA:163,9,2,0
BRDA:164,10,0,0
BRDA:164,10,1,0
BRDA:164,10,2,0
BRDA:167,11,0,0
BRDA:167,11,1,0
BRDA:168,12,0,0
BRDA:168,12,1,0
BRDA:171,13,0,0
BRDA:171,13,1,0
BRDA:172,14,0,0
BRDA:172,14,1,0
BRDA:175,15,0,0
BRDA:175,15,1,0
BRDA:176,16,0,0
BRDA:176,16,1,0
BRDA:179,17,0,0
BRDA:179,17,1,0
BRDA:180,18,0,0
BRDA:180,18,1,0
BRDA:183,19,0,0
BRDA:183,19,1,0
BRDA:184,20,0,0
BRDA:184,20,1,0
BRDA:187,21,0,0
BRDA:187,21,1,0
BRDA:188,22,0,0
BRDA:188,22,1,0
BRDA:191,23,0,0
BRDA:191,23,1,0
BRDA:192,24,0,0
BRDA:192,24,1,0
BRDA:203,25,0,0
BRDA:203,25,1,0
BRDA:203,25,2,0
BRDA:204,26,0,0
BRDA:204,26,1,0
BRDA:204,26,2,0
BRDA:207,27,0,0
BRDA:207,27,1,0
BRDA:208,28,0,0
BRDA:208,28,1,0
BRDA:208,29,0,0
BRDA:208,29,1,0
BRDA:210,30,0,0
BRDA:210,30,1,0
BRDA:210,31,0,0
BRDA:210,31,1,0
BRDA:216,32,0,0
BRDA:216,32,1,0
BRDA:216,32,2,0
BRDA:216,32,3,0
BRDA:216,32,4,0
BRDA:216,32,5,0
BRDA:216,32,6,0
BRDA:216,32,7,0
BRDA:216,32,8,0
BRDA:216,32,9,0
BRDA:218,33,0,0
BRDA:218,33,1,0
BRDA:220,34,0,0
BRDA:220,34,1,0
BRDA:222,35,0,0
BRDA:222,35,1,0
BRDA:224,36,0,0
BRDA:224,36,1,0
BRDA:226,37,0,0
BRDA:226,37,1,0
BRDA:228,38,0,0
BRDA:228,38,1,0
BRDA:230,39,0,0
BRDA:230,39,1,0
BRDA:232,40,0,0
BRDA:232,40,1,0
BRDA:234,41,0,0
BRDA:234,41,1,0
BRDA:257,42,0,0
BRDA:263,43,0,0
BRDA:263,43,1,0
BRDA:266,44,0,0
BRDA:266,44,1,0
BRDA:280,45,0,0
BRDA:280,45,1,0
BRDA:281,46,0,0
BRDA:281,46,1,0
BRDA:296,47,0,0
BRDA:296,47,1,0
BRDA:304,48,0,0
BRDA:304,48,1,0
BRDA:321,49,0,0
BRDA:321,49,1,0
BRDA:321,49,2,0
BRDA:321,49,3,0
BRDA:321,49,4,0
BRDA:321,49,5,0
BRDA:321,49,6,0
BRDA:321,49,7,0
BRDA:321,49,8,0
BRDA:321,49,9,0
BRDA:321,49,10,0
BRDA:321,49,11,0
BRDA:321,49,12,0
BRDA:321,49,13,0
BRDA:333,50,0,0
BRDA:339,51,0,0
BRDA:339,51,1,0
BRDA:339,51,2,0
BRDA:351,52,0,0
BRDA:356,53,0,0
BRDA:356,53,1,0
BRDA:361,54,0,0
BRDA:367,55,0,0
BRDA:373,56,0,0
BRDA:388,57,0,0
BRDA:404,58,0,0
BRDA:419,59,0,0
BRDA:419,59,1,0
BRDA:427,60,0,0
BRDA:427,60,1,0
BRDA:435,61,0,0
BRDA:435,61,1,0
BRDA:443,62,0,0
BRDA:443,62,1,0
BRDA:451,63,0,0
BRDA:465,64,0,0
BRDA:294,65,0,0
BRDA:294,65,1,0
BRF:154
BRH:0
end_of_record
TN:
SF:src/components/ui/badge.tsx
FN:15,Badge
FNF:1
FNH:0
FNDA:0,Badge
DA:1,0
DA:2,0
DA:4,0
DA:28,0
LF:4
LH:0
BRDA:15,0,0,0
BRF:1
BRH:0
end_of_record
TN:
SF:src/components/ui/button.tsx
FN:49,(anonymous_6)
FNF:1
FNH:0
FNDA:0,(anonymous_6)
DA:1,0
DA:2,0
DA:3,0
DA:4,0
DA:6,0
DA:48,0
DA:50,0
DA:93,0
DA:95,0
LF:9
LH:0
BRDA:49,0,0,0
BRDA:49,1,0,0
BRDA:50,2,0,0
BRDA:50,2,1,0
BRDA:56,3,0,0
BRDA:56,3,1,0
BRDA:59,4,0,0
BRDA:81,5,0,0
BRDA:81,5,1,0
BRDA:85,6,0,0
BRDA:85,6,1,0
BRF:11
BRH:0
end_of_record
TN:
SF:src/components/ui/card.tsx
FNF:0
FNH:0
DA:1,0
DA:2,0
DA:22,0
DA:34,0
DA:49,0
DA:61,0
DA:69,0
DA:81,0
DA:83,0
LF:9
LH:0
BRDA:10,0,0,0
BRDA:10,1,0,0
BRDA:15,2,0,0
BRDA:15,2,1,0
BRDA:16,3,0,0
BRDA:16,3,1,0
BRF:6
BRH:0
end_of_record
TN:
SF:src/components/ui/dialog.tsx
FNF:0
FNH:0
DA:3,0
DA:4,0
DA:5,0
DA:7,0
DA:9,0
DA:11,0
DA:13,0
DA:15,0
DA:30,0
DA:54,0
DA:68,0
DA:82,0
DA:97,0
DA:109,0
DA:112,0
DA:113,0
DA:114,0
DA:115,0
DA:116,0
DA:117,0
DA:118,0
DA:119,0
DA:120,0
DA:121,0
LF:24
LH:0
BRF:0
BRH:0
end_of_record
TN:
SF:src/components/ui/dropdown-menu.tsx
FN:172,(anonymous_27)
FNF:1
FNH:0
FNDA:0,(anonymous_27)
DA:3,0
DA:4,0
DA:5,0
DA:7,0
DA:9,0
DA:11,0
DA:13,0
DA:15,0
DA:17,0
DA:19,0
DA:40,0
DA:56,0
DA:76,0
DA:94,0
DA:117,0
DA:140,0
DA:158,0
DA:170,0
DA:172,0
DA:183,0
DA:186,0
DA:187,0
DA:188,0
DA:189,0
DA:190,0
DA:191,0
DA:192,0
DA:193,0
DA:194,0
DA:195,0
DA:196,0
DA:197,0
DA:198,0
DA:199,0
DA:200,0
LF:35
LH:0
BRDA:31,0,0,0
BRDA:31,0,1,0
BRDA:62,1,0,0
BRDA:88,2,0,0
BRDA:88,2,1,0
BRDA:152,3,0,0
BRDA:152,3,1,0
BRF:7
BRH:0
end_of_record
TN:
SF:src/components/ui/group-by-dropdown.tsx
FN:20,GroupByDropdown
FN:30,(anonymous_7)
FN:31,(anonymous_8)
FN:38,(anonymous_9)
FN:43,(anonymous_10)
FN:48,(anonymous_11)
FN:57,(anonymous_12)
FN:63,(anonymous_13)
FN:111,(anonymous_14)
FN:114,(anonymous_15)
FN:144,useGroupBy
FN:149,(anonymous_17)
FN:156,(anonymous_18)
FN:168,(anonymous_19)
FN:169,(anonymous_20)
FNF:15
FNH:0
FNDA:0,GroupByDropdown
FNDA:0,(anonymous_7)
FNDA:0,(anonymous_8)
FNDA:0,(anonymous_9)
FNDA:0,(anonymous_10)
FNDA:0,(anonymous_11)
FNDA:0,(anonymous_12)
FNDA:0,(anonymous_13)
FNDA:0,(anonymous_14)
FNDA:0,(anonymous_15)
FNDA:0,useGroupBy
FNDA:0,(anonymous_17)
FNDA:0,(anonymous_18)
FNDA:0,(anonymous_19)
FNDA:0,(anonymous_20)
DA:3,0
DA:4,0
DA:5,0
DA:20,0
DA:26,0
DA:27,0
DA:30,0
DA:31,0
DA:32,0
DA:33,0
DA:37,0
DA:38,0
DA:39,0
DA:43,0
DA:44,0
DA:45,0
DA:48,0
DA:49,0
DA:50,0
DA:52,0
DA:54,0
DA:57,0
DA:63,0
DA:112,0
DA:114,0
DA:144,0
DA:149,0
DA:150,0
DA:151,0
DA:154,0
DA:156,0
DA:157,0
DA:158,0
DA:160,0
DA:161,0
DA:163,0
DA:167,0
DA:168,0
DA:169,0
DA:172,0
LF:40
LH:0
BRDA:32,0,0,0
BRDA:32,1,0,0
BRDA:32,1,1,0
BRDA:49,2,0,0
BRDA:49,2,1,0
BRDA:69,3,0,0
BRDA:69,3,1,0
BRDA:74,4,0,0
BRDA:74,4,1,0
BRDA:79,5,0,0
BRDA:79,5,1,0
BRDA:85,6,0,0
BRDA:97,7,0,0
BRDA:97,7,1,0
BRDA:102,8,0,0
BRDA:119,9,0,0
BRDA:119,9,1,0
BRDA:122,10,0,0
BRDA:122,10,1,0
BRDA:126,11,0,0
BRDA:131,12,0,0
BRDA:131,12,1,0
BRDA:150,13,0,0
BRDA:150,14,0,0
BRDA:150,14,1,0
BRDA:158,15,0,0
BRDA:158,15,1,0
BRDA:160,16,0,0
BRF:28
BRH:0
end_of_record
TN:
SF:src/components/ui/inline-edit.tsx
FN:17,InlineEdit
FN:33,(anonymous_5)
FN:38,(anonymous_6)
FN:45,(anonymous_7)
FN:52,(anonymous_8)
FN:72,(anonymous_9)
FN:78,(anonymous_10)
FN:91,(anonymous_11)
FN:105,(anonymous_12)
FNF:9
FNH:0
FNDA:0,InlineEdit
FNDA:0,(anonymous_5)
FNDA:0,(anonymous_6)
FNDA:0,(anonymous_7)
FNDA:0,(anonymous_8)
FNDA:0,(anonymous_9)
FNDA:0,(anonymous_10)
FNDA:0,(anonymous_11)
FNDA:0,(anonymous_12)
DA:3,0
DA:4,0
DA:17,0
DA:27,0
DA:28,0
DA:29,0
DA:30,0
DA:33,0
DA:34,0
DA:38,0
DA:39,0
DA:40,0
DA:41,0
DA:45,0
DA:46,0
DA:47,0
DA:48,0
DA:52,0
DA:53,0
DA:55,0
DA:56,0
DA:59,0
DA:60,0
DA:61,0
DA:62,0
DA:64,0
DA:66,0
DA:68,0
DA:72,0
DA:73,0
DA:74,0
DA:75,0
DA:78,0
DA:79,0
DA:80,0
DA:81,0
DA:82,0
DA:83,0
DA:84,0
DA:85,0
DA:86,0
DA:87,0
DA:91,0
DA:93,0
DA:94,0
DA:98,0
DA:99,0
DA:105,0
LF:48
LH:0
BRDA:24,0,0,0
BRDA:25,1,0,0
BRDA:39,2,0,0
BRDA:39,3,0,0
BRDA:39,3,1,0
BRDA:46,4,0,0
BRDA:53,5,0,0
BRDA:79,6,0,0
BRDA:79,6,1,0
BRDA:79,7,0,0
BRDA:79,7,1,0
BRDA:82,8,0,0
BRDA:82,8,1,0
BRDA:82,9,0,0
BRDA:82,9,1,0
BRDA:82,9,2,0
BRDA:82,9,3,0
BRDA:85,10,0,0
BRDA:93,11,0,0
BRDA:93,12,0,0
BRDA:93,12,1,0
BRDA:98,13,0,0
BRDA:99,14,0,0
BRDA:99,14,1,0
BRDA:114,15,0,0
BRDA:114,15,1,0
BRDA:117,16,0,0
BRDA:117,16,1,0
BRDA:128,17,0,0
BRDA:128,17,1,0
BRDA:131,18,0,0
BRDA:131,18,1,0
BRDA:133,19,0,0
BRDA:135,20,0,0
BRDA:135,20,1,0
BRF:35
BRH:0
end_of_record
TN:
SF:src/components/ui/input.tsx
FN:12,(anonymous_4)
FNF:1
FNH:0
FNDA:0,(anonymous_4)
DA:1,0
DA:2,0
DA:11,0
DA:45,0
DA:47,0
LF:5
LH:0
BRDA:15,0,0,0
BRDA:24,1,0,0
BRDA:24,1,1,0
BRDA:25,2,0,0
BRDA:25,2,1,0
BRDA:26,3,0,0
BRDA:26,3,1,0
BRDA:32,4,0,0
BRDA:37,5,0,0
BRF:9
BRH:0
end_of_record
TN:
SF:src/components/ui/label.tsx
FNF:0
FNH:0
DA:3,0
DA:4,0
DA:5,0
DA:7,0
DA:9,0
DA:24,0
DA:26,0
LF:7
LH:0
BRF:0
BRH:0
end_of_record
TN:
SF:src/components/ui/pagination.tsx
FN:17,Pagination
FN:34,(anonymous_7)
FN:79,(anonymous_8)
FN:96,(anonymous_9)
FN:135,usePagination
FN:140,(anonymous_11)
FN:145,(anonymous_12)
FN:150,(anonymous_13)
FNF:8
FNH:0
FNDA:0,Pagination
FNDA:0,(anonymous_7)
FNDA:0,(anonymous_8)
FNDA:0,(anonymous_9)
FNDA:0,usePagination
FNDA:0,(anonymous_11)
FNDA:0,(anonymous_12)
FNDA:0,(anonymous_13)
DA:3,0
DA:4,0
DA:5,0
DA:17,0
DA:26,0
DA:29,0
DA:30,0
DA:34,0
DA:35,0
DA:36,0
DA:38,0
DA:40,0
DA:41,0
DA:45,0
DA:46,0
DA:49,0
DA:50,0
DA:51,0
DA:52,0
DA:57,0
DA:58,0
DA:62,0
DA:63,0
DA:64,0
DA:66,0
DA:70,0
DA:73,0
DA:80,0
DA:82,0
DA:89,0
DA:91,0
DA:96,0
DA:135,0
DA:136,0
DA:137,0
DA:138,0
DA:140,0
DA:141,0
DA:142,0
DA:145,0
DA:146,0
DA:147,0
DA:150,0
DA:151,0
DA:152,0
DA:156,0
DA:157,0
DA:159,0
LF:48
LH:0
BRDA:29,0,0,0
BRDA:29,1,0,0
BRDA:29,1,1,0
BRDA:38,2,0,0
BRDA:38,2,1,0
BRDA:49,3,0,0
BRDA:51,4,0,0
BRDA:62,5,0,0
BRDA:63,6,0,0
BRDA:80,7,0,0
BRDA:80,8,0,0
BRDA:80,8,1,0
BRDA:89,9,0,0
BRDA:89,9,1,0
BRDA:94,10,0,0
BRDA:94,10,1,0
BRDA:99,11,0,0
BRDA:99,11,1,0
BRDA:111,12,0,0
BRDA:111,12,1,0
BRDA:116,13,0,0
BRDA:116,13,1,0
BRDA:125,14,0,0
BRDA:125,14,1,0
BRDA:135,15,0,0
BRDA:156,16,0,0
BRDA:156,16,1,0
BRDA:157,17,0,0
BRDA:157,17,1,0
BRF:29
BRH:0
end_of_record
TN:
SF:src/components/ui/resizable-table.tsx
FN:22,ResizableTable
FN:29,(anonymous_7)
FN:31,(anonymous_8)
FN:43,(anonymous_9)
FN:53,(anonymous_10)
FN:63,(anonymous_11)
FN:73,(anonymous_12)
FN:81,(anonymous_13)
FN:88,(anonymous_14)
FN:95,(anonymous_15)
FN:110,(anonymous_16)
FN:118,(anonymous_17)
FN:129,(anonymous_18)
FN:130,(anonymous_19)
FN:137,(anonymous_20)
FN:150,(anonymous_21)
FN:159,(anonymous_22)
FN:168,(anonymous_23)
FN:188,(anonymous_24)
FN:212,(anonymous_25)
FN:232,useResizableColumns
FN:237,(anonymous_27)
FN:239,(anonymous_28)
FN:240,(anonymous_29)
FN:246,(anonymous_30)
FN:247,(anonymous_31)
FN:256,(anonymous_32)
FN:256,(anonymous_33)
FN:261,(anonymous_34)
FN:272,(anonymous_35)
FN:290,(anonymous_36)
FN:294,(anonymous_37)
FN:295,(anonymous_38)
FN:301,(anonymous_39)
FN:307,(anonymous_40)
FN:308,(anonymous_41)
FN:319,(anonymous_42)
FN:327,(anonymous_43)
FN:330,(anonymous_44)
FN:331,(anonymous_45)
FNF:40
FNH:0
FNDA:0,ResizableTable
FNDA:0,(anonymous_7)
FNDA:0,(anonymous_8)
FNDA:0,(anonymous_9)
FNDA:0,(anonymous_10)
FNDA:0,(anonymous_11)
FNDA:0,(anonymous_12)
FNDA:0,(anonymous_13)
FNDA:0,(anonymous_14)
FNDA:0,(anonymous_15)
FNDA:0,(anonymous_16)
FNDA:0,(anonymous_17)
FNDA:0,(anonymous_18)
FNDA:0,(anonymous_19)
FNDA:0,(anonymous_20)
FNDA:0,(anonymous_21)
FNDA:0,(anonymous_22)
FNDA:0,(anonymous_23)
FNDA:0,(anonymous_24)
FNDA:0,(anonymous_25)
FNDA:0,useResizableColumns
FNDA:0,(anonymous_27)
FNDA:0,(anonymous_28)
FNDA:0,(anonymous_29)
FNDA:0,(anonymous_30)
FNDA:0,(anonymous_31)
FNDA:0,(anonymous_32)
FNDA:0,(anonymous_33)
FNDA:0,(anonymous_34)
FNDA:0,(anonymous_35)
FNDA:0,(anonymous_36)
FNDA:0,(anonymous_37)
FNDA:0,(anonymous_38)
FNDA:0,(anonymous_39)
FNDA:0,(anonymous_40)
FNDA:0,(anonymous_41)
FNDA:0,(anonymous_42)
FNDA:0,(anonymous_43)
FNDA:0,(anonymous_44)
FNDA:0,(anonymous_45)
DA:3,0
DA:4,0
DA:5,0
DA:6,0
DA:22,0
DA:29,0
DA:30,0
DA:31,0
DA:32,0
DA:34,0
DA:37,0
DA:38,0
DA:39,0
DA:40,0
DA:41,0
DA:43,0
DA:44,0
DA:45,0
DA:46,0
DA:48,0
DA:53,0
DA:54,0
DA:55,0
DA:56,0
DA:58,0
DA:63,0
DA:64,0
DA:65,0
DA:66,0
DA:67,0
DA:68,0
DA:69,0
DA:70,0
DA:73,0
DA:74,0
DA:76,0
DA:78,0
DA:79,0
DA:81,0
DA:82,0
DA:83,0
DA:88,0
DA:95,0
DA:96,0
DA:97,0
DA:98,0
DA:99,0
DA:100,0
DA:102,0
DA:105,0
DA:106,0
DA:110,0
DA:111,0
DA:112,0
DA:113,0
DA:114,0
DA:115,0
DA:116,0
DA:118,0
DA:119,0
DA:120,0
DA:121,0
DA:122,0
DA:123,0
DA:129,0
DA:130,0
DA:131,0
DA:132,0
DA:137,0
DA:138,0
DA:139,0
DA:151,0
DA:160,0
DA:168,0
DA:188,0
DA:212,0
DA:232,0
DA:233,0
DA:234,0
DA:237,0
DA:238,0
DA:239,0
DA:240,0
DA:242,0
DA:245,0
DA:246,0
DA:247,0
DA:250,0
DA:253,0
DA:254,0
DA:255,0
DA:256,0
DA:260,0
DA:261,0
DA:263,0
DA:265,0
DA:270,0
DA:271,0
DA:272,0
DA:277,0
DA:281,0
DA:283,0
DA:284,0
DA:286,0
DA:290,0
DA:291,0
DA:294,0
DA:295,0
DA:296,0
DA:298,0
DA:301,0
DA:302,0
DA:303,0
DA:306,0
DA:307,0
DA:308,0
DA:310,0
DA:311,0
DA:313,0
DA:315,0
DA:319,0
DA:320,0
DA:321,0
DA:322,0
DA:324,0
DA:327,0
DA:329,0
DA:330,0
DA:331,0
DA:333,0
DA:334,0
DA:336,0
DA:338,0
DA:342,0
LF:134
LH:0
BRDA:32,0,0,0
BRDA:32,0,1,0
BRDA:44,1,0,0
BRDA:44,2,0,0
BRDA:44,2,1,0
BRDA:48,3,0,0
BRDA:48,3,1,0
BRDA:54,4,0,0
BRDA:54,5,0,0
BRDA:54,5,1,0
BRDA:58,6,0,0
BRDA:58,6,1,0
BRDA:74,7,0,0
BRDA:74,8,0,0
BRDA:74,8,1,0
BRDA:82,9,0,0
BRDA:84,10,0,0
BRDA:84,10,1,0
BRDA:85,11,0,0
BRDA:85,11,1,0
BRDA:97,12,0,0
BRDA:97,13,0,0
BRDA:97,13,1,0
BRDA:102,14,0,0
BRDA:102,14,1,0
BRDA:111,15,0,0
BRDA:111,16,0,0
BRDA:111,16,1,0
BRDA:146,17,0,0
BRDA:146,17,1,0
BRDA:172,18,0,0
BRDA:172,18,1,0
BRDA:192,19,0,0
BRDA:192,19,1,0
BRDA:204,20,0,0
BRDA:210,21,0,0
BRDA:210,21,1,0
BRDA:253,22,0,0
BRDA:253,23,0,0
BRDA:253,23,1,0
BRDA:270,24,0,0
BRDA:270,25,0,0
BRDA:270,25,1,0
BRDA:274,26,0,0
BRDA:274,26,1,0
BRDA:274,26,2,0
BRDA:296,27,0,0
BRDA:296,27,1,0
BRDA:302,28,0,0
BRDA:302,28,1,0
BRF:50
BRH:0
end_of_record
TN:
SF:src/components/ui/user-profile-menu.tsx
FN:45,UserProfileMenu
FN:56,(anonymous_5)
FN:71,(anonymous_6)
FN:85,(anonymous_7)
FN:108,(anonymous_8)
FN:120,(anonymous_9)
FN:129,(anonymous_10)
FNF:7
FNH:0
FNDA:0,UserProfileMenu
FNDA:0,(anonymous_5)
FNDA:0,(anonymous_6)
FNDA:0,(anonymous_7)
FNDA:0,(anonymous_8)
FNDA:0,(anonymous_9)
FNDA:0,(anonymous_10)
DA:3,0
DA:4,0
DA:12,0
DA:19,0
DA:20,0
DA:21,0
DA:26,0
DA:29,0
DA:45,0
DA:51,0
DA:52,0
DA:53,0
DA:54,0
DA:56,0
DA:57,0
DA:58,0
DA:59,0
DA:60,0
DA:61,0
DA:62,0
DA:63,0
DA:65,0
DA:67,0
DA:71,0
DA:72,0
DA:73,0
DA:75,0
DA:79,0
DA:85,0
DA:108,0
DA:120,0
DA:129,0
LF:32
LH:0
BRDA:49,0,0,0
BRDA:79,1,0,0
BRDA:136,2,0,0
BRDA:136,2,1,0
BRDA:136,2,2,0
BRDA:138,3,0,0
BRDA:138,3,1,0
BRDA:153,4,0,0
BRDA:155,5,0,0
BRDA:155,5,1,0
BRDA:169,6,0,0
BRDA:169,6,1,0
BRF:12
BRH:0
end_of_record
TN:
SF:src/contexts/auth-context.tsx
FN:23,useAuth
FN:35,AuthProvider
FN:43,(anonymous_8)
FN:47,(anonymous_9)
FN:79,(anonymous_10)
FN:108,(anonymous_11)
FN:118,(anonymous_12)
FN:131,(anonymous_13)
FN:140,(anonymous_14)
FN:166,(anonymous_15)
FNF:10
FNH:8
FNDA:34,useAuth
FNDA:31,AuthProvider
FNDA:13,(anonymous_8)
FNDA:13,(anonymous_9)
FNDA:4,(anonymous_10)
FNDA:4,(anonymous_11)
FNDA:1,(anonymous_12)
FNDA:1,(anonymous_13)
FNDA:0,(anonymous_14)
FNDA:0,(anonymous_15)
DA:3,1
DA:21,1
DA:23,34
DA:24,34
DA:25,33
DA:26,2
DA:28,31
DA:35,13
DA:36,31
DA:37,31
DA:40,31
DA:43,31
DA:44,13
DA:47,31
DA:48,13
DA:50,13
DA:51,13
DA:53,13
DA:54,7
DA:55,5
DA:58,5
DA:60,5
DA:61,3
DA:62,3
DA:65,2
DA:66,2
DA:70,2
DA:72,2
DA:73,2
DA:75,13
DA:79,31
DA:80,4
DA:81,4
DA:82,4
DA:85,4
DA:86,4
DA:94,4
DA:100,4
DA:101,4
DA:102,4
DA:104,4
DA:105,4
DA:108,4
DA:110,0
DA:111,0
DA:113,2
DA:114,2
DA:118,31
DA:119,1
DA:120,1
DA:122,1
DA:125,1
DA:126,1
DA:128,1
DA:131,1
DA:133,0
DA:134,0
DA:136,1
DA:140,31
DA:141,0
DA:142,0
DA:144,0
DA:145,0
DA:153,0
DA:159,0
DA:160,0
DA:161,0
DA:163,0
DA:166,0
DA:168,0
DA:169,0
DA:171,0
DA:175,31
LF:73
LH:56
BRDA:25,0,0,2
BRDA:53,1,0,7
BRDA:53,2,0,13
BRDA:53,2,1,7
BRDA:58,3,0,5
BRDA:58,3,1,5
BRDA:60,4,0,3
BRDA:60,4,1,2
BRDA:148,5,0,0
BRDA:148,5,1,0
BRF:10
BRH:8
end_of_record
TN:
SF:src/hooks/use-keyboard-shortcuts.ts
FN:20,useKeyboardShortcuts
FN:28,(anonymous_4)
FN:29,(anonymous_5)
FN:67,(anonymous_6)
FN:76,useSearchFieldRef
FN:80,(anonymous_8)
FN:85,(anonymous_9)
FNF:7
FNH:7
FNDA:7,useKeyboardShortcuts
FNDA:7,(anonymous_4)
FNDA:9,(anonymous_5)
FNDA:7,(anonymous_6)
FNDA:3,useSearchFieldRef
FNDA:1,(anonymous_8)
FNDA:1,(anonymous_9)
DA:3,1
DA:20,7
DA:26,7
DA:28,7
DA:29,7
DA:31,9
DA:32,2
DA:34,2
DA:35,1
DA:37,1
DA:38,1
DA:40,1
DA:41,1
DA:43,2
DA:47,7
DA:48,2
DA:50,2
DA:51,1
DA:53,1
DA:54,1
DA:56,1
DA:57,1
DA:59,2
DA:64,7
DA:67,7
DA:68,7
DA:76,3
DA:77,3
DA:79,3
DA:81,1
DA:82,1
DA:86,1
DA:87,1
DA:92,3
LF:34
LH:34
BRDA:20,0,0,0
BRDA:31,1,0,2
BRDA:31,2,0,9
BRDA:31,2,1,7
BRDA:31,2,2,3
BRDA:31,2,3,2
BRDA:31,2,4,2
BRDA:34,3,0,1
BRDA:34,3,1,1
BRDA:37,4,0,1
BRDA:40,5,0,1
BRDA:47,6,0,2
BRDA:47,7,0,7
BRDA:47,7,1,5
BRDA:47,7,2,3
BRDA:47,7,3,2
BRDA:47,7,4,2
BRDA:50,8,0,1
BRDA:50,8,1,1
BRDA:53,9,0,1
BRDA:56,10,0,1
BRDA:81,11,0,1
BRDA:86,12,0,1
BRF:23
BRH:22
end_of_record
TN:
SF:src/hooks/use-mutations.ts
FN:15,(anonymous_5)
FN:17,(anonymous_6)
FN:18,(anonymous_7)
FN:22,(anonymous_8)
FN:29,(anonymous_9)
FN:31,(anonymous_10)
FN:35,(anonymous_11)
FN:42,(anonymous_12)
FN:43,(anonymous_13)
FN:47,(anonymous_14)
FN:54,(anonymous_15)
FN:55,(anonymous_16)
FN:59,(anonymous_17)
FN:63,(anonymous_18)
FN:72,(anonymous_19)
FN:73,(anonymous_20)
FN:77,(anonymous_21)
FN:81,(anonymous_22)
FN:90,(anonymous_23)
FN:91,(anonymous_24)
FN:95,(anonymous_25)
FN:112,(anonymous_26)
FN:114,(anonymous_27)
FN:115,(anonymous_28)
FN:119,(anonymous_29)
FN:126,(anonymous_30)
FN:128,(anonymous_31)
FN:132,(anonymous_32)
FN:139,(anonymous_33)
FN:140,(anonymous_34)
FN:144,(anonymous_35)
FN:151,(anonymous_36)
FN:152,(anonymous_37)
FN:156,(anonymous_38)
FN:160,(anonymous_39)
FN:177,(anonymous_40)
FN:179,(anonymous_41)
FN:180,(anonymous_42)
FN:184,(anonymous_43)
FN:191,(anonymous_44)
FN:193,(anonymous_45)
FN:197,(anonymous_46)
FN:204,(anonymous_47)
FN:205,(anonymous_48)
FN:209,(anonymous_49)
FN:223,(anonymous_50)
FN:225,(anonymous_51)
FN:227,(anonymous_52)
FN:230,(anonymous_53)
FN:237,(anonymous_54)
FN:239,(anonymous_55)
FN:243,(anonymous_56)
FN:250,(anonymous_57)
FN:252,(anonymous_58)
FN:256,(anonymous_59)
FN:263,(anonymous_60)
FN:264,(anonymous_61)
FN:268,(anonymous_62)
FNF:58
FNH:0
FNDA:0,(anonymous_5)
FNDA:0,(anonymous_6)
FNDA:0,(anonymous_7)
FNDA:0,(anonymous_8)
FNDA:0,(anonymous_9)
FNDA:0,(anonymous_10)
FNDA:0,(anonymous_11)
FNDA:0,(anonymous_12)
FNDA:0,(anonymous_13)
FNDA:0,(anonymous_14)
FNDA:0,(anonymous_15)
FNDA:0,(anonymous_16)
FNDA:0,(anonymous_17)
FNDA:0,(anonymous_18)
FNDA:0,(anonymous_19)
FNDA:0,(anonymous_20)
FNDA:0,(anonymous_21)
FNDA:0,(anonymous_22)
FNDA:0,(anonymous_23)
FNDA:0,(anonymous_24)
FNDA:0,(anonymous_25)
FNDA:0,(anonymous_26)
FNDA:0,(anonymous_27)
FNDA:0,(anonymous_28)
FNDA:0,(anonymous_29)
FNDA:0,(anonymous_30)
FNDA:0,(anonymous_31)
FNDA:0,(anonymous_32)
FNDA:0,(anonymous_33)
FNDA:0,(anonymous_34)
FNDA:0,(anonymous_35)
FNDA:0,(anonymous_36)
FNDA:0,(anonymous_37)
FNDA:0,(anonymous_38)
FNDA:0,(anonymous_39)
FNDA:0,(anonymous_40)
FNDA:0,(anonymous_41)
FNDA:0,(anonymous_42)
FNDA:0,(anonymous_43)
FNDA:0,(anonymous_44)
FNDA:0,(anonymous_45)
FNDA:0,(anonymous_46)
FNDA:0,(anonymous_47)
FNDA:0,(anonymous_48)
FNDA:0,(anonymous_49)
FNDA:0,(anonymous_50)
FNDA:0,(anonymous_51)
FNDA:0,(anonymous_52)
FNDA:0,(anonymous_53)
FNDA:0,(anonymous_54)
FNDA:0,(anonymous_55)
FNDA:0,(anonymous_56)
FNDA:0,(anonymous_57)
FNDA:0,(anonymous_58)
FNDA:0,(anonymous_59)
FNDA:0,(anonymous_60)
FNDA:0,(anonymous_61)
FNDA:0,(anonymous_62)
DA:1,0
DA:2,0
DA:3,0
DA:4,0
DA:15,0
DA:16,0
DA:17,0
DA:19,0
DA:20,0
DA:23,0
DA:24,0
DA:28,0
DA:30,0
DA:32,0
DA:33,0
DA:36,0
DA:37,0
DA:41,0
DA:42,0
DA:44,0
DA:45,0
DA:48,0
DA:49,0
DA:53,0
DA:54,0
DA:57,0
DA:60,0
DA:61,0
DA:65,0
DA:66,0
DA:67,0
DA:71,0
DA:72,0
DA:75,0
DA:78,0
DA:79,0
DA:83,0
DA:84,0
DA:85,0
DA:89,0
DA:90,0
DA:92,0
DA:93,0
DA:96,0
DA:97,0
DA:101,0
DA:112,0
DA:113,0
DA:114,0
DA:116,0
DA:117,0
DA:120,0
DA:121,0
DA:125,0
DA:127,0
DA:129,0
DA:130,0
DA:133,0
DA:134,0
DA:138,0
DA:139,0
DA:141,0
DA:142,0
DA:145,0
DA:146,0
DA:150,0
DA:151,0
DA:154,0
DA:157,0
DA:158,0
DA:162,0
DA:163,0
DA:164,0
DA:168,0
DA:177,0
DA:178,0
DA:179,0
DA:181,0
DA:182,0
DA:185,0
DA:186,0
DA:190,0
DA:192,0
DA:194,0
DA:195,0
DA:198,0
DA:199,0
DA:203,0
DA:204,0
DA:206,0
DA:207,0
DA:210,0
DA:211,0
DA:215,0
DA:223,0
DA:224,0
DA:226,0
DA:228,0
DA:231,0
DA:232,0
DA:236,0
DA:238,0
DA:240,0
DA:241,0
DA:244,0
DA:245,0
DA:249,0
DA:251,0
DA:253,0
DA:254,0
DA:257,0
DA:258,0
DA:262,0
DA:263,0
DA:265,0
DA:266,0
DA:269,0
DA:270,0
DA:274,0
LF:119
LH:0
BRF:0
BRH:0
end_of_record
TN:
SF:src/lib/api.ts
FN:42,(anonymous_7)
FN:51,(anonymous_8)
FN:58,(anonymous_9)
FN:61,(anonymous_10)
FN:86,(anonymous_11)
FN:93,(anonymous_12)
FN:98,(anonymous_13)
FN:103,(anonymous_14)
FN:111,(anonymous_15)
FN:116,(anonymous_16)
FN:121,(anonymous_17)
FN:126,(anonymous_18)
FN:131,(anonymous_19)
FN:135,(anonymous_20)
FN:143,(anonymous_21)
FN:156,(anonymous_22)
FN:161,(anonymous_23)
FN:166,(anonymous_24)
FN:171,(anonymous_25)
FN:175,(anonymous_26)
FN:180,(anonymous_27)
FN:185,(anonymous_28)
FN:193,(anonymous_29)
FN:212,(anonymous_30)
FN:217,(anonymous_31)
FN:222,(anonymous_32)
FN:227,(anonymous_33)
FN:231,(anonymous_34)
FN:236,(anonymous_35)
FN:241,(anonymous_36)
FN:246,(anonymous_37)
FN:251,(anonymous_38)
FN:256,(anonymous_39)
FN:261,(anonymous_40)
FN:268,(anonymous_41)
FN:273,(anonymous_42)
FN:281,(anonymous_43)
FN:292,(anonymous_44)
FN:301,(anonymous_45)
FN:308,(anonymous_46)
FN:314,(anonymous_47)
FN:320,(anonymous_48)
FN:325,(anonymous_49)
FN:330,(anonymous_50)
FN:335,(anonymous_51)
FN:345,(anonymous_52)
FN:354,(anonymous_53)
FN:361,(anonymous_54)
FN:372,(anonymous_55)
FN:378,(anonymous_56)
FNF:50
FNH:0
FNDA:0,(anonymous_7)
FNDA:0,(anonymous_8)
FNDA:0,(anonymous_9)
FNDA:0,(anonymous_10)
FNDA:0,(anonymous_11)
FNDA:0,(anonymous_12)
FNDA:0,(anonymous_13)
FNDA:0,(anonymous_14)
FNDA:0,(anonymous_15)
FNDA:0,(anonymous_16)
FNDA:0,(anonymous_17)
FNDA:0,(anonymous_18)
FNDA:0,(anonymous_19)
FNDA:0,(anonymous_20)
FNDA:0,(anonymous_21)
FNDA:0,(anonymous_22)
FNDA:0,(anonymous_23)
FNDA:0,(anonymous_24)
FNDA:0,(anonymous_25)
FNDA:0,(anonymous_26)
FNDA:0,(anonymous_27)
FNDA:0,(anonymous_28)
FNDA:0,(anonymous_29)
FNDA:0,(anonymous_30)
FNDA:0,(anonymous_31)
FNDA:0,(anonymous_32)
FNDA:0,(anonymous_33)
FNDA:0,(anonymous_34)
FNDA:0,(anonymous_35)
FNDA:0,(anonymous_36)
FNDA:0,(anonymous_37)
FNDA:0,(anonymous_38)
FNDA:0,(anonymous_39)
FNDA:0,(anonymous_40)
FNDA:0,(anonymous_41)
FNDA:0,(anonymous_42)
FNDA:0,(anonymous_43)
FNDA:0,(anonymous_44)
FNDA:0,(anonymous_45)
FNDA:0,(anonymous_46)
FNDA:0,(anonymous_47)
FNDA:0,(anonymous_48)
FNDA:0,(anonymous_49)
FNDA:0,(anonymous_50)
FNDA:0,(anonymous_51)
FNDA:0,(anonymous_52)
FNDA:0,(anonymous_53)
FNDA:0,(anonymous_54)
FNDA:0,(anonymous_55)
FNDA:0,(anonymous_56)
DA:1,0
DA:2,0
DA:29,0
DA:32,0
DA:41,0
DA:47,0
DA:49,0
DA:52,0
DA:57,0
DA:59,0
DA:63,0
DA:65,0
DA:67,0
DA:68,0
DA:69,0
DA:70,0
DA:71,0
DA:72,0
DA:73,0
DA:74,0
DA:75,0
DA:76,0
DA:79,0
DA:84,0
DA:87,0
DA:88,0
DA:94,0
DA:95,0
DA:99,0
DA:100,0
DA:104,0
DA:105,0
DA:112,0
DA:113,0
DA:117,0
DA:118,0
DA:122,0
DA:123,0
DA:127,0
DA:128,0
DA:132,0
DA:136,0
DA:137,0
DA:152,0
DA:153,0
DA:157,0
DA:158,0
DA:162,0
DA:163,0
DA:167,0
DA:168,0
DA:172,0
DA:176,0
DA:177,0
DA:181,0
DA:182,0
DA:186,0
DA:187,0
DA:208,0
DA:209,0
DA:213,0
DA:214,0
DA:218,0
DA:219,0
DA:223,0
DA:224,0
DA:228,0
DA:232,0
DA:233,0
DA:237,0
DA:238,0
DA:242,0
DA:243,0
DA:247,0
DA:248,0
DA:252,0
DA:253,0
DA:257,0
DA:258,0
DA:262,0
DA:269,0
DA:270,0
DA:274,0
DA:275,0
DA:282,0
DA:286,0
DA:293,0
DA:294,0
DA:302,0
DA:303,0
DA:304,0
DA:309,0
DA:310,0
DA:315,0
DA:316,0
DA:321,0
DA:326,0
DA:331,0
DA:336,0
DA:342,0
DA:345,0
DA:346,0
DA:347,0
DA:348,0
DA:350,0
DA:354,0
DA:359,0
DA:361,0
DA:362,0
DA:363,0
DA:366,0
DA:367,0
DA:368,0
DA:372,0
DA:377,0
DA:378,0
LF:116
LH:0
BRDA:63,0,0,0
BRDA:63,0,1,0
BRDA:67,1,0,0
BRDA:67,1,1,0
BRDA:69,2,0,0
BRDA:69,2,1,0
BRDA:71,3,0,0
BRDA:71,3,1,0
BRDA:71,4,0,0
BRDA:71,4,1,0
BRDA:73,5,0,0
BRDA:73,5,1,0
BRDA:75,6,0,0
BRDA:284,7,0,0
BRDA:284,7,1,0
BRDA:302,8,0,0
BRDA:302,8,1,0
BRDA:346,9,0,0
BRDA:348,10,0,0
BRDA:348,10,1,0
BRDA:348,10,2,0
BRDA:357,11,0,0
BRDA:359,12,0,0
BRDA:362,13,0,0
BRDA:375,14,0,0
BRDA:377,15,0,0
BRF:26
BRH:0
end_of_record
TN:
SF:src/lib/backend-client.ts
FN:14,isAuthenticationRequired
FN:31,backendRequest
FN:109,(anonymous_6)
FN:114,(anonymous_7)
FN:117,(anonymous_8)
FN:120,(anonymous_9)
FN:123,(anonymous_10)
FN:126,(anonymous_11)
FN:131,(anonymous_12)
FN:134,(anonymous_13)
FN:137,(anonymous_14)
FN:140,(anonymous_15)
FN:143,(anonymous_16)
FN:146,(anonymous_17)
FN:151,(anonymous_18)
FN:159,getBackendConfig
FNF:16
FNH:0
FNDA:0,isAuthenticationRequired
FNDA:0,backendRequest
FNDA:0,(anonymous_6)
FNDA:0,(anonymous_7)
FNDA:0,(anonymous_8)
FNDA:0,(anonymous_9)
FNDA:0,(anonymous_10)
FNDA:0,(anonymous_11)
FNDA:0,(anonymous_12)
FNDA:0,(anonymous_13)
FNDA:0,(anonymous_14)
FNDA:0,(anonymous_15)
FNDA:0,(anonymous_16)
FNDA:0,(anonymous_17)
FNDA:0,(anonymous_18)
FNDA:0,getBackendConfig
DA:9,0
DA:10,0
DA:11,0
DA:15,0
DA:16,0
DA:31,0
DA:35,0
DA:38,0
DA:39,0
DA:42,0
DA:43,0
DA:47,0
DA:48,0
DA:51,0
DA:52,0
DA:59,0
DA:61,0
DA:62,0
DA:64,0
DA:65,0
DA:67,0
DA:70,0
DA:78,0
DA:79,0
DA:80,0
DA:88,0
DA:91,0
DA:92,0
DA:95,0
DA:100,0
DA:107,0
DA:110,0
DA:115,0
DA:118,0
DA:121,0
DA:124,0
DA:127,0
DA:132,0
DA:135,0
DA:138,0
DA:141,0
DA:144,0
DA:147,0
DA:152,0
DA:159,0
DA:161,0
DA:162,0
DA:165,0
LF:48
LH:0
BRDA:9,0,0,0
BRDA:9,0,1,0
BRDA:11,1,0,0
BRDA:11,1,1,0
BRDA:16,2,0,0
BRDA:16,2,1,0
BRDA:33,3,0,0
BRDA:35,4,0,0
BRDA:35,5,0,0
BRDA:35,6,0,0
BRDA:38,7,0,0
BRDA:47,8,0,0
BRDA:47,9,0,0
BRDA:47,9,1,0
BRDA:59,10,0,0
BRDA:59,10,1,0
BRDA:59,11,0,0
BRDA:59,11,1,0
BRDA:62,12,0,0
BRDA:64,13,0,0
BRDA:73,14,0,0
BRDA:73,14,1,0
BRDA:78,15,0,0
BRDA:98,16,0,0
BRDA:98,16,1,0
BRDA:115,17,0,0
BRDA:115,17,1,0
BRDA:132,18,0,0
BRDA:132,18,1,0
BRDA:152,19,0,0
BRDA:152,19,1,0
BRDA:161,20,0,0
BRF:32
BRH:0
end_of_record
TN:
SF:src/lib/cache-utils.ts
FN:16,(anonymous_3)
FN:21,(anonymous_4)
FN:68,(anonymous_5)
FN:121,(anonymous_6)
FN:156,(anonymous_7)
FN:181,(anonymous_8)
FN:186,(anonymous_9)
FN:196,(anonymous_10)
FN:209,(anonymous_11)
FN:213,(anonymous_12)
FN:219,(anonymous_13)
FN:231,(anonymous_14)
FN:233,(anonymous_15)
FN:245,(anonymous_16)
FN:249,(anonymous_17)
FN:255,(anonymous_18)
FN:268,(anonymous_19)
FN:276,(anonymous_20)
FN:282,(anonymous_21)
FN:283,(anonymous_22)
FN:284,(anonymous_23)
FN:285,(anonymous_24)
FN:286,(anonymous_25)
FN:296,(anonymous_26)
FNF:24
FNH:0
FNDA:0,(anonymous_3)
FNDA:0,(anonymous_4)
FNDA:0,(anonymous_5)
FNDA:0,(anonymous_6)
FNDA:0,(anonymous_7)
FNDA:0,(anonymous_8)
FNDA:0,(anonymous_9)
FNDA:0,(anonymous_10)
FNDA:0,(anonymous_11)
FNDA:0,(anonymous_12)
FNDA:0,(anonymous_13)
FNDA:0,(anonymous_14)
FNDA:0,(anonymous_15)
FNDA:0,(anonymous_16)
FNDA:0,(anonymous_17)
FNDA:0,(anonymous_18)
FNDA:0,(anonymous_19)
FNDA:0,(anonymous_20)
FNDA:0,(anonymous_21)
FNDA:0,(anonymous_22)
FNDA:0,(anonymous_23)
FNDA:0,(anonymous_24)
FNDA:0,(anonymous_25)
FNDA:0,(anonymous_26)
DA:15,0
DA:16,0
DA:22,0
DA:26,0
DA:69,0
DA:73,0
DA:122,0
DA:126,0
DA:157,0
DA:161,0
DA:182,0
DA:183,0
DA:186,0
DA:187,0
DA:188,0
DA:192,0
DA:193,0
DA:195,0
DA:197,0
DA:211,0
DA:214,0
DA:216,0
DA:217,0
DA:220,0
DA:229,0
DA:232,0
DA:233,0
DA:234,0
DA:247,0
DA:250,0
DA:252,0
DA:253,0
DA:256,0
DA:269,0
DA:270,0
DA:277,0
DA:278,0
DA:280,0
DA:282,0
DA:283,0
DA:284,0
DA:285,0
DA:286,0
DA:289,0
DA:296,0
DA:297,0
LF:46
LH:0
BRDA:21,0,0,0
BRDA:23,1,0,0
BRDA:23,1,1,0
BRDA:56,2,0,0
BRDA:56,2,1,0
BRDA:68,3,0,0
BRDA:70,4,0,0
BRDA:70,4,1,0
BRDA:109,5,0,0
BRDA:109,5,1,0
BRDA:121,6,0,0
BRDA:123,7,0,0
BRDA:123,7,1,0
BRDA:144,8,0,0
BRDA:144,8,1,0
BRDA:156,9,0,0
BRDA:158,10,0,0
BRDA:158,10,1,0
BRDA:169,11,0,0
BRDA:169,11,1,0
BRDA:188,12,0,0
BRDA:188,12,1,0
BRDA:192,13,0,0
BRDA:214,14,0,0
BRDA:214,15,0,0
BRDA:214,15,1,0
BRDA:216,16,0,0
BRDA:216,16,1,0
BRDA:220,17,0,0
BRDA:220,17,1,0
BRDA:221,18,0,0
BRDA:221,18,1,0
BRDA:232,19,0,0
BRDA:234,20,0,0
BRDA:234,20,1,0
BRDA:235,21,0,0
BRDA:235,21,1,0
BRDA:250,22,0,0
BRDA:250,23,0,0
BRDA:250,23,1,0
BRDA:252,24,0,0
BRDA:252,24,1,0
BRDA:256,25,0,0
BRDA:256,25,1,0
BRDA:257,26,0,0
BRDA:257,26,1,0
BRDA:282,27,0,0
BRDA:282,27,1,0
BRDA:286,28,0,0
BRDA:286,28,1,0
BRF:50
BRH:0
end_of_record
TN:
SF:src/lib/device-utils.ts
FN:10,(anonymous_10)
FN:35,(anonymous_11)
FN:36,(anonymous_12)
FN:38,(anonymous_13)
FN:39,(anonymous_14)
FN:48,(anonymous_15)
FN:59,(anonymous_16)
FN:70,(anonymous_17)
FN:80,(anonymous_18)
FN:95,(anonymous_19)
FNF:10
FNH:0
FNDA:0,(anonymous_10)
FNDA:0,(anonymous_11)
FNDA:0,(anonymous_12)
FNDA:0,(anonymous_13)
FNDA:0,(anonymous_14)
FNDA:0,(anonymous_15)
FNDA:0,(anonymous_16)
FNDA:0,(anonymous_17)
FNDA:0,(anonymous_18)
FNDA:0,(anonymous_19)
DA:10,0
DA:11,0
DA:12,0
DA:15,0
DA:16,0
DA:19,0
DA:22,0
DA:25,0
DA:27,0
DA:28,0
DA:29,0
DA:35,0
DA:36,0
DA:38,0
DA:39,0
DA:40,0
DA:43,0
DA:46,0
DA:48,0
DA:49,0
DA:53,0
DA:59,0
DA:60,0
DA:70,0
DA:71,0
DA:73,0
DA:74,0
DA:80,0
DA:81,0
DA:83,0
DA:85,0
DA:88,0
DA:95,0
DA:96,0
DA:105,0
LF:35
LH:0
BRDA:11,0,0,0
BRDA:22,1,0,0
BRDA:22,1,1,0
BRDA:22,1,2,0
BRDA:25,2,0,0
BRDA:25,2,1,0
BRDA:27,3,0,0
BRDA:28,4,0,0
BRDA:71,5,0,0
BRDA:81,6,0,0
BRDA:81,6,1,0
BRDA:81,6,2,0
BRDA:81,6,3,0
BRDA:97,7,0,0
BRDA:97,7,1,0
BRDA:97,8,0,0
BRDA:97,8,1,0
BRDA:98,9,0,0
BRDA:98,9,1,0
BRDA:98,10,0,0
BRDA:98,10,1,0
BRDA:99,11,0,0
BRDA:99,11,1,0
BRDA:99,12,0,0
BRDA:99,12,1,0
BRDA:100,13,0,0
BRDA:100,13,1,0
BRDA:100,14,0,0
BRDA:100,14,1,0
BRF:29
BRH:0
end_of_record
TN:
SF:src/lib/session.ts
FN:24,getSessionFromRequest
FN:101,validateJwtToken
FN:143,createAuthHeaders
FN:160,isAuthenticationRequired
FNF:4
FNH:3
FNDA:13,getSessionFromRequest
FNDA:1,validateJwtToken
FNDA:0,createAuthHeaders
FNDA:4,isAuthenticationRequired
DA:9,1
DA:24,13
DA:25,13
DA:26,13
DA:27,13
DA:28,13
DA:32,13
DA:33,11
DA:44,2
DA:45,2
DA:46,0
DA:50,2
DA:51,2
DA:52,2
DA:53,2
DA:54,0
DA:59,2
DA:60,2
DA:61,2
DA:62,1
DA:67,2
DA:68,1
DA:69,1
DA:74,1
DA:75,1
DA:76,0
DA:77,0
DA:80,1
DA:88,0
DA:89,0
DA:105,1
DA:108,1
DA:109,1
DA:110,0
DA:112,1
DA:115,1
DA:116,1
DA:118,1
DA:119,0
DA:123,1
DA:124,1
DA:125,0
DA:126,0
DA:129,1
DA:135,0
DA:136,0
DA:143,0
DA:144,0
DA:146,0
DA:147,0
DA:150,0
DA:151,0
DA:154,0
DA:160,4
DA:161,4
DA:162,4
DA:163,4
DA:164,3
DA:166,1
LF:59
LH:40
BRDA:28,0,0,13
BRDA:28,0,1,12
BRDA:32,1,0,11
BRDA:45,2,0,0
BRDA:50,3,0,2
BRDA:52,4,0,2
BRDA:52,4,1,2
BRDA:53,5,0,0
BRDA:59,6,0,2
BRDA:61,7,0,1
BRDA:67,8,0,1
BRDA:75,9,0,0
BRDA:109,10,0,0
BRDA:115,11,0,1
BRDA:115,11,1,0
BRDA:118,12,0,0
BRDA:124,13,0,0
BRDA:124,14,0,1
BRDA:124,14,1,1
BRDA:146,15,0,0
BRDA:150,16,0,0
BRDA:164,17,0,3
BRDA:164,17,1,2
BRF:23
BRH:14
end_of_record
TN:
SF:src/lib/utils.ts
FN:8,cn
FN:15,formatDate
FN:23,formatRelativeDate
FN:42,getPriorityInfo
FN:62,getFieldColor
FN:88,truncateText
FN:96,getInitials
FN:100,(anonymous_25)
FN:109,debounce
FN:115,executedFunction
FN:116,(anonymous_28)
FN:129,isOverdue
FN:140,getTaskStatus
FN:178,formatFileSize
FN:191,generateId
FN:198,copyToClipboard
FN:224,isValidEmail
FN:232,getContrastColor
FN:235,(anonymous_36)
FN:242,parseSearchQuery
FN:266,multiSort
FN:270,(anonymous_39)
FNF:22
FNH:0
FNDA:0,cn
FNDA:0,formatDate
FNDA:0,formatRelativeDate
FNDA:0,getPriorityInfo
FNDA:0,getFieldColor
FNDA:0,truncateText
FNDA:0,getInitials
FNDA:0,(anonymous_25)
FNDA:0,debounce
FNDA:0,executedFunction
FNDA:0,(anonymous_28)
FNDA:0,isOverdue
FNDA:0,getTaskStatus
FNDA:0,formatFileSize
FNDA:0,generateId
FNDA:0,copyToClipboard
FNDA:0,isValidEmail
FNDA:0,getContrastColor
FNDA:0,(anonymous_36)
FNDA:0,parseSearchQuery
FNDA:0,multiSort
FNDA:0,(anonymous_39)
DA:1,0
DA:2,0
DA:3,0
DA:8,0
DA:9,0
DA:15,0
DA:16,0
DA:17,0
DA:23,0
DA:24,0
DA:26,0
DA:27,0
DA:29,0
DA:30,0
DA:32,0
DA:33,0
DA:36,0
DA:42,0
DA:43,0
DA:45,0
DA:47,0
DA:49,0
DA:51,0
DA:53,0
DA:55,0
DA:62,0
DA:63,0
DA:66,0
DA:67,0
DA:68,0
DA:71,0
DA:82,0
DA:88,0
DA:89,0
DA:90,0
DA:96,0
DA:97,0
DA:98,0
DA:100,0
DA:109,0
DA:115,0
DA:116,0
DA:117,0
DA:118,0
DA:121,0
DA:122,0
DA:129,0
DA:130,0
DA:131,0
DA:132,0
DA:133,0
DA:134,0
DA:140,0
DA:148,0
DA:149,0
DA:152,0
DA:153,0
DA:156,0
DA:157,0
DA:160,0
DA:161,0
DA:164,0
DA:165,0
DA:168,0
DA:169,0
DA:172,0
DA:178,0
DA:179,0
DA:181,0
DA:182,0
DA:183,0
DA:185,0
DA:191,0
DA:192,0
DA:198,0
DA:199,0
DA:200,0
DA:201,0
DA:204,0
DA:205,0
DA:206,0
DA:207,0
DA:208,0
DA:210,0
DA:211,0
DA:212,0
DA:213,0
DA:215,0
DA:216,0
DA:224,0
DA:225,0
DA:226,0
DA:232,0
DA:234,0
DA:235,0
DA:236,0
DA:242,0
DA:246,0
DA:247,0
DA:250,0
DA:253,0
DA:254,0
DA:255,0
DA:256,0
DA:260,0
DA:266,0
DA:270,0
DA:271,0
DA:272,0
DA:273,0
DA:275,0
LF:111
LH:0
BRDA:15,0,0,0
BRDA:16,1,0,0
BRDA:16,1,1,0
BRDA:24,2,0,0
BRDA:24,2,1,0
BRDA:26,3,0,0
BRDA:29,4,0,0
BRDA:32,5,0,0
BRDA:43,6,0,0
BRDA:43,6,1,0
BRDA:43,6,2,0
BRDA:43,6,3,0
BRDA:43,6,4,0
BRDA:43,6,5,0
BRDA:63,7,0,0
BRDA:82,8,0,0
BRDA:82,8,1,0
BRDA:88,9,0,0
BRDA:89,10,0,0
BRDA:97,11,0,0
BRDA:130,12,0,0
BRDA:130,13,0,0
BRDA:130,13,1,0
BRDA:148,14,0,0
BRDA:152,15,0,0
BRDA:156,16,0,0
BRDA:160,17,0,0
BRDA:164,18,0,0
BRDA:168,19,0,0
BRDA:179,20,0,0
BRDA:236,21,0,0
BRDA:236,21,1,0
BRDA:254,22,0,0
BRDA:254,23,0,0
BRDA:254,23,1,0
BRDA:273,24,0,0
BRF:36
BRH:0
end_of_record
